[1.792s] Invoking command in '/home/weichen/project/kachaka/kachaka_ws/src/demos/kachaka_smart_speaker': AMENT_PREFIX_PATH=/home/weichen/project/kachaka/kachaka_ws/install/kachaka_interfaces:${AMENT_PREFIX_PATH} CMAKE_PREFIX_PATH=/home/weichen/project/kachaka/kachaka_ws/install/kachaka_interfaces LD_LIBRARY_PATH=/home/weichen/project/kachaka/kachaka_ws/install/kachaka_interfaces/lib:${LD_LIBRARY_PATH} PYTHONPATH=/home/weichen/project/kachaka/kachaka_ws/build/kachaka_smart_speaker/prefix_override:/usr/lib/python3/dist-packages/colcon_core/task/python/colcon_distutils_commands:/home/weichen/project/kachaka/kachaka_ws/install/kachaka_smart_speaker/lib/python3.10/site-packages:/home/weichen/project/kachaka/kachaka_ws/install/kachaka_interfaces/local/lib/python3.10/dist-packages:${PYTHONPATH} /usr/bin/python3 -W ignore:setup.py install is deprecated -W ignore:easy_install command is deprecated setup.py egg_info --egg-base ../../../build/kachaka_smart_speaker build --build-base /home/weichen/project/kachaka/kachaka_ws/build/kachaka_smart_speaker/build install --record /home/weichen/project/kachaka/kachaka_ws/build/kachaka_smart_speaker/install.log --single-version-externally-managed install_data
[2.087s] running egg_info
[2.089s] writing ../../../build/kachaka_smart_speaker/kachaka_smart_speaker.egg-info/PKG-INFO
[2.089s] writing dependency_links to ../../../build/kachaka_smart_speaker/kachaka_smart_speaker.egg-info/dependency_links.txt
[2.089s] writing entry points to ../../../build/kachaka_smart_speaker/kachaka_smart_speaker.egg-info/entry_points.txt
[2.089s] writing requirements to ../../../build/kachaka_smart_speaker/kachaka_smart_speaker.egg-info/requires.txt
[2.089s] writing top-level names to ../../../build/kachaka_smart_speaker/kachaka_smart_speaker.egg-info/top_level.txt
[2.091s] reading manifest file '../../../build/kachaka_smart_speaker/kachaka_smart_speaker.egg-info/SOURCES.txt'
[2.093s] writing manifest file '../../../build/kachaka_smart_speaker/kachaka_smart_speaker.egg-info/SOURCES.txt'
[2.094s] running build
[2.094s] running build_py
[2.095s] running install
[2.095s] running install_lib
[2.096s] running install_data
[2.097s] running install_egg_info
[2.099s] removing '/home/weichen/project/kachaka/kachaka_ws/install/kachaka_smart_speaker/lib/python3.10/site-packages/kachaka_smart_speaker-0.0.0-py3.10.egg-info' (and everything under it)
[2.101s] Copying ../../../build/kachaka_smart_speaker/kachaka_smart_speaker.egg-info to /home/weichen/project/kachaka/kachaka_ws/install/kachaka_smart_speaker/lib/python3.10/site-packages/kachaka_smart_speaker-0.0.0-py3.10.egg-info
[2.102s] running install_scripts
[2.132s] Installing smart_speaker script to /home/weichen/project/kachaka/kachaka_ws/install/kachaka_smart_speaker/lib/kachaka_smart_speaker
[2.132s] writing list of installed files to '/home/weichen/project/kachaka/kachaka_ws/build/kachaka_smart_speaker/install.log'
[2.162s] Invoked command in '/home/weichen/project/kachaka/kachaka_ws/src/demos/kachaka_smart_speaker' returned '0': AMENT_PREFIX_PATH=/home/weichen/project/kachaka/kachaka_ws/install/kachaka_interfaces:${AMENT_PREFIX_PATH} CMAKE_PREFIX_PATH=/home/weichen/project/kachaka/kachaka_ws/install/kachaka_interfaces LD_LIBRARY_PATH=/home/weichen/project/kachaka/kachaka_ws/install/kachaka_interfaces/lib:${LD_LIBRARY_PATH} PYTHONPATH=/home/weichen/project/kachaka/kachaka_ws/build/kachaka_smart_speaker/prefix_override:/usr/lib/python3/dist-packages/colcon_core/task/python/colcon_distutils_commands:/home/weichen/project/kachaka/kachaka_ws/install/kachaka_smart_speaker/lib/python3.10/site-packages:/home/weichen/project/kachaka/kachaka_ws/install/kachaka_interfaces/local/lib/python3.10/dist-packages:${PYTHONPATH} /usr/bin/python3 -W ignore:setup.py install is deprecated -W ignore:easy_install command is deprecated setup.py egg_info --egg-base ../../../build/kachaka_smart_speaker build --build-base /home/weichen/project/kachaka/kachaka_ws/build/kachaka_smart_speaker/build install --record /home/weichen/project/kachaka/kachaka_ws/build/kachaka_smart_speaker/install.log --single-version-externally-managed install_data
