[0.413s] DEBUG:colcon:Command line arguments: ['/usr/bin/colcon', 'build']
[0.413s] DEBUG:colcon:Parsed command line arguments: Namespace(log_base=None, log_level=None, verb_name='build', build_base='build', install_base='install', merge_install=False, symlink_install=False, test_result_base=None, continue_on_error=False, executor='parallel', parallel_workers=16, event_handlers=None, ignore_user_meta=False, metas=['./colcon.meta'], base_paths=['.'], packages_ignore=None, packages_ignore_regex=None, paths=None, packages_up_to=None, packages_up_to_regex=None, packages_above=None, packages_above_and_dependencies=None, packages_above_depth=None, packages_select_by_dep=None, packages_skip_by_dep=None, packages_skip_up_to=None, packages_select_build_failed=False, packages_skip_build_finished=False, packages_select_test_failures=False, packages_skip_test_passed=False, packages_select=None, packages_skip=None, packages_select_regex=None, packages_skip_regex=None, packages_start=None, packages_end=None, allow_overriding=[], cmake_args=None, cmake_target=None, cmake_target_skip_unavailable=False, cmake_clean_cache=False, cmake_clean_first=False, cmake_force_configure=False, ament_cmake_args=None, catkin_cmake_args=None, catkin_skip_building_tests=False, mixin_files=None, mixin=None, verb_parser=<colcon_mixin.mixin.mixin_argument.MixinArgumentDecorator object at 0x7f3331220df0>, verb_extension=<colcon_core.verb.build.BuildVerb object at 0x7f3331220940>, main=<bound method BuildVerb.main of <colcon_core.verb.build.BuildVerb object at 0x7f3331220940>>, mixin_verb=('build',))
[1.257s] Level 1:colcon.colcon_core.package_discovery:discover_packages(colcon_meta) check parameters
[1.257s] Level 1:colcon.colcon_core.package_discovery:discover_packages(recursive) check parameters
[1.257s] Level 1:colcon.colcon_core.package_discovery:discover_packages(ignore) check parameters
[1.257s] Level 1:colcon.colcon_core.package_discovery:discover_packages(path) check parameters
[1.257s] Level 1:colcon.colcon_core.package_discovery:discover_packages(colcon_meta) discover
[1.257s] Level 1:colcon.colcon_core.package_discovery:discover_packages(recursive) discover
[1.257s] INFO:colcon.colcon_core.package_discovery:Crawling recursively for packages in '/home/weichen/project/kachaka/kachaka_ws'
[1.257s] Level 1:colcon.colcon_core.package_identification:_identify(.) by extensions ['ignore', 'ignore_ament_install']
[1.257s] Level 1:colcon.colcon_core.package_identification:_identify(.) by extension 'ignore'
[1.258s] Level 1:colcon.colcon_core.package_identification:_identify(.) by extension 'ignore_ament_install'
[1.258s] Level 1:colcon.colcon_core.package_identification:_identify(.) by extensions ['colcon_pkg']
[1.258s] Level 1:colcon.colcon_core.package_identification:_identify(.) by extension 'colcon_pkg'
[1.258s] Level 1:colcon.colcon_core.package_identification:_identify(.) by extensions ['colcon_meta']
[1.258s] Level 1:colcon.colcon_core.package_identification:_identify(.) by extension 'colcon_meta'
[1.258s] Level 1:colcon.colcon_core.package_identification:_identify(.) by extensions ['ros']
[1.258s] Level 1:colcon.colcon_core.package_identification:_identify(.) by extension 'ros'
[1.306s] Level 1:colcon.colcon_core.package_identification:_identify(.) by extensions ['cmake', 'python']
[1.306s] Level 1:colcon.colcon_core.package_identification:_identify(.) by extension 'cmake'
[1.306s] Level 1:colcon.colcon_core.package_identification:_identify(.) by extension 'python'
[1.306s] Level 1:colcon.colcon_core.package_identification:_identify(.) by extensions ['python_setup_py']
[1.307s] Level 1:colcon.colcon_core.package_identification:_identify(.) by extension 'python_setup_py'
[1.307s] Level 1:colcon.colcon_core.package_identification:_identify(build) by extensions ['ignore', 'ignore_ament_install']
[1.307s] Level 1:colcon.colcon_core.package_identification:_identify(build) by extension 'ignore'
[1.307s] Level 1:colcon.colcon_core.package_identification:_identify(build) ignored
[1.308s] Level 1:colcon.colcon_core.package_identification:_identify(install) by extensions ['ignore', 'ignore_ament_install']
[1.308s] Level 1:colcon.colcon_core.package_identification:_identify(install) by extension 'ignore'
[1.308s] Level 1:colcon.colcon_core.package_identification:_identify(install) ignored
[1.308s] Level 1:colcon.colcon_core.package_identification:_identify(log) by extensions ['ignore', 'ignore_ament_install']
[1.308s] Level 1:colcon.colcon_core.package_identification:_identify(log) by extension 'ignore'
[1.308s] Level 1:colcon.colcon_core.package_identification:_identify(log) ignored
[1.308s] Level 1:colcon.colcon_core.package_identification:_identify(src) by extensions ['ignore', 'ignore_ament_install']
[1.308s] Level 1:colcon.colcon_core.package_identification:_identify(src) by extension 'ignore'
[1.309s] Level 1:colcon.colcon_core.package_identification:_identify(src) by extension 'ignore_ament_install'
[1.309s] Level 1:colcon.colcon_core.package_identification:_identify(src) by extensions ['colcon_pkg']
[1.309s] Level 1:colcon.colcon_core.package_identification:_identify(src) by extension 'colcon_pkg'
[1.309s] Level 1:colcon.colcon_core.package_identification:_identify(src) by extensions ['colcon_meta']
[1.309s] Level 1:colcon.colcon_core.package_identification:_identify(src) by extension 'colcon_meta'
[1.309s] Level 1:colcon.colcon_core.package_identification:_identify(src) by extensions ['ros']
[1.309s] Level 1:colcon.colcon_core.package_identification:_identify(src) by extension 'ros'
[1.309s] Level 1:colcon.colcon_core.package_identification:_identify(src) by extensions ['cmake', 'python']
[1.309s] Level 1:colcon.colcon_core.package_identification:_identify(src) by extension 'cmake'
[1.309s] Level 1:colcon.colcon_core.package_identification:_identify(src) by extension 'python'
[1.309s] Level 1:colcon.colcon_core.package_identification:_identify(src) by extensions ['python_setup_py']
[1.309s] Level 1:colcon.colcon_core.package_identification:_identify(src) by extension 'python_setup_py'
[1.310s] Level 1:colcon.colcon_core.package_identification:_identify(src/demos) by extensions ['ignore', 'ignore_ament_install']
[1.310s] Level 1:colcon.colcon_core.package_identification:_identify(src/demos) by extension 'ignore'
[1.310s] Level 1:colcon.colcon_core.package_identification:_identify(src/demos) by extension 'ignore_ament_install'
[1.310s] Level 1:colcon.colcon_core.package_identification:_identify(src/demos) by extensions ['colcon_pkg']
[1.310s] Level 1:colcon.colcon_core.package_identification:_identify(src/demos) by extension 'colcon_pkg'
[1.310s] Level 1:colcon.colcon_core.package_identification:_identify(src/demos) by extensions ['colcon_meta']
[1.310s] Level 1:colcon.colcon_core.package_identification:_identify(src/demos) by extension 'colcon_meta'
[1.310s] Level 1:colcon.colcon_core.package_identification:_identify(src/demos) by extensions ['ros']
[1.310s] Level 1:colcon.colcon_core.package_identification:_identify(src/demos) by extension 'ros'
[1.310s] Level 1:colcon.colcon_core.package_identification:_identify(src/demos) by extensions ['cmake', 'python']
[1.310s] Level 1:colcon.colcon_core.package_identification:_identify(src/demos) by extension 'cmake'
[1.311s] Level 1:colcon.colcon_core.package_identification:_identify(src/demos) by extension 'python'
[1.311s] Level 1:colcon.colcon_core.package_identification:_identify(src/demos) by extensions ['python_setup_py']
[1.311s] Level 1:colcon.colcon_core.package_identification:_identify(src/demos) by extension 'python_setup_py'
[1.311s] Level 1:colcon.colcon_core.package_identification:_identify(src/demos/kachaka_follow) by extensions ['ignore', 'ignore_ament_install']
[1.311s] Level 1:colcon.colcon_core.package_identification:_identify(src/demos/kachaka_follow) by extension 'ignore'
[1.311s] Level 1:colcon.colcon_core.package_identification:_identify(src/demos/kachaka_follow) by extension 'ignore_ament_install'
[1.311s] Level 1:colcon.colcon_core.package_identification:_identify(src/demos/kachaka_follow) by extensions ['colcon_pkg']
[1.311s] Level 1:colcon.colcon_core.package_identification:_identify(src/demos/kachaka_follow) by extension 'colcon_pkg'
[1.311s] Level 1:colcon.colcon_core.package_identification:_identify(src/demos/kachaka_follow) by extensions ['colcon_meta']
[1.311s] Level 1:colcon.colcon_core.package_identification:_identify(src/demos/kachaka_follow) by extension 'colcon_meta'
[1.311s] Level 1:colcon.colcon_core.package_identification:_identify(src/demos/kachaka_follow) by extensions ['ros']
[1.312s] Level 1:colcon.colcon_core.package_identification:_identify(src/demos/kachaka_follow) by extension 'ros'
[1.320s] DEBUG:colcon.colcon_core.package_identification:Package 'src/demos/kachaka_follow' with type 'ros.ament_python' and name 'kachaka_follow'
[1.321s] Level 1:colcon.colcon_core.package_identification:_identify(src/demos/kachaka_nav2_bringup) by extensions ['ignore', 'ignore_ament_install']
[1.321s] Level 1:colcon.colcon_core.package_identification:_identify(src/demos/kachaka_nav2_bringup) by extension 'ignore'
[1.321s] Level 1:colcon.colcon_core.package_identification:_identify(src/demos/kachaka_nav2_bringup) by extension 'ignore_ament_install'
[1.321s] Level 1:colcon.colcon_core.package_identification:_identify(src/demos/kachaka_nav2_bringup) by extensions ['colcon_pkg']
[1.321s] Level 1:colcon.colcon_core.package_identification:_identify(src/demos/kachaka_nav2_bringup) by extension 'colcon_pkg'
[1.321s] Level 1:colcon.colcon_core.package_identification:_identify(src/demos/kachaka_nav2_bringup) by extensions ['colcon_meta']
[1.322s] Level 1:colcon.colcon_core.package_identification:_identify(src/demos/kachaka_nav2_bringup) by extension 'colcon_meta'
[1.322s] Level 1:colcon.colcon_core.package_identification:_identify(src/demos/kachaka_nav2_bringup) by extensions ['ros']
[1.322s] Level 1:colcon.colcon_core.package_identification:_identify(src/demos/kachaka_nav2_bringup) by extension 'ros'
[1.323s] DEBUG:colcon.colcon_core.package_identification:Package 'src/demos/kachaka_nav2_bringup' with type 'ros.ament_cmake' and name 'kachaka_nav2_bringup'
[1.324s] Level 1:colcon.colcon_core.package_identification:_identify(src/demos/kachaka_smart_speaker) by extensions ['ignore', 'ignore_ament_install']
[1.324s] Level 1:colcon.colcon_core.package_identification:_identify(src/demos/kachaka_smart_speaker) by extension 'ignore'
[1.324s] Level 1:colcon.colcon_core.package_identification:_identify(src/demos/kachaka_smart_speaker) by extension 'ignore_ament_install'
[1.325s] Level 1:colcon.colcon_core.package_identification:_identify(src/demos/kachaka_smart_speaker) by extensions ['colcon_pkg']
[1.325s] Level 1:colcon.colcon_core.package_identification:_identify(src/demos/kachaka_smart_speaker) by extension 'colcon_pkg'
[1.325s] Level 1:colcon.colcon_core.package_identification:_identify(src/demos/kachaka_smart_speaker) by extensions ['colcon_meta']
[1.325s] Level 1:colcon.colcon_core.package_identification:_identify(src/demos/kachaka_smart_speaker) by extension 'colcon_meta'
[1.325s] Level 1:colcon.colcon_core.package_identification:_identify(src/demos/kachaka_smart_speaker) by extensions ['ros']
[1.325s] Level 1:colcon.colcon_core.package_identification:_identify(src/demos/kachaka_smart_speaker) by extension 'ros'
[1.327s] DEBUG:colcon.colcon_core.package_identification:Package 'src/demos/kachaka_smart_speaker' with type 'ros.ament_python' and name 'kachaka_smart_speaker'
[1.327s] Level 1:colcon.colcon_core.package_identification:_identify(src/demos/kachaka_speak) by extensions ['ignore', 'ignore_ament_install']
[1.327s] Level 1:colcon.colcon_core.package_identification:_identify(src/demos/kachaka_speak) by extension 'ignore'
[1.327s] Level 1:colcon.colcon_core.package_identification:_identify(src/demos/kachaka_speak) by extension 'ignore_ament_install'
[1.327s] Level 1:colcon.colcon_core.package_identification:_identify(src/demos/kachaka_speak) by extensions ['colcon_pkg']
[1.328s] Level 1:colcon.colcon_core.package_identification:_identify(src/demos/kachaka_speak) by extension 'colcon_pkg'
[1.328s] Level 1:colcon.colcon_core.package_identification:_identify(src/demos/kachaka_speak) by extensions ['colcon_meta']
[1.328s] Level 1:colcon.colcon_core.package_identification:_identify(src/demos/kachaka_speak) by extension 'colcon_meta'
[1.328s] Level 1:colcon.colcon_core.package_identification:_identify(src/demos/kachaka_speak) by extensions ['ros']
[1.328s] Level 1:colcon.colcon_core.package_identification:_identify(src/demos/kachaka_speak) by extension 'ros'
[1.331s] DEBUG:colcon.colcon_core.package_identification:Package 'src/demos/kachaka_speak' with type 'ros.ament_python' and name 'kachaka_speak'
[1.331s] Level 1:colcon.colcon_core.package_identification:_identify(src/demos/kachaka_vision) by extensions ['ignore', 'ignore_ament_install']
[1.331s] Level 1:colcon.colcon_core.package_identification:_identify(src/demos/kachaka_vision) by extension 'ignore'
[1.331s] Level 1:colcon.colcon_core.package_identification:_identify(src/demos/kachaka_vision) by extension 'ignore_ament_install'
[1.331s] Level 1:colcon.colcon_core.package_identification:_identify(src/demos/kachaka_vision) by extensions ['colcon_pkg']
[1.331s] Level 1:colcon.colcon_core.package_identification:_identify(src/demos/kachaka_vision) by extension 'colcon_pkg'
[1.332s] Level 1:colcon.colcon_core.package_identification:_identify(src/demos/kachaka_vision) by extensions ['colcon_meta']
[1.332s] Level 1:colcon.colcon_core.package_identification:_identify(src/demos/kachaka_vision) by extension 'colcon_meta'
[1.332s] Level 1:colcon.colcon_core.package_identification:_identify(src/demos/kachaka_vision) by extensions ['ros']
[1.332s] Level 1:colcon.colcon_core.package_identification:_identify(src/demos/kachaka_vision) by extension 'ros'
[1.335s] DEBUG:colcon.colcon_core.package_identification:Package 'src/demos/kachaka_vision' with type 'ros.ament_cmake' and name 'kachaka_vision'
[1.336s] Level 1:colcon.colcon_core.package_identification:_identify(src/kachaka_description) by extensions ['ignore', 'ignore_ament_install']
[1.336s] Level 1:colcon.colcon_core.package_identification:_identify(src/kachaka_description) by extension 'ignore'
[1.336s] Level 1:colcon.colcon_core.package_identification:_identify(src/kachaka_description) by extension 'ignore_ament_install'
[1.336s] Level 1:colcon.colcon_core.package_identification:_identify(src/kachaka_description) by extensions ['colcon_pkg']
[1.336s] Level 1:colcon.colcon_core.package_identification:_identify(src/kachaka_description) by extension 'colcon_pkg'
[1.336s] Level 1:colcon.colcon_core.package_identification:_identify(src/kachaka_description) by extensions ['colcon_meta']
[1.336s] Level 1:colcon.colcon_core.package_identification:_identify(src/kachaka_description) by extension 'colcon_meta'
[1.337s] Level 1:colcon.colcon_core.package_identification:_identify(src/kachaka_description) by extensions ['ros']
[1.337s] Level 1:colcon.colcon_core.package_identification:_identify(src/kachaka_description) by extension 'ros'
[1.339s] DEBUG:colcon.colcon_core.package_identification:Package 'src/kachaka_description' with type 'ros.ament_cmake' and name 'kachaka_description'
[1.339s] Level 1:colcon.colcon_core.package_identification:_identify(src/kachaka_interfaces) by extensions ['ignore', 'ignore_ament_install']
[1.339s] Level 1:colcon.colcon_core.package_identification:_identify(src/kachaka_interfaces) by extension 'ignore'
[1.340s] Level 1:colcon.colcon_core.package_identification:_identify(src/kachaka_interfaces) by extension 'ignore_ament_install'
[1.340s] Level 1:colcon.colcon_core.package_identification:_identify(src/kachaka_interfaces) by extensions ['colcon_pkg']
[1.340s] Level 1:colcon.colcon_core.package_identification:_identify(src/kachaka_interfaces) by extension 'colcon_pkg'
[1.340s] Level 1:colcon.colcon_core.package_identification:_identify(src/kachaka_interfaces) by extensions ['colcon_meta']
[1.340s] Level 1:colcon.colcon_core.package_identification:_identify(src/kachaka_interfaces) by extension 'colcon_meta'
[1.340s] Level 1:colcon.colcon_core.package_identification:_identify(src/kachaka_interfaces) by extensions ['ros']
[1.340s] Level 1:colcon.colcon_core.package_identification:_identify(src/kachaka_interfaces) by extension 'ros'
[1.343s] DEBUG:colcon.colcon_core.package_identification:Package 'src/kachaka_interfaces' with type 'ros.ament_cmake' and name 'kachaka_interfaces'
[1.343s] Level 1:colcon.colcon_core.package_discovery:discover_packages(recursive) using defaults
[1.343s] Level 1:colcon.colcon_core.package_discovery:discover_packages(ignore) discover
[1.343s] Level 1:colcon.colcon_core.package_discovery:discover_packages(ignore) using defaults
[1.343s] Level 1:colcon.colcon_core.package_discovery:discover_packages(path) discover
[1.343s] Level 1:colcon.colcon_core.package_discovery:discover_packages(path) using defaults
[1.410s] Level 1:colcon.colcon_core.package_discovery:discover_packages(prefix_path) check parameters
[1.410s] Level 1:colcon.colcon_core.package_discovery:discover_packages(prefix_path) discover
[1.422s] DEBUG:colcon.colcon_installed_package_information.package_discovery:Found 420 installed packages in /opt/ros/humble
[1.425s] Level 1:colcon.colcon_core.package_discovery:discover_packages(prefix_path) using defaults
[1.507s] Level 5:colcon.colcon_core.verb:set package 'kachaka_description' build argument 'cmake_args' from command line to 'None'
[1.508s] Level 5:colcon.colcon_core.verb:set package 'kachaka_description' build argument 'cmake_target' from command line to 'None'
[1.508s] Level 5:colcon.colcon_core.verb:set package 'kachaka_description' build argument 'cmake_target_skip_unavailable' from command line to 'False'
[1.508s] Level 5:colcon.colcon_core.verb:set package 'kachaka_description' build argument 'cmake_clean_cache' from command line to 'False'
[1.508s] Level 5:colcon.colcon_core.verb:set package 'kachaka_description' build argument 'cmake_clean_first' from command line to 'False'
[1.508s] Level 5:colcon.colcon_core.verb:set package 'kachaka_description' build argument 'cmake_force_configure' from command line to 'False'
[1.508s] Level 5:colcon.colcon_core.verb:set package 'kachaka_description' build argument 'ament_cmake_args' from command line to 'None'
[1.508s] Level 5:colcon.colcon_core.verb:set package 'kachaka_description' build argument 'catkin_cmake_args' from command line to 'None'
[1.508s] Level 5:colcon.colcon_core.verb:set package 'kachaka_description' build argument 'catkin_skip_building_tests' from command line to 'False'
[1.508s] DEBUG:colcon.colcon_core.verb:Building package 'kachaka_description' with the following arguments: {'ament_cmake_args': None, 'build_base': '/home/weichen/project/kachaka/kachaka_ws/build/kachaka_description', 'catkin_cmake_args': None, 'catkin_skip_building_tests': False, 'cmake_args': None, 'cmake_clean_cache': False, 'cmake_clean_first': False, 'cmake_force_configure': False, 'cmake_target': None, 'cmake_target_skip_unavailable': False, 'install_base': '/home/weichen/project/kachaka/kachaka_ws/install/kachaka_description', 'merge_install': False, 'path': '/home/weichen/project/kachaka/kachaka_ws/src/kachaka_description', 'symlink_install': False, 'test_result_base': None}
[1.509s] Level 5:colcon.colcon_core.verb:set package 'kachaka_interfaces' build argument 'cmake_args' from command line to 'None'
[1.509s] Level 5:colcon.colcon_core.verb:set package 'kachaka_interfaces' build argument 'cmake_target' from command line to 'None'
[1.509s] Level 5:colcon.colcon_core.verb:set package 'kachaka_interfaces' build argument 'cmake_target_skip_unavailable' from command line to 'False'
[1.509s] Level 5:colcon.colcon_core.verb:set package 'kachaka_interfaces' build argument 'cmake_clean_cache' from command line to 'False'
[1.509s] Level 5:colcon.colcon_core.verb:set package 'kachaka_interfaces' build argument 'cmake_clean_first' from command line to 'False'
[1.509s] Level 5:colcon.colcon_core.verb:set package 'kachaka_interfaces' build argument 'cmake_force_configure' from command line to 'False'
[1.509s] Level 5:colcon.colcon_core.verb:set package 'kachaka_interfaces' build argument 'ament_cmake_args' from command line to 'None'
[1.509s] Level 5:colcon.colcon_core.verb:set package 'kachaka_interfaces' build argument 'catkin_cmake_args' from command line to 'None'
[1.509s] Level 5:colcon.colcon_core.verb:set package 'kachaka_interfaces' build argument 'catkin_skip_building_tests' from command line to 'False'
[1.509s] DEBUG:colcon.colcon_core.verb:Building package 'kachaka_interfaces' with the following arguments: {'ament_cmake_args': None, 'build_base': '/home/weichen/project/kachaka/kachaka_ws/build/kachaka_interfaces', 'catkin_cmake_args': None, 'catkin_skip_building_tests': False, 'cmake_args': None, 'cmake_clean_cache': False, 'cmake_clean_first': False, 'cmake_force_configure': False, 'cmake_target': None, 'cmake_target_skip_unavailable': False, 'install_base': '/home/weichen/project/kachaka/kachaka_ws/install/kachaka_interfaces', 'merge_install': False, 'path': '/home/weichen/project/kachaka/kachaka_ws/src/kachaka_interfaces', 'symlink_install': False, 'test_result_base': None}
[1.510s] Level 5:colcon.colcon_core.verb:set package 'kachaka_nav2_bringup' build argument 'cmake_args' from command line to 'None'
[1.510s] Level 5:colcon.colcon_core.verb:set package 'kachaka_nav2_bringup' build argument 'cmake_target' from command line to 'None'
[1.510s] Level 5:colcon.colcon_core.verb:set package 'kachaka_nav2_bringup' build argument 'cmake_target_skip_unavailable' from command line to 'False'
[1.510s] Level 5:colcon.colcon_core.verb:set package 'kachaka_nav2_bringup' build argument 'cmake_clean_cache' from command line to 'False'
[1.510s] Level 5:colcon.colcon_core.verb:set package 'kachaka_nav2_bringup' build argument 'cmake_clean_first' from command line to 'False'
[1.510s] Level 5:colcon.colcon_core.verb:set package 'kachaka_nav2_bringup' build argument 'cmake_force_configure' from command line to 'False'
[1.510s] Level 5:colcon.colcon_core.verb:set package 'kachaka_nav2_bringup' build argument 'ament_cmake_args' from command line to 'None'
[1.510s] Level 5:colcon.colcon_core.verb:set package 'kachaka_nav2_bringup' build argument 'catkin_cmake_args' from command line to 'None'
[1.510s] Level 5:colcon.colcon_core.verb:set package 'kachaka_nav2_bringup' build argument 'catkin_skip_building_tests' from command line to 'False'
[1.510s] DEBUG:colcon.colcon_core.verb:Building package 'kachaka_nav2_bringup' with the following arguments: {'ament_cmake_args': None, 'build_base': '/home/weichen/project/kachaka/kachaka_ws/build/kachaka_nav2_bringup', 'catkin_cmake_args': None, 'catkin_skip_building_tests': False, 'cmake_args': None, 'cmake_clean_cache': False, 'cmake_clean_first': False, 'cmake_force_configure': False, 'cmake_target': None, 'cmake_target_skip_unavailable': False, 'install_base': '/home/weichen/project/kachaka/kachaka_ws/install/kachaka_nav2_bringup', 'merge_install': False, 'path': '/home/weichen/project/kachaka/kachaka_ws/src/demos/kachaka_nav2_bringup', 'symlink_install': False, 'test_result_base': None}
[1.511s] Level 5:colcon.colcon_core.verb:set package 'kachaka_speak' build argument 'cmake_args' from command line to 'None'
[1.511s] Level 5:colcon.colcon_core.verb:set package 'kachaka_speak' build argument 'cmake_target' from command line to 'None'
[1.511s] Level 5:colcon.colcon_core.verb:set package 'kachaka_speak' build argument 'cmake_target_skip_unavailable' from command line to 'False'
[1.511s] Level 5:colcon.colcon_core.verb:set package 'kachaka_speak' build argument 'cmake_clean_cache' from command line to 'False'
[1.511s] Level 5:colcon.colcon_core.verb:set package 'kachaka_speak' build argument 'cmake_clean_first' from command line to 'False'
[1.511s] Level 5:colcon.colcon_core.verb:set package 'kachaka_speak' build argument 'cmake_force_configure' from command line to 'False'
[1.511s] Level 5:colcon.colcon_core.verb:set package 'kachaka_speak' build argument 'ament_cmake_args' from command line to 'None'
[1.511s] Level 5:colcon.colcon_core.verb:set package 'kachaka_speak' build argument 'catkin_cmake_args' from command line to 'None'
[1.511s] Level 5:colcon.colcon_core.verb:set package 'kachaka_speak' build argument 'catkin_skip_building_tests' from command line to 'False'
[1.511s] DEBUG:colcon.colcon_core.verb:Building package 'kachaka_speak' with the following arguments: {'ament_cmake_args': None, 'build_base': '/home/weichen/project/kachaka/kachaka_ws/build/kachaka_speak', 'catkin_cmake_args': None, 'catkin_skip_building_tests': False, 'cmake_args': None, 'cmake_clean_cache': False, 'cmake_clean_first': False, 'cmake_force_configure': False, 'cmake_target': None, 'cmake_target_skip_unavailable': False, 'install_base': '/home/weichen/project/kachaka/kachaka_ws/install/kachaka_speak', 'merge_install': False, 'path': '/home/weichen/project/kachaka/kachaka_ws/src/demos/kachaka_speak', 'symlink_install': False, 'test_result_base': None}
[1.512s] Level 5:colcon.colcon_core.verb:set package 'kachaka_vision' build argument 'cmake_args' from command line to 'None'
[1.512s] Level 5:colcon.colcon_core.verb:set package 'kachaka_vision' build argument 'cmake_target' from command line to 'None'
[1.512s] Level 5:colcon.colcon_core.verb:set package 'kachaka_vision' build argument 'cmake_target_skip_unavailable' from command line to 'False'
[1.512s] Level 5:colcon.colcon_core.verb:set package 'kachaka_vision' build argument 'cmake_clean_cache' from command line to 'False'
[1.512s] Level 5:colcon.colcon_core.verb:set package 'kachaka_vision' build argument 'cmake_clean_first' from command line to 'False'
[1.512s] Level 5:colcon.colcon_core.verb:set package 'kachaka_vision' build argument 'cmake_force_configure' from command line to 'False'
[1.512s] Level 5:colcon.colcon_core.verb:set package 'kachaka_vision' build argument 'ament_cmake_args' from command line to 'None'
[1.512s] Level 5:colcon.colcon_core.verb:set package 'kachaka_vision' build argument 'catkin_cmake_args' from command line to 'None'
[1.512s] Level 5:colcon.colcon_core.verb:set package 'kachaka_vision' build argument 'catkin_skip_building_tests' from command line to 'False'
[1.512s] DEBUG:colcon.colcon_core.verb:Building package 'kachaka_vision' with the following arguments: {'ament_cmake_args': None, 'build_base': '/home/weichen/project/kachaka/kachaka_ws/build/kachaka_vision', 'catkin_cmake_args': None, 'catkin_skip_building_tests': False, 'cmake_args': None, 'cmake_clean_cache': False, 'cmake_clean_first': False, 'cmake_force_configure': False, 'cmake_target': None, 'cmake_target_skip_unavailable': False, 'install_base': '/home/weichen/project/kachaka/kachaka_ws/install/kachaka_vision', 'merge_install': False, 'path': '/home/weichen/project/kachaka/kachaka_ws/src/demos/kachaka_vision', 'symlink_install': False, 'test_result_base': None}
[1.513s] Level 5:colcon.colcon_core.verb:set package 'kachaka_follow' build argument 'cmake_args' from command line to 'None'
[1.513s] Level 5:colcon.colcon_core.verb:set package 'kachaka_follow' build argument 'cmake_target' from command line to 'None'
[1.513s] Level 5:colcon.colcon_core.verb:set package 'kachaka_follow' build argument 'cmake_target_skip_unavailable' from command line to 'False'
[1.513s] Level 5:colcon.colcon_core.verb:set package 'kachaka_follow' build argument 'cmake_clean_cache' from command line to 'False'
[1.513s] Level 5:colcon.colcon_core.verb:set package 'kachaka_follow' build argument 'cmake_clean_first' from command line to 'False'
[1.513s] Level 5:colcon.colcon_core.verb:set package 'kachaka_follow' build argument 'cmake_force_configure' from command line to 'False'
[1.513s] Level 5:colcon.colcon_core.verb:set package 'kachaka_follow' build argument 'ament_cmake_args' from command line to 'None'
[1.513s] Level 5:colcon.colcon_core.verb:set package 'kachaka_follow' build argument 'catkin_cmake_args' from command line to 'None'
[1.513s] Level 5:colcon.colcon_core.verb:set package 'kachaka_follow' build argument 'catkin_skip_building_tests' from command line to 'False'
[1.513s] DEBUG:colcon.colcon_core.verb:Building package 'kachaka_follow' with the following arguments: {'ament_cmake_args': None, 'build_base': '/home/weichen/project/kachaka/kachaka_ws/build/kachaka_follow', 'catkin_cmake_args': None, 'catkin_skip_building_tests': False, 'cmake_args': None, 'cmake_clean_cache': False, 'cmake_clean_first': False, 'cmake_force_configure': False, 'cmake_target': None, 'cmake_target_skip_unavailable': False, 'install_base': '/home/weichen/project/kachaka/kachaka_ws/install/kachaka_follow', 'merge_install': False, 'path': '/home/weichen/project/kachaka/kachaka_ws/src/demos/kachaka_follow', 'symlink_install': False, 'test_result_base': None}
[1.514s] Level 5:colcon.colcon_core.verb:set package 'kachaka_smart_speaker' build argument 'cmake_args' from command line to 'None'
[1.514s] Level 5:colcon.colcon_core.verb:set package 'kachaka_smart_speaker' build argument 'cmake_target' from command line to 'None'
[1.514s] Level 5:colcon.colcon_core.verb:set package 'kachaka_smart_speaker' build argument 'cmake_target_skip_unavailable' from command line to 'False'
[1.514s] Level 5:colcon.colcon_core.verb:set package 'kachaka_smart_speaker' build argument 'cmake_clean_cache' from command line to 'False'
[1.514s] Level 5:colcon.colcon_core.verb:set package 'kachaka_smart_speaker' build argument 'cmake_clean_first' from command line to 'False'
[1.514s] Level 5:colcon.colcon_core.verb:set package 'kachaka_smart_speaker' build argument 'cmake_force_configure' from command line to 'False'
[1.514s] Level 5:colcon.colcon_core.verb:set package 'kachaka_smart_speaker' build argument 'ament_cmake_args' from command line to 'None'
[1.514s] Level 5:colcon.colcon_core.verb:set package 'kachaka_smart_speaker' build argument 'catkin_cmake_args' from command line to 'None'
[1.514s] Level 5:colcon.colcon_core.verb:set package 'kachaka_smart_speaker' build argument 'catkin_skip_building_tests' from command line to 'False'
[1.514s] DEBUG:colcon.colcon_core.verb:Building package 'kachaka_smart_speaker' with the following arguments: {'ament_cmake_args': None, 'build_base': '/home/weichen/project/kachaka/kachaka_ws/build/kachaka_smart_speaker', 'catkin_cmake_args': None, 'catkin_skip_building_tests': False, 'cmake_args': None, 'cmake_clean_cache': False, 'cmake_clean_first': False, 'cmake_force_configure': False, 'cmake_target': None, 'cmake_target_skip_unavailable': False, 'install_base': '/home/weichen/project/kachaka/kachaka_ws/install/kachaka_smart_speaker', 'merge_install': False, 'path': '/home/weichen/project/kachaka/kachaka_ws/src/demos/kachaka_smart_speaker', 'symlink_install': False, 'test_result_base': None}
[1.514s] INFO:colcon.colcon_core.executor:Executing jobs using 'parallel' executor
[1.516s] DEBUG:colcon.colcon_parallel_executor.executor.parallel:run_until_complete
[1.516s] INFO:colcon.colcon_ros.task.ament_cmake.build:Building ROS package in '/home/weichen/project/kachaka/kachaka_ws/src/kachaka_interfaces' with build type 'ament_cmake'
[1.517s] INFO:colcon.colcon_cmake.task.cmake.build:Building CMake package in '/home/weichen/project/kachaka/kachaka_ws/src/kachaka_interfaces'
[1.527s] INFO:colcon.colcon_core.plugin_system:Skipping extension 'colcon_core.shell.bat': Not used on non-Windows systems
[1.528s] INFO:colcon.colcon_core.shell:Skip shell extension 'powershell' for command environment: Not usable outside of PowerShell
[1.528s] DEBUG:colcon.colcon_core.shell:Skip shell extension 'dsv' for command environment
[1.533s] INFO:colcon.colcon_ros.task.ament_cmake.build:Building ROS package in '/home/weichen/project/kachaka/kachaka_ws/src/kachaka_description' with build type 'ament_cmake'
[1.534s] INFO:colcon.colcon_cmake.task.cmake.build:Building CMake package in '/home/weichen/project/kachaka/kachaka_ws/src/kachaka_description'
[1.534s] INFO:colcon.colcon_core.shell:Skip shell extension 'powershell' for command environment: Not usable outside of PowerShell
[1.534s] DEBUG:colcon.colcon_core.shell:Skip shell extension 'dsv' for command environment
[1.541s] INFO:colcon.colcon_ros.task.ament_cmake.build:Building ROS package in '/home/weichen/project/kachaka/kachaka_ws/src/demos/kachaka_nav2_bringup' with build type 'ament_cmake'
[1.543s] INFO:colcon.colcon_cmake.task.cmake.build:Building CMake package in '/home/weichen/project/kachaka/kachaka_ws/src/demos/kachaka_nav2_bringup'
[1.544s] INFO:colcon.colcon_core.shell:Skip shell extension 'powershell' for command environment: Not usable outside of PowerShell
[1.544s] DEBUG:colcon.colcon_core.shell:Skip shell extension 'dsv' for command environment
[1.548s] INFO:colcon.colcon_ros.task.ament_python.build:Building ROS package in '/home/weichen/project/kachaka/kachaka_ws/src/demos/kachaka_speak' with build type 'ament_python'
[1.549s] Level 1:colcon.colcon_core.shell:create_environment_hook('kachaka_speak', 'ament_prefix_path')
[1.549s] INFO:colcon.colcon_core.shell:Creating environment hook '/home/weichen/project/kachaka/kachaka_ws/install/kachaka_speak/share/kachaka_speak/hook/ament_prefix_path.ps1'
[1.551s] INFO:colcon.colcon_core.shell:Creating environment descriptor '/home/weichen/project/kachaka/kachaka_ws/install/kachaka_speak/share/kachaka_speak/hook/ament_prefix_path.dsv'
[1.552s] INFO:colcon.colcon_core.shell:Creating environment hook '/home/weichen/project/kachaka/kachaka_ws/install/kachaka_speak/share/kachaka_speak/hook/ament_prefix_path.sh'
[1.554s] INFO:colcon.colcon_core.shell:Skip shell extension 'powershell' for command environment: Not usable outside of PowerShell
[1.554s] DEBUG:colcon.colcon_core.shell:Skip shell extension 'dsv' for command environment
[1.559s] INFO:colcon.colcon_ros.task.ament_cmake.build:Building ROS package in '/home/weichen/project/kachaka/kachaka_ws/src/demos/kachaka_vision' with build type 'ament_cmake'
[1.560s] INFO:colcon.colcon_cmake.task.cmake.build:Building CMake package in '/home/weichen/project/kachaka/kachaka_ws/src/demos/kachaka_vision'
[1.560s] INFO:colcon.colcon_core.shell:Skip shell extension 'powershell' for command environment: Not usable outside of PowerShell
[1.560s] DEBUG:colcon.colcon_core.shell:Skip shell extension 'dsv' for command environment
[1.579s] DEBUG:colcon.colcon_core.event_handler.log_command:Invoking command in '/home/weichen/project/kachaka/kachaka_ws/build/kachaka_interfaces': CMAKE_PREFIX_PATH=/opt/ros/humble /usr/bin/cmake --build /home/weichen/project/kachaka/kachaka_ws/build/kachaka_interfaces -- -j16 -l16
[1.588s] DEBUG:colcon.colcon_core.event_handler.log_command:Invoking command in '/home/weichen/project/kachaka/kachaka_ws/build/kachaka_description': CMAKE_PREFIX_PATH=/opt/ros/humble /usr/bin/cmake --build /home/weichen/project/kachaka/kachaka_ws/build/kachaka_description -- -j16 -l16
[1.599s] DEBUG:colcon.colcon_core.event_handler.log_command:Invoking command in '/home/weichen/project/kachaka/kachaka_ws/build/kachaka_nav2_bringup': CMAKE_PREFIX_PATH=/opt/ros/humble /usr/bin/cmake --build /home/weichen/project/kachaka/kachaka_ws/build/kachaka_nav2_bringup -- -j16 -l16
[2.088s] INFO:colcon.colcon_core.task.python.build:Building Python package in '/home/weichen/project/kachaka/kachaka_ws/src/demos/kachaka_speak'
[2.089s] INFO:colcon.colcon_core.shell:Skip shell extension 'powershell' for command environment: Not usable outside of PowerShell
[2.089s] DEBUG:colcon.colcon_core.shell:Skip shell extension 'dsv' for command environment
[2.106s] DEBUG:colcon.colcon_core.event_handler.log_command:Invoking command in '/home/weichen/project/kachaka/kachaka_ws/build/kachaka_vision': CMAKE_PREFIX_PATH=/opt/ros/humble /usr/bin/cmake --build /home/weichen/project/kachaka/kachaka_ws/build/kachaka_vision -- -j16 -l16
[2.116s] DEBUG:colcon.colcon_core.event_handler.log_command:Invoked command in '/home/weichen/project/kachaka/kachaka_ws/build/kachaka_nav2_bringup' returned '0': CMAKE_PREFIX_PATH=/opt/ros/humble /usr/bin/cmake --build /home/weichen/project/kachaka/kachaka_ws/build/kachaka_nav2_bringup -- -j16 -l16
[2.127s] DEBUG:colcon.colcon_core.event_handler.log_command:Invoking command in '/home/weichen/project/kachaka/kachaka_ws/build/kachaka_nav2_bringup': CMAKE_PREFIX_PATH=/opt/ros/humble /usr/bin/cmake --install /home/weichen/project/kachaka/kachaka_ws/build/kachaka_nav2_bringup
[2.130s] DEBUG:colcon.colcon_core.event_handler.log_command:Invoked command in '/home/weichen/project/kachaka/kachaka_ws/build/kachaka_description' returned '0': CMAKE_PREFIX_PATH=/opt/ros/humble /usr/bin/cmake --build /home/weichen/project/kachaka/kachaka_ws/build/kachaka_description -- -j16 -l16
[2.133s] DEBUG:colcon.colcon_core.event_handler.log_command:Invoking command in '/home/weichen/project/kachaka/kachaka_ws/build/kachaka_description': CMAKE_PREFIX_PATH=/opt/ros/humble /usr/bin/cmake --install /home/weichen/project/kachaka/kachaka_ws/build/kachaka_description
[2.150s] Level 1:colcon.colcon_core.environment:create_environment_scripts_only(kachaka_nav2_bringup)
[2.156s] DEBUG:colcon.colcon_core.event_handler.log_command:Invoked command in '/home/weichen/project/kachaka/kachaka_ws/build/kachaka_nav2_bringup' returned '0': CMAKE_PREFIX_PATH=/opt/ros/humble /usr/bin/cmake --install /home/weichen/project/kachaka/kachaka_ws/build/kachaka_nav2_bringup
[2.178s] Level 1:colcon.colcon_core.environment:checking '/home/weichen/project/kachaka/kachaka_ws/install/kachaka_nav2_bringup' for CMake module files
[2.179s] Level 1:colcon.colcon_core.environment:checking '/home/weichen/project/kachaka/kachaka_ws/install/kachaka_nav2_bringup' for CMake config files
[2.180s] Level 1:colcon.colcon_core.shell:create_environment_hook('kachaka_nav2_bringup', 'cmake_prefix_path')
[2.180s] INFO:colcon.colcon_core.shell:Creating environment hook '/home/weichen/project/kachaka/kachaka_ws/install/kachaka_nav2_bringup/share/kachaka_nav2_bringup/hook/cmake_prefix_path.ps1'
[2.181s] INFO:colcon.colcon_core.shell:Creating environment descriptor '/home/weichen/project/kachaka/kachaka_ws/install/kachaka_nav2_bringup/share/kachaka_nav2_bringup/hook/cmake_prefix_path.dsv'
[2.181s] INFO:colcon.colcon_core.shell:Creating environment hook '/home/weichen/project/kachaka/kachaka_ws/install/kachaka_nav2_bringup/share/kachaka_nav2_bringup/hook/cmake_prefix_path.sh'
[2.183s] Level 1:colcon.colcon_core.environment:checking '/home/weichen/project/kachaka/kachaka_ws/install/kachaka_nav2_bringup/bin'
[2.183s] Level 1:colcon.colcon_core.environment:checking '/home/weichen/project/kachaka/kachaka_ws/install/kachaka_nav2_bringup/lib/pkgconfig/kachaka_nav2_bringup.pc'
[2.183s] Level 1:colcon.colcon_core.environment:checking '/home/weichen/project/kachaka/kachaka_ws/install/kachaka_nav2_bringup/lib/python3.10/site-packages'
[2.184s] Level 1:colcon.colcon_core.environment:checking '/home/weichen/project/kachaka/kachaka_ws/install/kachaka_nav2_bringup/bin'
[2.185s] INFO:colcon.colcon_core.shell:Creating package script '/home/weichen/project/kachaka/kachaka_ws/install/kachaka_nav2_bringup/share/kachaka_nav2_bringup/package.ps1'
[2.188s] INFO:colcon.colcon_core.shell:Creating package descriptor '/home/weichen/project/kachaka/kachaka_ws/install/kachaka_nav2_bringup/share/kachaka_nav2_bringup/package.dsv'
[2.190s] INFO:colcon.colcon_core.shell:Creating package script '/home/weichen/project/kachaka/kachaka_ws/install/kachaka_nav2_bringup/share/kachaka_nav2_bringup/package.sh'
[2.192s] INFO:colcon.colcon_core.shell:Creating package script '/home/weichen/project/kachaka/kachaka_ws/install/kachaka_nav2_bringup/share/kachaka_nav2_bringup/package.bash'
[2.194s] INFO:colcon.colcon_core.shell:Creating package script '/home/weichen/project/kachaka/kachaka_ws/install/kachaka_nav2_bringup/share/kachaka_nav2_bringup/package.zsh'
[2.195s] Level 1:colcon.colcon_core.environment:create_file_with_runtime_dependencies(/home/weichen/project/kachaka/kachaka_ws/install/kachaka_nav2_bringup/share/colcon-core/packages/kachaka_nav2_bringup)
[2.197s] Level 1:colcon.colcon_core.environment:create_environment_scripts_only(kachaka_nav2_bringup)
[2.197s] Level 1:colcon.colcon_core.environment:checking '/home/weichen/project/kachaka/kachaka_ws/install/kachaka_nav2_bringup' for CMake module files
[2.198s] Level 1:colcon.colcon_core.environment:checking '/home/weichen/project/kachaka/kachaka_ws/install/kachaka_nav2_bringup' for CMake config files
[2.198s] Level 1:colcon.colcon_core.shell:create_environment_hook('kachaka_nav2_bringup', 'cmake_prefix_path')
[2.199s] INFO:colcon.colcon_core.shell:Creating environment hook '/home/weichen/project/kachaka/kachaka_ws/install/kachaka_nav2_bringup/share/kachaka_nav2_bringup/hook/cmake_prefix_path.ps1'
[2.199s] INFO:colcon.colcon_core.shell:Creating environment descriptor '/home/weichen/project/kachaka/kachaka_ws/install/kachaka_nav2_bringup/share/kachaka_nav2_bringup/hook/cmake_prefix_path.dsv'
[2.200s] INFO:colcon.colcon_core.shell:Creating environment hook '/home/weichen/project/kachaka/kachaka_ws/install/kachaka_nav2_bringup/share/kachaka_nav2_bringup/hook/cmake_prefix_path.sh'
[2.201s] Level 1:colcon.colcon_core.environment:checking '/home/weichen/project/kachaka/kachaka_ws/install/kachaka_nav2_bringup/bin'
[2.201s] Level 1:colcon.colcon_core.environment:checking '/home/weichen/project/kachaka/kachaka_ws/install/kachaka_nav2_bringup/lib/pkgconfig/kachaka_nav2_bringup.pc'
[2.201s] Level 1:colcon.colcon_core.environment:checking '/home/weichen/project/kachaka/kachaka_ws/install/kachaka_nav2_bringup/lib/python3.10/site-packages'
[2.202s] Level 1:colcon.colcon_core.environment:checking '/home/weichen/project/kachaka/kachaka_ws/install/kachaka_nav2_bringup/bin'
[2.203s] INFO:colcon.colcon_core.shell:Creating package script '/home/weichen/project/kachaka/kachaka_ws/install/kachaka_nav2_bringup/share/kachaka_nav2_bringup/package.ps1'
[2.203s] INFO:colcon.colcon_core.shell:Creating package descriptor '/home/weichen/project/kachaka/kachaka_ws/install/kachaka_nav2_bringup/share/kachaka_nav2_bringup/package.dsv'
[2.204s] INFO:colcon.colcon_core.shell:Creating package script '/home/weichen/project/kachaka/kachaka_ws/install/kachaka_nav2_bringup/share/kachaka_nav2_bringup/package.sh'
[2.207s] INFO:colcon.colcon_core.shell:Creating package script '/home/weichen/project/kachaka/kachaka_ws/install/kachaka_nav2_bringup/share/kachaka_nav2_bringup/package.bash'
[2.208s] INFO:colcon.colcon_core.shell:Creating package script '/home/weichen/project/kachaka/kachaka_ws/install/kachaka_nav2_bringup/share/kachaka_nav2_bringup/package.zsh'
[2.209s] Level 1:colcon.colcon_core.environment:create_file_with_runtime_dependencies(/home/weichen/project/kachaka/kachaka_ws/install/kachaka_nav2_bringup/share/colcon-core/packages/kachaka_nav2_bringup)
[2.212s] Level 1:colcon.colcon_core.environment:create_environment_scripts_only(kachaka_description)
[2.213s] Level 1:colcon.colcon_core.environment:checking '/home/weichen/project/kachaka/kachaka_ws/install/kachaka_description' for CMake module files
[2.214s] DEBUG:colcon.colcon_core.event_handler.log_command:Invoked command in '/home/weichen/project/kachaka/kachaka_ws/build/kachaka_description' returned '0': CMAKE_PREFIX_PATH=/opt/ros/humble /usr/bin/cmake --install /home/weichen/project/kachaka/kachaka_ws/build/kachaka_description
[2.214s] Level 1:colcon.colcon_core.environment:checking '/home/weichen/project/kachaka/kachaka_ws/install/kachaka_description' for CMake config files
[2.215s] Level 1:colcon.colcon_core.shell:create_environment_hook('kachaka_description', 'cmake_prefix_path')
[2.215s] INFO:colcon.colcon_core.shell:Creating environment hook '/home/weichen/project/kachaka/kachaka_ws/install/kachaka_description/share/kachaka_description/hook/cmake_prefix_path.ps1'
[2.216s] INFO:colcon.colcon_core.shell:Creating environment descriptor '/home/weichen/project/kachaka/kachaka_ws/install/kachaka_description/share/kachaka_description/hook/cmake_prefix_path.dsv'
[2.217s] INFO:colcon.colcon_core.shell:Creating environment hook '/home/weichen/project/kachaka/kachaka_ws/install/kachaka_description/share/kachaka_description/hook/cmake_prefix_path.sh'
[2.218s] Level 1:colcon.colcon_core.environment:checking '/home/weichen/project/kachaka/kachaka_ws/install/kachaka_description/bin'
[2.218s] Level 1:colcon.colcon_core.environment:checking '/home/weichen/project/kachaka/kachaka_ws/install/kachaka_description/lib/pkgconfig/kachaka_description.pc'
[2.218s] Level 1:colcon.colcon_core.environment:checking '/home/weichen/project/kachaka/kachaka_ws/install/kachaka_description/lib/python3.10/site-packages'
[2.219s] Level 1:colcon.colcon_core.environment:checking '/home/weichen/project/kachaka/kachaka_ws/install/kachaka_description/bin'
[2.219s] INFO:colcon.colcon_core.shell:Creating package script '/home/weichen/project/kachaka/kachaka_ws/install/kachaka_description/share/kachaka_description/package.ps1'
[2.220s] INFO:colcon.colcon_core.shell:Creating package descriptor '/home/weichen/project/kachaka/kachaka_ws/install/kachaka_description/share/kachaka_description/package.dsv'
[2.221s] INFO:colcon.colcon_core.shell:Creating package script '/home/weichen/project/kachaka/kachaka_ws/install/kachaka_description/share/kachaka_description/package.sh'
[2.222s] INFO:colcon.colcon_core.shell:Creating package script '/home/weichen/project/kachaka/kachaka_ws/install/kachaka_description/share/kachaka_description/package.bash'
[2.224s] INFO:colcon.colcon_core.shell:Creating package script '/home/weichen/project/kachaka/kachaka_ws/install/kachaka_description/share/kachaka_description/package.zsh'
[2.224s] Level 1:colcon.colcon_core.environment:create_file_with_runtime_dependencies(/home/weichen/project/kachaka/kachaka_ws/install/kachaka_description/share/colcon-core/packages/kachaka_description)
[2.225s] Level 1:colcon.colcon_core.environment:create_environment_scripts_only(kachaka_description)
[2.226s] Level 1:colcon.colcon_core.environment:checking '/home/weichen/project/kachaka/kachaka_ws/install/kachaka_description' for CMake module files
[2.227s] Level 1:colcon.colcon_core.environment:checking '/home/weichen/project/kachaka/kachaka_ws/install/kachaka_description' for CMake config files
[2.227s] Level 1:colcon.colcon_core.shell:create_environment_hook('kachaka_description', 'cmake_prefix_path')
[2.228s] INFO:colcon.colcon_core.shell:Creating environment hook '/home/weichen/project/kachaka/kachaka_ws/install/kachaka_description/share/kachaka_description/hook/cmake_prefix_path.ps1'
[2.228s] INFO:colcon.colcon_core.shell:Creating environment descriptor '/home/weichen/project/kachaka/kachaka_ws/install/kachaka_description/share/kachaka_description/hook/cmake_prefix_path.dsv'
[2.229s] INFO:colcon.colcon_core.shell:Creating environment hook '/home/weichen/project/kachaka/kachaka_ws/install/kachaka_description/share/kachaka_description/hook/cmake_prefix_path.sh'
[2.233s] Level 1:colcon.colcon_core.environment:checking '/home/weichen/project/kachaka/kachaka_ws/install/kachaka_description/bin'
[2.234s] Level 1:colcon.colcon_core.environment:checking '/home/weichen/project/kachaka/kachaka_ws/install/kachaka_description/lib/pkgconfig/kachaka_description.pc'
[2.235s] Level 1:colcon.colcon_core.environment:checking '/home/weichen/project/kachaka/kachaka_ws/install/kachaka_description/lib/python3.10/site-packages'
[2.236s] Level 1:colcon.colcon_core.environment:checking '/home/weichen/project/kachaka/kachaka_ws/install/kachaka_description/bin'
[2.237s] INFO:colcon.colcon_core.shell:Creating package script '/home/weichen/project/kachaka/kachaka_ws/install/kachaka_description/share/kachaka_description/package.ps1'
[2.238s] INFO:colcon.colcon_core.shell:Creating package descriptor '/home/weichen/project/kachaka/kachaka_ws/install/kachaka_description/share/kachaka_description/package.dsv'
[2.239s] INFO:colcon.colcon_core.shell:Creating package script '/home/weichen/project/kachaka/kachaka_ws/install/kachaka_description/share/kachaka_description/package.sh'
[2.240s] INFO:colcon.colcon_core.shell:Creating package script '/home/weichen/project/kachaka/kachaka_ws/install/kachaka_description/share/kachaka_description/package.bash'
[2.242s] INFO:colcon.colcon_core.shell:Creating package script '/home/weichen/project/kachaka/kachaka_ws/install/kachaka_description/share/kachaka_description/package.zsh'
[2.246s] Level 1:colcon.colcon_core.environment:create_file_with_runtime_dependencies(/home/weichen/project/kachaka/kachaka_ws/install/kachaka_description/share/colcon-core/packages/kachaka_description)
[2.263s] DEBUG:colcon.colcon_core.event_handler.log_command:Invoked command in '/home/weichen/project/kachaka/kachaka_ws/build/kachaka_vision' returned '0': CMAKE_PREFIX_PATH=/opt/ros/humble /usr/bin/cmake --build /home/weichen/project/kachaka/kachaka_ws/build/kachaka_vision -- -j16 -l16
[2.273s] DEBUG:colcon.colcon_core.event_handler.log_command:Invoking command in '/home/weichen/project/kachaka/kachaka_ws/build/kachaka_vision': CMAKE_PREFIX_PATH=/opt/ros/humble /usr/bin/cmake --install /home/weichen/project/kachaka/kachaka_ws/build/kachaka_vision
[2.297s] Level 1:colcon.colcon_core.environment:create_environment_scripts_only(kachaka_vision)
[2.298s] Level 1:colcon.colcon_core.environment:checking '/home/weichen/project/kachaka/kachaka_ws/install/kachaka_vision' for CMake module files
[2.301s] DEBUG:colcon.colcon_core.event_handler.log_command:Invoked command in '/home/weichen/project/kachaka/kachaka_ws/build/kachaka_vision' returned '0': CMAKE_PREFIX_PATH=/opt/ros/humble /usr/bin/cmake --install /home/weichen/project/kachaka/kachaka_ws/build/kachaka_vision
[2.303s] Level 1:colcon.colcon_core.environment:checking '/home/weichen/project/kachaka/kachaka_ws/install/kachaka_vision' for CMake config files
[2.304s] Level 1:colcon.colcon_core.shell:create_environment_hook('kachaka_vision', 'cmake_prefix_path')
[2.305s] INFO:colcon.colcon_core.shell:Creating environment hook '/home/weichen/project/kachaka/kachaka_ws/install/kachaka_vision/share/kachaka_vision/hook/cmake_prefix_path.ps1'
[2.306s] INFO:colcon.colcon_core.shell:Creating environment descriptor '/home/weichen/project/kachaka/kachaka_ws/install/kachaka_vision/share/kachaka_vision/hook/cmake_prefix_path.dsv'
[2.307s] INFO:colcon.colcon_core.shell:Creating environment hook '/home/weichen/project/kachaka/kachaka_ws/install/kachaka_vision/share/kachaka_vision/hook/cmake_prefix_path.sh'
[2.307s] Level 1:colcon.colcon_core.environment:checking '/home/weichen/project/kachaka/kachaka_ws/install/kachaka_vision/lib'
[2.308s] Level 1:colcon.colcon_core.environment:checking '/home/weichen/project/kachaka/kachaka_ws/install/kachaka_vision/bin'
[2.308s] Level 1:colcon.colcon_core.environment:checking '/home/weichen/project/kachaka/kachaka_ws/install/kachaka_vision/lib/pkgconfig/kachaka_vision.pc'
[2.308s] Level 1:colcon.colcon_core.environment:checking '/home/weichen/project/kachaka/kachaka_ws/install/kachaka_vision/lib/python3.10/site-packages'
[2.309s] Level 1:colcon.colcon_core.environment:checking '/home/weichen/project/kachaka/kachaka_ws/install/kachaka_vision/bin'
[2.309s] INFO:colcon.colcon_core.shell:Creating package script '/home/weichen/project/kachaka/kachaka_ws/install/kachaka_vision/share/kachaka_vision/package.ps1'
[2.310s] INFO:colcon.colcon_core.shell:Creating package descriptor '/home/weichen/project/kachaka/kachaka_ws/install/kachaka_vision/share/kachaka_vision/package.dsv'
[2.310s] INFO:colcon.colcon_core.shell:Creating package script '/home/weichen/project/kachaka/kachaka_ws/install/kachaka_vision/share/kachaka_vision/package.sh'
[2.310s] INFO:colcon.colcon_core.shell:Creating package script '/home/weichen/project/kachaka/kachaka_ws/install/kachaka_vision/share/kachaka_vision/package.bash'
[2.311s] INFO:colcon.colcon_core.shell:Creating package script '/home/weichen/project/kachaka/kachaka_ws/install/kachaka_vision/share/kachaka_vision/package.zsh'
[2.311s] Level 1:colcon.colcon_core.environment:create_file_with_runtime_dependencies(/home/weichen/project/kachaka/kachaka_ws/install/kachaka_vision/share/colcon-core/packages/kachaka_vision)
[2.312s] Level 1:colcon.colcon_core.environment:create_environment_scripts_only(kachaka_vision)
[2.312s] Level 1:colcon.colcon_core.environment:checking '/home/weichen/project/kachaka/kachaka_ws/install/kachaka_vision' for CMake module files
[2.313s] Level 1:colcon.colcon_core.environment:checking '/home/weichen/project/kachaka/kachaka_ws/install/kachaka_vision' for CMake config files
[2.313s] Level 1:colcon.colcon_core.shell:create_environment_hook('kachaka_vision', 'cmake_prefix_path')
[2.313s] INFO:colcon.colcon_core.shell:Creating environment hook '/home/weichen/project/kachaka/kachaka_ws/install/kachaka_vision/share/kachaka_vision/hook/cmake_prefix_path.ps1'
[2.314s] INFO:colcon.colcon_core.shell:Creating environment descriptor '/home/weichen/project/kachaka/kachaka_ws/install/kachaka_vision/share/kachaka_vision/hook/cmake_prefix_path.dsv'
[2.314s] INFO:colcon.colcon_core.shell:Creating environment hook '/home/weichen/project/kachaka/kachaka_ws/install/kachaka_vision/share/kachaka_vision/hook/cmake_prefix_path.sh'
[2.315s] Level 1:colcon.colcon_core.environment:checking '/home/weichen/project/kachaka/kachaka_ws/install/kachaka_vision/lib'
[2.315s] Level 1:colcon.colcon_core.environment:checking '/home/weichen/project/kachaka/kachaka_ws/install/kachaka_vision/bin'
[2.315s] Level 1:colcon.colcon_core.environment:checking '/home/weichen/project/kachaka/kachaka_ws/install/kachaka_vision/lib/pkgconfig/kachaka_vision.pc'
[2.315s] Level 1:colcon.colcon_core.environment:checking '/home/weichen/project/kachaka/kachaka_ws/install/kachaka_vision/lib/python3.10/site-packages'
[2.316s] Level 1:colcon.colcon_core.environment:checking '/home/weichen/project/kachaka/kachaka_ws/install/kachaka_vision/bin'
[2.316s] INFO:colcon.colcon_core.shell:Creating package script '/home/weichen/project/kachaka/kachaka_ws/install/kachaka_vision/share/kachaka_vision/package.ps1'
[2.318s] INFO:colcon.colcon_core.shell:Creating package descriptor '/home/weichen/project/kachaka/kachaka_ws/install/kachaka_vision/share/kachaka_vision/package.dsv'
[2.321s] INFO:colcon.colcon_core.shell:Creating package script '/home/weichen/project/kachaka/kachaka_ws/install/kachaka_vision/share/kachaka_vision/package.sh'
[2.322s] INFO:colcon.colcon_core.shell:Creating package script '/home/weichen/project/kachaka/kachaka_ws/install/kachaka_vision/share/kachaka_vision/package.bash'
[2.322s] INFO:colcon.colcon_core.shell:Creating package script '/home/weichen/project/kachaka/kachaka_ws/install/kachaka_vision/share/kachaka_vision/package.zsh'
[2.323s] Level 1:colcon.colcon_core.environment:create_file_with_runtime_dependencies(/home/weichen/project/kachaka/kachaka_ws/install/kachaka_vision/share/colcon-core/packages/kachaka_vision)
[2.334s] DEBUG:colcon.colcon_core.event_handler.log_command:Invoked command in '/home/weichen/project/kachaka/kachaka_ws/build/kachaka_interfaces' returned '0': CMAKE_PREFIX_PATH=/opt/ros/humble /usr/bin/cmake --build /home/weichen/project/kachaka/kachaka_ws/build/kachaka_interfaces -- -j16 -l16
[2.343s] DEBUG:colcon.colcon_core.event_handler.log_command:Invoking command in '/home/weichen/project/kachaka/kachaka_ws/build/kachaka_interfaces': CMAKE_PREFIX_PATH=/opt/ros/humble /usr/bin/cmake --install /home/weichen/project/kachaka/kachaka_ws/build/kachaka_interfaces
[2.516s] Level 1:colcon.colcon_core.environment:create_environment_scripts_only(kachaka_interfaces)
[2.518s] Level 1:colcon.colcon_core.environment:checking '/home/weichen/project/kachaka/kachaka_ws/install/kachaka_interfaces' for CMake module files
[2.519s] DEBUG:colcon.colcon_core.event_handler.log_command:Invoked command in '/home/weichen/project/kachaka/kachaka_ws/build/kachaka_interfaces' returned '0': CMAKE_PREFIX_PATH=/opt/ros/humble /usr/bin/cmake --install /home/weichen/project/kachaka/kachaka_ws/build/kachaka_interfaces
[2.520s] Level 1:colcon.colcon_core.environment:checking '/home/weichen/project/kachaka/kachaka_ws/install/kachaka_interfaces' for CMake config files
[2.520s] Level 1:colcon.colcon_core.shell:create_environment_hook('kachaka_interfaces', 'cmake_prefix_path')
[2.521s] INFO:colcon.colcon_core.shell:Creating environment hook '/home/weichen/project/kachaka/kachaka_ws/install/kachaka_interfaces/share/kachaka_interfaces/hook/cmake_prefix_path.ps1'
[2.521s] INFO:colcon.colcon_core.shell:Creating environment descriptor '/home/weichen/project/kachaka/kachaka_ws/install/kachaka_interfaces/share/kachaka_interfaces/hook/cmake_prefix_path.dsv'
[2.522s] INFO:colcon.colcon_core.shell:Creating environment hook '/home/weichen/project/kachaka/kachaka_ws/install/kachaka_interfaces/share/kachaka_interfaces/hook/cmake_prefix_path.sh'
[2.523s] Level 1:colcon.colcon_core.environment:checking '/home/weichen/project/kachaka/kachaka_ws/install/kachaka_interfaces/lib'
[2.523s] Level 1:colcon.colcon_core.shell:create_environment_hook('kachaka_interfaces', 'ld_library_path_lib')
[2.523s] INFO:colcon.colcon_core.shell:Creating environment hook '/home/weichen/project/kachaka/kachaka_ws/install/kachaka_interfaces/share/kachaka_interfaces/hook/ld_library_path_lib.ps1'
[2.525s] INFO:colcon.colcon_core.shell:Creating environment descriptor '/home/weichen/project/kachaka/kachaka_ws/install/kachaka_interfaces/share/kachaka_interfaces/hook/ld_library_path_lib.dsv'
[2.526s] INFO:colcon.colcon_core.shell:Creating environment hook '/home/weichen/project/kachaka/kachaka_ws/install/kachaka_interfaces/share/kachaka_interfaces/hook/ld_library_path_lib.sh'
[2.526s] Level 1:colcon.colcon_core.environment:checking '/home/weichen/project/kachaka/kachaka_ws/install/kachaka_interfaces/bin'
[2.526s] Level 1:colcon.colcon_core.environment:checking '/home/weichen/project/kachaka/kachaka_ws/install/kachaka_interfaces/lib/pkgconfig/kachaka_interfaces.pc'
[2.527s] Level 1:colcon.colcon_core.environment:checking '/home/weichen/project/kachaka/kachaka_ws/install/kachaka_interfaces/lib/python3.10/site-packages'
[2.527s] Level 1:colcon.colcon_core.environment:checking '/home/weichen/project/kachaka/kachaka_ws/install/kachaka_interfaces/bin'
[2.528s] INFO:colcon.colcon_core.shell:Creating package script '/home/weichen/project/kachaka/kachaka_ws/install/kachaka_interfaces/share/kachaka_interfaces/package.ps1'
[2.529s] INFO:colcon.colcon_core.shell:Creating package descriptor '/home/weichen/project/kachaka/kachaka_ws/install/kachaka_interfaces/share/kachaka_interfaces/package.dsv'
[2.529s] INFO:colcon.colcon_core.shell:Creating package script '/home/weichen/project/kachaka/kachaka_ws/install/kachaka_interfaces/share/kachaka_interfaces/package.sh'
[2.530s] INFO:colcon.colcon_core.shell:Creating package script '/home/weichen/project/kachaka/kachaka_ws/install/kachaka_interfaces/share/kachaka_interfaces/package.bash'
[2.531s] INFO:colcon.colcon_core.shell:Creating package script '/home/weichen/project/kachaka/kachaka_ws/install/kachaka_interfaces/share/kachaka_interfaces/package.zsh'
[2.531s] Level 1:colcon.colcon_core.environment:create_file_with_runtime_dependencies(/home/weichen/project/kachaka/kachaka_ws/install/kachaka_interfaces/share/colcon-core/packages/kachaka_interfaces)
[2.533s] Level 1:colcon.colcon_core.environment:create_environment_scripts_only(kachaka_interfaces)
[2.534s] Level 1:colcon.colcon_core.environment:checking '/home/weichen/project/kachaka/kachaka_ws/install/kachaka_interfaces' for CMake module files
[2.536s] Level 1:colcon.colcon_core.environment:checking '/home/weichen/project/kachaka/kachaka_ws/install/kachaka_interfaces' for CMake config files
[2.539s] Level 1:colcon.colcon_core.shell:create_environment_hook('kachaka_interfaces', 'cmake_prefix_path')
[2.540s] INFO:colcon.colcon_core.shell:Creating environment hook '/home/weichen/project/kachaka/kachaka_ws/install/kachaka_interfaces/share/kachaka_interfaces/hook/cmake_prefix_path.ps1'
[2.542s] INFO:colcon.colcon_core.shell:Creating environment descriptor '/home/weichen/project/kachaka/kachaka_ws/install/kachaka_interfaces/share/kachaka_interfaces/hook/cmake_prefix_path.dsv'
[2.544s] INFO:colcon.colcon_core.shell:Creating environment hook '/home/weichen/project/kachaka/kachaka_ws/install/kachaka_interfaces/share/kachaka_interfaces/hook/cmake_prefix_path.sh'
[2.547s] Level 1:colcon.colcon_core.environment:checking '/home/weichen/project/kachaka/kachaka_ws/install/kachaka_interfaces/lib'
[2.548s] Level 1:colcon.colcon_core.shell:create_environment_hook('kachaka_interfaces', 'ld_library_path_lib')
[2.549s] INFO:colcon.colcon_core.shell:Creating environment hook '/home/weichen/project/kachaka/kachaka_ws/install/kachaka_interfaces/share/kachaka_interfaces/hook/ld_library_path_lib.ps1'
[2.551s] INFO:colcon.colcon_core.shell:Creating environment descriptor '/home/weichen/project/kachaka/kachaka_ws/install/kachaka_interfaces/share/kachaka_interfaces/hook/ld_library_path_lib.dsv'
[2.553s] INFO:colcon.colcon_core.shell:Creating environment hook '/home/weichen/project/kachaka/kachaka_ws/install/kachaka_interfaces/share/kachaka_interfaces/hook/ld_library_path_lib.sh'
[2.555s] Level 1:colcon.colcon_core.environment:checking '/home/weichen/project/kachaka/kachaka_ws/install/kachaka_interfaces/bin'
[2.555s] Level 1:colcon.colcon_core.environment:checking '/home/weichen/project/kachaka/kachaka_ws/install/kachaka_interfaces/lib/pkgconfig/kachaka_interfaces.pc'
[2.556s] Level 1:colcon.colcon_core.environment:checking '/home/weichen/project/kachaka/kachaka_ws/install/kachaka_interfaces/lib/python3.10/site-packages'
[2.556s] Level 1:colcon.colcon_core.environment:checking '/home/weichen/project/kachaka/kachaka_ws/install/kachaka_interfaces/bin'
[2.557s] INFO:colcon.colcon_core.shell:Creating package script '/home/weichen/project/kachaka/kachaka_ws/install/kachaka_interfaces/share/kachaka_interfaces/package.ps1'
[2.557s] INFO:colcon.colcon_core.shell:Creating package descriptor '/home/weichen/project/kachaka/kachaka_ws/install/kachaka_interfaces/share/kachaka_interfaces/package.dsv'
[2.559s] INFO:colcon.colcon_core.shell:Creating package script '/home/weichen/project/kachaka/kachaka_ws/install/kachaka_interfaces/share/kachaka_interfaces/package.sh'
[2.560s] INFO:colcon.colcon_core.shell:Creating package script '/home/weichen/project/kachaka/kachaka_ws/install/kachaka_interfaces/share/kachaka_interfaces/package.bash'
[2.561s] INFO:colcon.colcon_core.shell:Creating package script '/home/weichen/project/kachaka/kachaka_ws/install/kachaka_interfaces/share/kachaka_interfaces/package.zsh'
[2.561s] Level 1:colcon.colcon_core.environment:create_file_with_runtime_dependencies(/home/weichen/project/kachaka/kachaka_ws/install/kachaka_interfaces/share/colcon-core/packages/kachaka_interfaces)
[2.561s] INFO:colcon.colcon_ros.task.ament_python.build:Building ROS package in '/home/weichen/project/kachaka/kachaka_ws/src/demos/kachaka_follow' with build type 'ament_python'
[2.563s] Level 1:colcon.colcon_core.shell:create_environment_hook('kachaka_follow', 'ament_prefix_path')
[2.563s] INFO:colcon.colcon_core.shell:Creating environment hook '/home/weichen/project/kachaka/kachaka_ws/install/kachaka_follow/share/kachaka_follow/hook/ament_prefix_path.ps1'
[2.566s] INFO:colcon.colcon_core.shell:Creating environment descriptor '/home/weichen/project/kachaka/kachaka_ws/install/kachaka_follow/share/kachaka_follow/hook/ament_prefix_path.dsv'
[2.568s] INFO:colcon.colcon_core.shell:Creating environment hook '/home/weichen/project/kachaka/kachaka_ws/install/kachaka_follow/share/kachaka_follow/hook/ament_prefix_path.sh'
[2.570s] INFO:colcon.colcon_core.shell:Skip shell extension 'powershell' for command environment: Not usable outside of PowerShell
[2.570s] DEBUG:colcon.colcon_core.shell:Skip shell extension 'dsv' for command environment
[2.582s] INFO:colcon.colcon_ros.task.ament_python.build:Building ROS package in '/home/weichen/project/kachaka/kachaka_ws/src/demos/kachaka_smart_speaker' with build type 'ament_python'
[2.583s] Level 1:colcon.colcon_core.shell:create_environment_hook('kachaka_smart_speaker', 'ament_prefix_path')
[2.584s] INFO:colcon.colcon_core.shell:Creating environment hook '/home/weichen/project/kachaka/kachaka_ws/install/kachaka_smart_speaker/share/kachaka_smart_speaker/hook/ament_prefix_path.ps1'
[2.585s] INFO:colcon.colcon_core.shell:Creating environment descriptor '/home/weichen/project/kachaka/kachaka_ws/install/kachaka_smart_speaker/share/kachaka_smart_speaker/hook/ament_prefix_path.dsv'
[2.586s] INFO:colcon.colcon_core.shell:Creating environment hook '/home/weichen/project/kachaka/kachaka_ws/install/kachaka_smart_speaker/share/kachaka_smart_speaker/hook/ament_prefix_path.sh'
[2.587s] INFO:colcon.colcon_core.shell:Skip shell extension 'powershell' for command environment: Not usable outside of PowerShell
[2.587s] DEBUG:colcon.colcon_core.shell:Skip shell extension 'dsv' for command environment
[1.529s] INFO:colcon.colcon_core.task.python.build:Building Python package in '/home/weichen/project/kachaka/kachaka_ws/src/demos/kachaka_smart_speaker'
[1.529s] INFO:colcon.colcon_core.shell:Skip shell extension 'powershell' for command environment: Not usable outside of PowerShell
[1.529s] DEBUG:colcon.colcon_core.shell:Skip shell extension 'dsv' for command environment
[1.986s] INFO:colcon.colcon_core.task.python.build:Building Python package in '/home/weichen/project/kachaka/kachaka_ws/src/demos/kachaka_follow'
[1.987s] INFO:colcon.colcon_core.shell:Skip shell extension 'powershell' for command environment: Not usable outside of PowerShell
[1.987s] DEBUG:colcon.colcon_core.shell:Skip shell extension 'dsv' for command environment
[1.997s] DEBUG:colcon.colcon_core.event_handler.log_command:Invoking command in '/home/weichen/project/kachaka/kachaka_ws/src/demos/kachaka_speak': PYTHONPATH=/home/weichen/project/kachaka/kachaka_ws/build/kachaka_speak/prefix_override:/usr/lib/python3/dist-packages/colcon_core/task/python/colcon_distutils_commands:/home/weichen/project/kachaka/kachaka_ws/install/kachaka_speak/lib/python3.10/site-packages:${PYTHONPATH} /usr/bin/python3 -W ignore:setup.py install is deprecated -W ignore:easy_install command is deprecated setup.py egg_info --egg-base ../../../build/kachaka_speak build --build-base /home/weichen/project/kachaka/kachaka_ws/build/kachaka_speak/build install --record /home/weichen/project/kachaka/kachaka_ws/build/kachaka_speak/install.log --single-version-externally-managed install_data
[2.534s] Level 1:colcon.colcon_core.environment:checking '/home/weichen/project/kachaka/kachaka_ws/install/kachaka_speak' for CMake module files
[2.536s] DEBUG:colcon.colcon_core.event_handler.log_command:Invoked command in '/home/weichen/project/kachaka/kachaka_ws/src/demos/kachaka_speak' returned '0': PYTHONPATH=/home/weichen/project/kachaka/kachaka_ws/build/kachaka_speak/prefix_override:/usr/lib/python3/dist-packages/colcon_core/task/python/colcon_distutils_commands:/home/weichen/project/kachaka/kachaka_ws/install/kachaka_speak/lib/python3.10/site-packages:${PYTHONPATH} /usr/bin/python3 -W ignore:setup.py install is deprecated -W ignore:easy_install command is deprecated setup.py egg_info --egg-base ../../../build/kachaka_speak build --build-base /home/weichen/project/kachaka/kachaka_ws/build/kachaka_speak/build install --record /home/weichen/project/kachaka/kachaka_ws/build/kachaka_speak/install.log --single-version-externally-managed install_data
[2.537s] Level 1:colcon.colcon_core.environment:checking '/home/weichen/project/kachaka/kachaka_ws/install/kachaka_speak' for CMake config files
[2.540s] Level 1:colcon.colcon_core.environment:checking '/home/weichen/project/kachaka/kachaka_ws/install/kachaka_speak/lib'
[2.540s] Level 1:colcon.colcon_core.environment:checking '/home/weichen/project/kachaka/kachaka_ws/install/kachaka_speak/bin'
[2.541s] Level 1:colcon.colcon_core.environment:checking '/home/weichen/project/kachaka/kachaka_ws/install/kachaka_speak/lib/pkgconfig/kachaka_speak.pc'
[2.542s] Level 1:colcon.colcon_core.environment:checking '/home/weichen/project/kachaka/kachaka_ws/install/kachaka_speak/lib/python3.10/site-packages'
[2.542s] Level 1:colcon.colcon_core.shell:create_environment_hook('kachaka_speak', 'pythonpath')
[2.544s] INFO:colcon.colcon_core.shell:Creating environment hook '/home/weichen/project/kachaka/kachaka_ws/install/kachaka_speak/share/kachaka_speak/hook/pythonpath.ps1'
[2.547s] INFO:colcon.colcon_core.shell:Creating environment descriptor '/home/weichen/project/kachaka/kachaka_ws/install/kachaka_speak/share/kachaka_speak/hook/pythonpath.dsv'
[2.548s] INFO:colcon.colcon_core.shell:Creating environment hook '/home/weichen/project/kachaka/kachaka_ws/install/kachaka_speak/share/kachaka_speak/hook/pythonpath.sh'
[2.551s] Level 1:colcon.colcon_core.environment:checking '/home/weichen/project/kachaka/kachaka_ws/install/kachaka_speak/bin'
[2.551s] Level 1:colcon.colcon_core.environment:create_environment_scripts_only(kachaka_speak)
[2.553s] INFO:colcon.colcon_core.shell:Creating package script '/home/weichen/project/kachaka/kachaka_ws/install/kachaka_speak/share/kachaka_speak/package.ps1'
[2.556s] INFO:colcon.colcon_core.shell:Creating package descriptor '/home/weichen/project/kachaka/kachaka_ws/install/kachaka_speak/share/kachaka_speak/package.dsv'
[2.557s] INFO:colcon.colcon_core.shell:Creating package script '/home/weichen/project/kachaka/kachaka_ws/install/kachaka_speak/share/kachaka_speak/package.sh'
[2.559s] INFO:colcon.colcon_core.shell:Creating package script '/home/weichen/project/kachaka/kachaka_ws/install/kachaka_speak/share/kachaka_speak/package.bash'
[2.560s] INFO:colcon.colcon_core.shell:Creating package script '/home/weichen/project/kachaka/kachaka_ws/install/kachaka_speak/share/kachaka_speak/package.zsh'
[2.560s] Level 1:colcon.colcon_core.environment:create_file_with_runtime_dependencies(/home/weichen/project/kachaka/kachaka_ws/install/kachaka_speak/share/colcon-core/packages/kachaka_speak)
[2.672s] DEBUG:colcon.colcon_core.event_handler.log_command:Invoking command in '/home/weichen/project/kachaka/kachaka_ws/src/demos/kachaka_smart_speaker': AMENT_PREFIX_PATH=/home/weichen/project/kachaka/kachaka_ws/install/kachaka_interfaces:${AMENT_PREFIX_PATH} CMAKE_PREFIX_PATH=/home/weichen/project/kachaka/kachaka_ws/install/kachaka_interfaces LD_LIBRARY_PATH=/home/weichen/project/kachaka/kachaka_ws/install/kachaka_interfaces/lib:${LD_LIBRARY_PATH} PYTHONPATH=/home/weichen/project/kachaka/kachaka_ws/build/kachaka_smart_speaker/prefix_override:/usr/lib/python3/dist-packages/colcon_core/task/python/colcon_distutils_commands:/home/weichen/project/kachaka/kachaka_ws/install/kachaka_smart_speaker/lib/python3.10/site-packages:/home/weichen/project/kachaka/kachaka_ws/install/kachaka_interfaces/local/lib/python3.10/dist-packages:${PYTHONPATH} /usr/bin/python3 -W ignore:setup.py install is deprecated -W ignore:easy_install command is deprecated setup.py egg_info --egg-base ../../../build/kachaka_smart_speaker build --build-base /home/weichen/project/kachaka/kachaka_ws/build/kachaka_smart_speaker/build install --record /home/weichen/project/kachaka/kachaka_ws/build/kachaka_smart_speaker/install.log --single-version-externally-managed install_data
[2.886s] DEBUG:colcon.colcon_core.event_handler.log_command:Invoking command in '/home/weichen/project/kachaka/kachaka_ws/src/demos/kachaka_follow': AMENT_PREFIX_PATH=/home/weichen/project/kachaka/kachaka_ws/install/kachaka_interfaces:${AMENT_PREFIX_PATH} CMAKE_PREFIX_PATH=/home/weichen/project/kachaka/kachaka_ws/install/kachaka_interfaces LD_LIBRARY_PATH=/home/weichen/project/kachaka/kachaka_ws/install/kachaka_interfaces/lib:${LD_LIBRARY_PATH} PYTHONPATH=/home/weichen/project/kachaka/kachaka_ws/build/kachaka_follow/prefix_override:/usr/lib/python3/dist-packages/colcon_core/task/python/colcon_distutils_commands:/home/weichen/project/kachaka/kachaka_ws/install/kachaka_follow/lib/python3.10/site-packages:/home/weichen/project/kachaka/kachaka_ws/install/kachaka_interfaces/local/lib/python3.10/dist-packages:${PYTHONPATH} /usr/bin/python3 -W ignore:setup.py install is deprecated -W ignore:easy_install command is deprecated setup.py egg_info --egg-base ../../../build/kachaka_follow build --build-base /home/weichen/project/kachaka/kachaka_ws/build/kachaka_follow/build install --record /home/weichen/project/kachaka/kachaka_ws/build/kachaka_follow/install.log --single-version-externally-managed install_data
[3.041s] Level 1:colcon.colcon_core.environment:checking '/home/weichen/project/kachaka/kachaka_ws/install/kachaka_smart_speaker' for CMake module files
[3.042s] DEBUG:colcon.colcon_core.event_handler.log_command:Invoked command in '/home/weichen/project/kachaka/kachaka_ws/src/demos/kachaka_smart_speaker' returned '0': AMENT_PREFIX_PATH=/home/weichen/project/kachaka/kachaka_ws/install/kachaka_interfaces:${AMENT_PREFIX_PATH} CMAKE_PREFIX_PATH=/home/weichen/project/kachaka/kachaka_ws/install/kachaka_interfaces LD_LIBRARY_PATH=/home/weichen/project/kachaka/kachaka_ws/install/kachaka_interfaces/lib:${LD_LIBRARY_PATH} PYTHONPATH=/home/weichen/project/kachaka/kachaka_ws/build/kachaka_smart_speaker/prefix_override:/usr/lib/python3/dist-packages/colcon_core/task/python/colcon_distutils_commands:/home/weichen/project/kachaka/kachaka_ws/install/kachaka_smart_speaker/lib/python3.10/site-packages:/home/weichen/project/kachaka/kachaka_ws/install/kachaka_interfaces/local/lib/python3.10/dist-packages:${PYTHONPATH} /usr/bin/python3 -W ignore:setup.py install is deprecated -W ignore:easy_install command is deprecated setup.py egg_info --egg-base ../../../build/kachaka_smart_speaker build --build-base /home/weichen/project/kachaka/kachaka_ws/build/kachaka_smart_speaker/build install --record /home/weichen/project/kachaka/kachaka_ws/build/kachaka_smart_speaker/install.log --single-version-externally-managed install_data
[3.042s] Level 1:colcon.colcon_core.environment:checking '/home/weichen/project/kachaka/kachaka_ws/install/kachaka_smart_speaker' for CMake config files
[3.043s] Level 1:colcon.colcon_core.environment:checking '/home/weichen/project/kachaka/kachaka_ws/install/kachaka_smart_speaker/lib'
[3.043s] Level 1:colcon.colcon_core.environment:checking '/home/weichen/project/kachaka/kachaka_ws/install/kachaka_smart_speaker/bin'
[3.043s] Level 1:colcon.colcon_core.environment:checking '/home/weichen/project/kachaka/kachaka_ws/install/kachaka_smart_speaker/lib/pkgconfig/kachaka_smart_speaker.pc'
[3.043s] Level 1:colcon.colcon_core.environment:checking '/home/weichen/project/kachaka/kachaka_ws/install/kachaka_smart_speaker/lib/python3.10/site-packages'
[3.043s] Level 1:colcon.colcon_core.shell:create_environment_hook('kachaka_smart_speaker', 'pythonpath')
[3.044s] INFO:colcon.colcon_core.shell:Creating environment hook '/home/weichen/project/kachaka/kachaka_ws/install/kachaka_smart_speaker/share/kachaka_smart_speaker/hook/pythonpath.ps1'
[3.044s] INFO:colcon.colcon_core.shell:Creating environment descriptor '/home/weichen/project/kachaka/kachaka_ws/install/kachaka_smart_speaker/share/kachaka_smart_speaker/hook/pythonpath.dsv'
[3.045s] INFO:colcon.colcon_core.shell:Creating environment hook '/home/weichen/project/kachaka/kachaka_ws/install/kachaka_smart_speaker/share/kachaka_smart_speaker/hook/pythonpath.sh'
[3.045s] Level 1:colcon.colcon_core.environment:checking '/home/weichen/project/kachaka/kachaka_ws/install/kachaka_smart_speaker/bin'
[3.046s] Level 1:colcon.colcon_core.environment:create_environment_scripts_only(kachaka_smart_speaker)
[3.046s] INFO:colcon.colcon_core.shell:Creating package script '/home/weichen/project/kachaka/kachaka_ws/install/kachaka_smart_speaker/share/kachaka_smart_speaker/package.ps1'
[3.047s] INFO:colcon.colcon_core.shell:Creating package descriptor '/home/weichen/project/kachaka/kachaka_ws/install/kachaka_smart_speaker/share/kachaka_smart_speaker/package.dsv'
[3.047s] INFO:colcon.colcon_core.shell:Creating package script '/home/weichen/project/kachaka/kachaka_ws/install/kachaka_smart_speaker/share/kachaka_smart_speaker/package.sh'
[3.047s] INFO:colcon.colcon_core.shell:Creating package script '/home/weichen/project/kachaka/kachaka_ws/install/kachaka_smart_speaker/share/kachaka_smart_speaker/package.bash'
[3.048s] INFO:colcon.colcon_core.shell:Creating package script '/home/weichen/project/kachaka/kachaka_ws/install/kachaka_smart_speaker/share/kachaka_smart_speaker/package.zsh'
[3.048s] Level 1:colcon.colcon_core.environment:create_file_with_runtime_dependencies(/home/weichen/project/kachaka/kachaka_ws/install/kachaka_smart_speaker/share/colcon-core/packages/kachaka_smart_speaker)
[3.261s] Level 1:colcon.colcon_core.environment:checking '/home/weichen/project/kachaka/kachaka_ws/install/kachaka_follow' for CMake module files
[3.262s] DEBUG:colcon.colcon_core.event_handler.log_command:Invoked command in '/home/weichen/project/kachaka/kachaka_ws/src/demos/kachaka_follow' returned '0': AMENT_PREFIX_PATH=/home/weichen/project/kachaka/kachaka_ws/install/kachaka_interfaces:${AMENT_PREFIX_PATH} CMAKE_PREFIX_PATH=/home/weichen/project/kachaka/kachaka_ws/install/kachaka_interfaces LD_LIBRARY_PATH=/home/weichen/project/kachaka/kachaka_ws/install/kachaka_interfaces/lib:${LD_LIBRARY_PATH} PYTHONPATH=/home/weichen/project/kachaka/kachaka_ws/build/kachaka_follow/prefix_override:/usr/lib/python3/dist-packages/colcon_core/task/python/colcon_distutils_commands:/home/weichen/project/kachaka/kachaka_ws/install/kachaka_follow/lib/python3.10/site-packages:/home/weichen/project/kachaka/kachaka_ws/install/kachaka_interfaces/local/lib/python3.10/dist-packages:${PYTHONPATH} /usr/bin/python3 -W ignore:setup.py install is deprecated -W ignore:easy_install command is deprecated setup.py egg_info --egg-base ../../../build/kachaka_follow build --build-base /home/weichen/project/kachaka/kachaka_ws/build/kachaka_follow/build install --record /home/weichen/project/kachaka/kachaka_ws/build/kachaka_follow/install.log --single-version-externally-managed install_data
[3.262s] Level 1:colcon.colcon_core.environment:checking '/home/weichen/project/kachaka/kachaka_ws/install/kachaka_follow' for CMake config files
[3.263s] Level 1:colcon.colcon_core.environment:checking '/home/weichen/project/kachaka/kachaka_ws/install/kachaka_follow/lib'
[3.263s] Level 1:colcon.colcon_core.environment:checking '/home/weichen/project/kachaka/kachaka_ws/install/kachaka_follow/bin'
[3.263s] Level 1:colcon.colcon_core.environment:checking '/home/weichen/project/kachaka/kachaka_ws/install/kachaka_follow/lib/pkgconfig/kachaka_follow.pc'
[3.264s] Level 1:colcon.colcon_core.environment:checking '/home/weichen/project/kachaka/kachaka_ws/install/kachaka_follow/lib/python3.10/site-packages'
[3.264s] Level 1:colcon.colcon_core.shell:create_environment_hook('kachaka_follow', 'pythonpath')
[3.264s] INFO:colcon.colcon_core.shell:Creating environment hook '/home/weichen/project/kachaka/kachaka_ws/install/kachaka_follow/share/kachaka_follow/hook/pythonpath.ps1'
[3.264s] INFO:colcon.colcon_core.shell:Creating environment descriptor '/home/weichen/project/kachaka/kachaka_ws/install/kachaka_follow/share/kachaka_follow/hook/pythonpath.dsv'
[3.265s] INFO:colcon.colcon_core.shell:Creating environment hook '/home/weichen/project/kachaka/kachaka_ws/install/kachaka_follow/share/kachaka_follow/hook/pythonpath.sh'
[3.266s] Level 1:colcon.colcon_core.environment:checking '/home/weichen/project/kachaka/kachaka_ws/install/kachaka_follow/bin'
[3.266s] Level 1:colcon.colcon_core.environment:create_environment_scripts_only(kachaka_follow)
[3.267s] INFO:colcon.colcon_core.shell:Creating package script '/home/weichen/project/kachaka/kachaka_ws/install/kachaka_follow/share/kachaka_follow/package.ps1'
[3.267s] INFO:colcon.colcon_core.shell:Creating package descriptor '/home/weichen/project/kachaka/kachaka_ws/install/kachaka_follow/share/kachaka_follow/package.dsv'
[3.268s] INFO:colcon.colcon_core.shell:Creating package script '/home/weichen/project/kachaka/kachaka_ws/install/kachaka_follow/share/kachaka_follow/package.sh'
[3.268s] INFO:colcon.colcon_core.shell:Creating package script '/home/weichen/project/kachaka/kachaka_ws/install/kachaka_follow/share/kachaka_follow/package.bash'
[3.269s] INFO:colcon.colcon_core.shell:Creating package script '/home/weichen/project/kachaka/kachaka_ws/install/kachaka_follow/share/kachaka_follow/package.zsh'
[3.269s] Level 1:colcon.colcon_core.environment:create_file_with_runtime_dependencies(/home/weichen/project/kachaka/kachaka_ws/install/kachaka_follow/share/colcon-core/packages/kachaka_follow)
[3.270s] DEBUG:colcon.colcon_parallel_executor.executor.parallel:closing loop
[3.271s] DEBUG:colcon.colcon_parallel_executor.executor.parallel:loop closed
[3.271s] DEBUG:colcon.colcon_parallel_executor.executor.parallel:run_until_complete finished with '0'
[3.271s] DEBUG:colcon.colcon_core.event_reactor:joining thread
[3.444s] INFO:colcon.colcon_core.plugin_system:Skipping extension 'colcon_notification.desktop_notification.notify_send': Could not find 'notify-send'
[3.444s] INFO:colcon.colcon_core.plugin_system:Skipping extension 'colcon_notification.desktop_notification.terminal_notifier': Not used on non-Darwin systems
[3.444s] INFO:colcon.colcon_core.plugin_system:Skipping extension 'colcon_notification.desktop_notification.win32': Not used on non-Windows systems
[3.444s] INFO:colcon.colcon_notification.desktop_notification:Sending desktop notification using 'notify2'
[3.453s] DEBUG:colcon.colcon_notification.desktop_notification.notify2:Failed to initialize notify2: org.freedesktop.DBus.Error.ServiceUnknown: The name org.freedesktop.Notifications was not provided by any .service files
[3.453s] DEBUG:colcon.colcon_core.event_reactor:joined thread
[3.455s] INFO:colcon.colcon_core.shell:Creating prefix script '/home/weichen/project/kachaka/kachaka_ws/install/local_setup.ps1'
[3.458s] INFO:colcon.colcon_core.shell:Creating prefix util module '/home/weichen/project/kachaka/kachaka_ws/install/_local_setup_util_ps1.py'
[3.461s] INFO:colcon.colcon_core.shell:Creating prefix chain script '/home/weichen/project/kachaka/kachaka_ws/install/setup.ps1'
[3.464s] INFO:colcon.colcon_core.shell:Creating prefix script '/home/weichen/project/kachaka/kachaka_ws/install/local_setup.sh'
[3.466s] INFO:colcon.colcon_core.shell:Creating prefix util module '/home/weichen/project/kachaka/kachaka_ws/install/_local_setup_util_sh.py'
[3.467s] INFO:colcon.colcon_core.shell:Creating prefix chain script '/home/weichen/project/kachaka/kachaka_ws/install/setup.sh'
[3.469s] INFO:colcon.colcon_core.shell:Creating prefix script '/home/weichen/project/kachaka/kachaka_ws/install/local_setup.bash'
[3.471s] INFO:colcon.colcon_core.shell:Creating prefix chain script '/home/weichen/project/kachaka/kachaka_ws/install/setup.bash'
[3.473s] INFO:colcon.colcon_core.shell:Creating prefix script '/home/weichen/project/kachaka/kachaka_ws/install/local_setup.zsh'
[3.474s] INFO:colcon.colcon_core.shell:Creating prefix chain script '/home/weichen/project/kachaka/kachaka_ws/install/setup.zsh'
