-- The C compiler identification is GNU 11.4.0
-- The CXX compiler identification is GNU 11.4.0
-- Detecting C compiler ABI info
-- Detecting C compiler ABI info - done
-- Check for working C compiler: /usr/bin/cc - skipped
-- Detecting C compile features
-- Detecting C compile features - done
-- Detecting CXX compiler ABI info
-- Detecting CXX compiler ABI info - done
-- Check for working CXX compiler: /usr/bin/c++ - skipped
-- Detecting CXX compile features
-- Detecting CXX compile features - done
-- Found ament_cmake: 1.3.12 (/opt/ros/humble/share/ament_cmake/cmake)
-- Found Python3: /usr/bin/python3 (found version "3.10.12") found components: Interpreter 
-- Found cv_bridge: 3.2.1 (/opt/ros/humble/share/cv_bridge/cmake)
-- Found rosidl_generator_c: 3.1.7 (/opt/ros/humble/share/rosidl_generator_c/cmake)
-- Found rosidl_adapter: 3.1.7 (/opt/ros/humble/share/rosidl_adapter/cmake)
-- Found rosidl_generator_cpp: 3.1.7 (/opt/ros/humble/share/rosidl_generator_cpp/cmake)
-- Using all available rosidl_typesupport_c: rosidl_typesupport_fastrtps_c;rosidl_typesupport_introspection_c
-- Using all available rosidl_typesupport_cpp: rosidl_typesupport_fastrtps_cpp;rosidl_typesupport_introspection_cpp
-- Found rclcpp: 16.0.16 (/opt/ros/humble/share/rclcpp/cmake)
-- Found rmw_implementation_cmake: 6.1.2 (/opt/ros/humble/share/rmw_implementation_cmake/cmake)
-- Found rmw_fastrtps_cpp: 6.2.9 (/opt/ros/humble/share/rmw_fastrtps_cpp/cmake)
-- Found OpenSSL: /usr/lib/x86_64-linux-gnu/libcrypto.so (found version "3.0.2")  
-- Found FastRTPS: /opt/ros/humble/include  
-- Using RMW implementation 'rmw_fastrtps_cpp' as default
-- Looking for pthread.h
-- Looking for pthread.h - found
-- Performing Test CMAKE_HAVE_LIBC_PTHREAD
-- Performing Test CMAKE_HAVE_LIBC_PTHREAD - Success
-- Found Threads: TRUE  
-- Found OpenCV: /usr (found version "4.5.4") 
-- Configuring done
-- Generating done
-- Build files have been written to: /home/weichen/project/kachaka/kachaka_ws/build/kachaka_vision
[ 50%] [32mBuilding CXX object CMakeFiles/hand_recognition_node.dir/src/hand_recognition_node.cpp.o[0m
[100%] [32m[1mLinking CXX executable hand_recognition_node[0m
[100%] Built target hand_recognition_node
-- Install configuration: ""
-- Installing: /home/weichen/project/kachaka/kachaka_ws/install/kachaka_vision/lib/kachaka_vision/hand_recognition_node
-- Set runtime path of "/home/weichen/project/kachaka/kachaka_ws/install/kachaka_vision/lib/kachaka_vision/hand_recognition_node" to ""
-- Installing: /home/weichen/project/kachaka/kachaka_ws/install/kachaka_vision/share/ament_index/resource_index/package_run_dependencies/kachaka_vision
-- Installing: /home/weichen/project/kachaka/kachaka_ws/install/kachaka_vision/share/ament_index/resource_index/parent_prefix_path/kachaka_vision
-- Installing: /home/weichen/project/kachaka/kachaka_ws/install/kachaka_vision/share/kachaka_vision/environment/ament_prefix_path.sh
-- Installing: /home/weichen/project/kachaka/kachaka_ws/install/kachaka_vision/share/kachaka_vision/environment/ament_prefix_path.dsv
-- Installing: /home/weichen/project/kachaka/kachaka_ws/install/kachaka_vision/share/kachaka_vision/environment/path.sh
-- Installing: /home/weichen/project/kachaka/kachaka_ws/install/kachaka_vision/share/kachaka_vision/environment/path.dsv
-- Installing: /home/weichen/project/kachaka/kachaka_ws/install/kachaka_vision/share/kachaka_vision/local_setup.bash
-- Installing: /home/weichen/project/kachaka/kachaka_ws/install/kachaka_vision/share/kachaka_vision/local_setup.sh
-- Installing: /home/weichen/project/kachaka/kachaka_ws/install/kachaka_vision/share/kachaka_vision/local_setup.zsh
-- Installing: /home/weichen/project/kachaka/kachaka_ws/install/kachaka_vision/share/kachaka_vision/local_setup.dsv
-- Installing: /home/weichen/project/kachaka/kachaka_ws/install/kachaka_vision/share/kachaka_vision/package.dsv
-- Installing: /home/weichen/project/kachaka/kachaka_ws/install/kachaka_vision/share/ament_index/resource_index/packages/kachaka_vision
-- Installing: /home/weichen/project/kachaka/kachaka_ws/install/kachaka_vision/share/kachaka_vision/cmake/kachaka_visionConfig.cmake
-- Installing: /home/weichen/project/kachaka/kachaka_ws/install/kachaka_vision/share/kachaka_vision/cmake/kachaka_visionConfig-version.cmake
-- Installing: /home/weichen/project/kachaka/kachaka_ws/install/kachaka_vision/share/kachaka_vision/package.xml
-- Installing: /home/weichen/project/kachaka/kachaka_ws/install/kachaka_vision/share/kachaka_vision//launch
-- Installing: /home/weichen/project/kachaka/kachaka_ws/install/kachaka_vision/share/kachaka_vision//launch/hand_recognition_launch.py
-- Installing: /home/weichen/project/kachaka/kachaka_ws/install/kachaka_vision/share/kachaka_vision//config
-- Installing: /home/weichen/project/kachaka/kachaka_ws/install/kachaka_vision/share/kachaka_vision//config/.gitignore
