[0.282s] Invoking command in '/home/weichen/project/kachaka/kachaka_ws/build/kachaka_vision': CMAKE_PREFIX_PATH=${CMAKE_PREFIX_PATH}:/home/weichen/project/kachaka/kachaka_ws/install/kachaka_speak:/home/weichen/project/kachaka/kachaka_ws/install/kachaka_smart_speaker:/home/weichen/project/kachaka/kachaka_ws/install/kachaka_follow:/opt/ros/humble /usr/bin/cmake /home/weichen/project/kachaka/kachaka_ws/src/demos/kachaka_vision -DCMAKE_INSTALL_PREFIX=/home/weichen/project/kachaka/kachaka_ws/install/kachaka_vision
[0.445s] -- The C compiler identification is GNU 11.4.0
[0.917s] -- The CXX compiler identification is GNU 11.4.0
[1.322s] -- Detecting C compiler ABI info
[1.545s] -- Detecting C compiler ABI info - done
[1.552s] -- Check for working C compiler: /usr/bin/cc - skipped
[1.552s] -- Detecting C compile features
[1.553s] -- Detecting C compile features - done
[1.555s] -- Detecting CXX compiler ABI info
[1.761s] -- Detecting CXX compiler ABI info - done
[1.768s] -- Check for working CXX compiler: /usr/bin/c++ - skipped
[1.768s] -- Detecting CXX compile features
[1.769s] -- Detecting CXX compile features - done
[1.771s] -- Found ament_cmake: 1.3.12 (/opt/ros/humble/share/ament_cmake/cmake)
[1.927s] -- Found Python3: /usr/bin/python3 (found version "3.10.12") found components: Interpreter 
[2.025s] -- Found cv_bridge: 3.2.1 (/opt/ros/humble/share/cv_bridge/cmake)
[2.244s] -- Found rosidl_generator_c: 3.1.7 (/opt/ros/humble/share/rosidl_generator_c/cmake)
[2.249s] -- Found rosidl_adapter: 3.1.7 (/opt/ros/humble/share/rosidl_adapter/cmake)
[2.260s] -- Found rosidl_generator_cpp: 3.1.7 (/opt/ros/humble/share/rosidl_generator_cpp/cmake)
[2.273s] -- Using all available rosidl_typesupport_c: rosidl_typesupport_fastrtps_c;rosidl_typesupport_introspection_c
[2.289s] -- Using all available rosidl_typesupport_cpp: rosidl_typesupport_fastrtps_cpp;rosidl_typesupport_introspection_cpp
[2.351s] -- Found rclcpp: 16.0.16 (/opt/ros/humble/share/rclcpp/cmake)
[2.395s] -- Found rmw_implementation_cmake: 6.1.2 (/opt/ros/humble/share/rmw_implementation_cmake/cmake)
[2.398s] -- Found rmw_fastrtps_cpp: 6.2.9 (/opt/ros/humble/share/rmw_fastrtps_cpp/cmake)
[3.327s] -- Found OpenSSL: /usr/lib/x86_64-linux-gnu/libcrypto.so (found version "3.0.2")  
[5.419s] -- Found FastRTPS: /opt/ros/humble/include  
[9.544s] -- Using RMW implementation 'rmw_fastrtps_cpp' as default
[9.552s] -- Looking for pthread.h
[9.729s] -- Looking for pthread.h - found
[9.729s] -- Performing Test CMAKE_HAVE_LIBC_PTHREAD
[9.904s] -- Performing Test CMAKE_HAVE_LIBC_PTHREAD - Success
[9.905s] -- Found Threads: TRUE  
[9.946s] -- Found OpenCV: /usr (found version "4.5.4") 
[10.006s] -- Configuring done
[10.017s] -- Generating done
[10.021s] -- Build files have been written to: /home/weichen/project/kachaka/kachaka_ws/build/kachaka_vision
[10.029s] Invoked command in '/home/weichen/project/kachaka/kachaka_ws/build/kachaka_vision' returned '0': CMAKE_PREFIX_PATH=${CMAKE_PREFIX_PATH}:/home/weichen/project/kachaka/kachaka_ws/install/kachaka_speak:/home/weichen/project/kachaka/kachaka_ws/install/kachaka_smart_speaker:/home/weichen/project/kachaka/kachaka_ws/install/kachaka_follow:/opt/ros/humble /usr/bin/cmake /home/weichen/project/kachaka/kachaka_ws/src/demos/kachaka_vision -DCMAKE_INSTALL_PREFIX=/home/weichen/project/kachaka/kachaka_ws/install/kachaka_vision
[10.032s] Invoking command in '/home/weichen/project/kachaka/kachaka_ws/build/kachaka_vision': CMAKE_PREFIX_PATH=${CMAKE_PREFIX_PATH}:/home/weichen/project/kachaka/kachaka_ws/install/kachaka_speak:/home/weichen/project/kachaka/kachaka_ws/install/kachaka_smart_speaker:/home/weichen/project/kachaka/kachaka_ws/install/kachaka_follow:/opt/ros/humble /usr/bin/cmake --build /home/weichen/project/kachaka/kachaka_ws/build/kachaka_vision -- -j16 -l16
[10.072s] [ 50%] [32mBuilding CXX object CMakeFiles/hand_recognition_node.dir/src/hand_recognition_node.cpp.o[0m
[21.143s] [100%] [32m[1mLinking CXX executable hand_recognition_node[0m
[21.977s] [100%] Built target hand_recognition_node
[21.986s] Invoked command in '/home/weichen/project/kachaka/kachaka_ws/build/kachaka_vision' returned '0': CMAKE_PREFIX_PATH=${CMAKE_PREFIX_PATH}:/home/weichen/project/kachaka/kachaka_ws/install/kachaka_speak:/home/weichen/project/kachaka/kachaka_ws/install/kachaka_smart_speaker:/home/weichen/project/kachaka/kachaka_ws/install/kachaka_follow:/opt/ros/humble /usr/bin/cmake --build /home/weichen/project/kachaka/kachaka_ws/build/kachaka_vision -- -j16 -l16
[21.987s] Invoking command in '/home/weichen/project/kachaka/kachaka_ws/build/kachaka_vision': CMAKE_PREFIX_PATH=${CMAKE_PREFIX_PATH}:/home/weichen/project/kachaka/kachaka_ws/install/kachaka_speak:/home/weichen/project/kachaka/kachaka_ws/install/kachaka_smart_speaker:/home/weichen/project/kachaka/kachaka_ws/install/kachaka_follow:/opt/ros/humble /usr/bin/cmake --install /home/weichen/project/kachaka/kachaka_ws/build/kachaka_vision
[21.993s] -- Install configuration: ""
[21.994s] -- Installing: /home/weichen/project/kachaka/kachaka_ws/install/kachaka_vision/lib/kachaka_vision/hand_recognition_node
[21.996s] -- Set runtime path of "/home/weichen/project/kachaka/kachaka_ws/install/kachaka_vision/lib/kachaka_vision/hand_recognition_node" to ""
[21.997s] -- Installing: /home/weichen/project/kachaka/kachaka_ws/install/kachaka_vision/share/ament_index/resource_index/package_run_dependencies/kachaka_vision
[21.997s] -- Installing: /home/weichen/project/kachaka/kachaka_ws/install/kachaka_vision/share/ament_index/resource_index/parent_prefix_path/kachaka_vision
[21.997s] -- Installing: /home/weichen/project/kachaka/kachaka_ws/install/kachaka_vision/share/kachaka_vision/environment/ament_prefix_path.sh
[21.998s] -- Installing: /home/weichen/project/kachaka/kachaka_ws/install/kachaka_vision/share/kachaka_vision/environment/ament_prefix_path.dsv
[21.998s] -- Installing: /home/weichen/project/kachaka/kachaka_ws/install/kachaka_vision/share/kachaka_vision/environment/path.sh
[21.998s] -- Installing: /home/weichen/project/kachaka/kachaka_ws/install/kachaka_vision/share/kachaka_vision/environment/path.dsv
[21.999s] -- Installing: /home/weichen/project/kachaka/kachaka_ws/install/kachaka_vision/share/kachaka_vision/local_setup.bash
[21.999s] -- Installing: /home/weichen/project/kachaka/kachaka_ws/install/kachaka_vision/share/kachaka_vision/local_setup.sh
[21.999s] -- Installing: /home/weichen/project/kachaka/kachaka_ws/install/kachaka_vision/share/kachaka_vision/local_setup.zsh
[21.999s] -- Installing: /home/weichen/project/kachaka/kachaka_ws/install/kachaka_vision/share/kachaka_vision/local_setup.dsv
[21.999s] -- Installing: /home/weichen/project/kachaka/kachaka_ws/install/kachaka_vision/share/kachaka_vision/package.dsv
[21.999s] -- Installing: /home/weichen/project/kachaka/kachaka_ws/install/kachaka_vision/share/ament_index/resource_index/packages/kachaka_vision
[21.999s] -- Installing: /home/weichen/project/kachaka/kachaka_ws/install/kachaka_vision/share/kachaka_vision/cmake/kachaka_visionConfig.cmake
[22.000s] -- Installing: /home/weichen/project/kachaka/kachaka_ws/install/kachaka_vision/share/kachaka_vision/cmake/kachaka_visionConfig-version.cmake
[22.000s] -- Installing: /home/weichen/project/kachaka/kachaka_ws/install/kachaka_vision/share/kachaka_vision/package.xml
[22.000s] -- Installing: /home/weichen/project/kachaka/kachaka_ws/install/kachaka_vision/share/kachaka_vision//launch
[22.000s] -- Installing: /home/weichen/project/kachaka/kachaka_ws/install/kachaka_vision/share/kachaka_vision//launch/hand_recognition_launch.py
[22.000s] -- Installing: /home/weichen/project/kachaka/kachaka_ws/install/kachaka_vision/share/kachaka_vision//config
[22.000s] -- Installing: /home/weichen/project/kachaka/kachaka_ws/install/kachaka_vision/share/kachaka_vision//config/.gitignore
[22.002s] Invoked command in '/home/weichen/project/kachaka/kachaka_ws/build/kachaka_vision' returned '0': CMAKE_PREFIX_PATH=${CMAKE_PREFIX_PATH}:/home/weichen/project/kachaka/kachaka_ws/install/kachaka_speak:/home/weichen/project/kachaka/kachaka_ws/install/kachaka_smart_speaker:/home/weichen/project/kachaka/kachaka_ws/install/kachaka_follow:/opt/ros/humble /usr/bin/cmake --install /home/weichen/project/kachaka/kachaka_ws/build/kachaka_vision
