running egg_info
creating ../../../build/kachaka_follow/kachaka_follow.egg-info
writing ../../../build/kachaka_follow/kachaka_follow.egg-info/PKG-INFO
writing dependency_links to ../../../build/kachaka_follow/kachaka_follow.egg-info/dependency_links.txt
writing entry points to ../../../build/kachaka_follow/kachaka_follow.egg-info/entry_points.txt
writing requirements to ../../../build/kachaka_follow/kachaka_follow.egg-info/requires.txt
writing top-level names to ../../../build/kachaka_follow/kachaka_follow.egg-info/top_level.txt
writing manifest file '../../../build/kachaka_follow/kachaka_follow.egg-info/SOURCES.txt'
reading manifest file '../../../build/kachaka_follow/kachaka_follow.egg-info/SOURCES.txt'
writing manifest file '../../../build/kachaka_follow/kachaka_follow.egg-info/SOURCES.txt'
running build
running build_py
creating /home/weichen/project/kachaka/kachaka_ws/build/kachaka_follow/build
creating /home/weichen/project/kachaka/kachaka_ws/build/kachaka_follow/build/lib
creating /home/weichen/project/kachaka/kachaka_ws/build/kachaka_follow/build/lib/kachaka_follow
copying kachaka_follow/follow.py -> /home/weichen/project/kachaka/kachaka_ws/build/kachaka_follow/build/lib/kachaka_follow
copying kachaka_follow/__init__.py -> /home/weichen/project/kachaka/kachaka_ws/build/kachaka_follow/build/lib/kachaka_follow
running install
running install_lib
creating /home/weichen/project/kachaka/kachaka_ws/install/kachaka_follow/lib/python3.10/site-packages/kachaka_follow
copying /home/weichen/project/kachaka/kachaka_ws/build/kachaka_follow/build/lib/kachaka_follow/follow.py -> /home/weichen/project/kachaka/kachaka_ws/install/kachaka_follow/lib/python3.10/site-packages/kachaka_follow
copying /home/weichen/project/kachaka/kachaka_ws/build/kachaka_follow/build/lib/kachaka_follow/__init__.py -> /home/weichen/project/kachaka/kachaka_ws/install/kachaka_follow/lib/python3.10/site-packages/kachaka_follow
byte-compiling /home/weichen/project/kachaka/kachaka_ws/install/kachaka_follow/lib/python3.10/site-packages/kachaka_follow/follow.py to follow.cpython-310.pyc
byte-compiling /home/weichen/project/kachaka/kachaka_ws/install/kachaka_follow/lib/python3.10/site-packages/kachaka_follow/__init__.py to __init__.cpython-310.pyc
running install_data
creating /home/weichen/project/kachaka/kachaka_ws/install/kachaka_follow/share/ament_index
creating /home/weichen/project/kachaka/kachaka_ws/install/kachaka_follow/share/ament_index/resource_index
creating /home/weichen/project/kachaka/kachaka_ws/install/kachaka_follow/share/ament_index/resource_index/packages
copying resource/kachaka_follow -> /home/weichen/project/kachaka/kachaka_ws/install/kachaka_follow/share/ament_index/resource_index/packages
copying package.xml -> /home/weichen/project/kachaka/kachaka_ws/install/kachaka_follow/share/kachaka_follow
running install_egg_info
Copying ../../../build/kachaka_follow/kachaka_follow.egg-info to /home/weichen/project/kachaka/kachaka_ws/install/kachaka_follow/lib/python3.10/site-packages/kachaka_follow-0.0.0-py3.10.egg-info
running install_scripts
Installing follow script to /home/weichen/project/kachaka/kachaka_ws/install/kachaka_follow/lib/kachaka_follow
writing list of installed files to '/home/weichen/project/kachaka/kachaka_ws/build/kachaka_follow/install.log'
