[2.151s] Invoking command in '/home/weichen/project/kachaka/kachaka_ws/src/demos/kachaka_speak': PYTHONPATH=/home/weichen/project/kachaka/kachaka_ws/build/kachaka_speak/prefix_override:/usr/lib/python3/dist-packages/colcon_core/task/python/colcon_distutils_commands:/home/weichen/project/kachaka/kachaka_ws/install/kachaka_speak/lib/python3.10/site-packages:${PYTHONPATH} /usr/bin/python3 -W ignore:setup.py install is deprecated -W ignore:easy_install command is deprecated setup.py egg_info --egg-base ../../../build/kachaka_speak build --build-base /home/weichen/project/kachaka/kachaka_ws/build/kachaka_speak/build install --record /home/weichen/project/kachaka/kachaka_ws/build/kachaka_speak/install.log --single-version-externally-managed install_data
[2.564s] running egg_info
[2.565s] writing ../../../build/kachaka_speak/kachaka_speak.egg-info/PKG-INFO
[2.566s] writing dependency_links to ../../../build/kachaka_speak/kachaka_speak.egg-info/dependency_links.txt
[2.567s] writing entry points to ../../../build/kachaka_speak/kachaka_speak.egg-info/entry_points.txt
[2.568s] writing requirements to ../../../build/kachaka_speak/kachaka_speak.egg-info/requires.txt
[2.568s] writing top-level names to ../../../build/kachaka_speak/kachaka_speak.egg-info/top_level.txt
[2.569s] reading manifest file '../../../build/kachaka_speak/kachaka_speak.egg-info/SOURCES.txt'
[2.575s] writing manifest file '../../../build/kachaka_speak/kachaka_speak.egg-info/SOURCES.txt'
[2.575s] running build
[2.575s] running build_py
[2.576s] running install
[2.576s] running install_lib
[2.580s] running install_data
[2.581s] running install_egg_info
[2.585s] removing '/home/weichen/project/kachaka/kachaka_ws/install/kachaka_speak/lib/python3.10/site-packages/kachaka_speak-0.0.0-py3.10.egg-info' (and everything under it)
[2.587s] Copying ../../../build/kachaka_speak/kachaka_speak.egg-info to /home/weichen/project/kachaka/kachaka_ws/install/kachaka_speak/lib/python3.10/site-packages/kachaka_speak-0.0.0-py3.10.egg-info
[2.593s] running install_scripts
[2.649s] Installing speak script to /home/weichen/project/kachaka/kachaka_ws/install/kachaka_speak/lib/kachaka_speak
[2.650s] writing list of installed files to '/home/weichen/project/kachaka/kachaka_ws/build/kachaka_speak/install.log'
[2.689s] Invoked command in '/home/weichen/project/kachaka/kachaka_ws/src/demos/kachaka_speak' returned '0': PYTHONPATH=/home/weichen/project/kachaka/kachaka_ws/build/kachaka_speak/prefix_override:/usr/lib/python3/dist-packages/colcon_core/task/python/colcon_distutils_commands:/home/weichen/project/kachaka/kachaka_ws/install/kachaka_speak/lib/python3.10/site-packages:${PYTHONPATH} /usr/bin/python3 -W ignore:setup.py install is deprecated -W ignore:easy_install command is deprecated setup.py egg_info --egg-base ../../../build/kachaka_speak build --build-base /home/weichen/project/kachaka/kachaka_ws/build/kachaka_speak/build install --record /home/weichen/project/kachaka/kachaka_ws/build/kachaka_speak/install.log --single-version-externally-managed install_data
