[2.023s] Invoking command in '/home/weichen/project/kachaka/kachaka_ws/src/demos/kachaka_follow': AMENT_PREFIX_PATH=/home/weichen/project/kachaka/kachaka_ws/install/kachaka_interfaces:${AMENT_PREFIX_PATH} CMAKE_PREFIX_PATH=/home/weichen/project/kachaka/kachaka_ws/install/kachaka_interfaces LD_LIBRARY_PATH=/home/weichen/project/kachaka/kachaka_ws/install/kachaka_interfaces/lib:${LD_LIBRARY_PATH} PYTHONPATH=/home/weichen/project/kachaka/kachaka_ws/build/kachaka_follow/prefix_override:/usr/lib/python3/dist-packages/colcon_core/task/python/colcon_distutils_commands:/home/weichen/project/kachaka/kachaka_ws/install/kachaka_follow/lib/python3.10/site-packages:/home/weichen/project/kachaka/kachaka_ws/install/kachaka_interfaces/local/lib/python3.10/dist-packages:${PYTHONPATH} /usr/bin/python3 -W ignore:setup.py install is deprecated -W ignore:easy_install command is deprecated setup.py egg_info --egg-base ../../../build/kachaka_follow build --build-base /home/weichen/project/kachaka/kachaka_ws/build/kachaka_follow/build install --record /home/weichen/project/kachaka/kachaka_ws/build/kachaka_follow/install.log --single-version-externally-managed install_data
[2.320s] running egg_info
[2.321s] writing ../../../build/kachaka_follow/kachaka_follow.egg-info/PKG-INFO
[2.323s] writing dependency_links to ../../../build/kachaka_follow/kachaka_follow.egg-info/dependency_links.txt
[2.324s] writing entry points to ../../../build/kachaka_follow/kachaka_follow.egg-info/entry_points.txt
[2.324s] writing requirements to ../../../build/kachaka_follow/kachaka_follow.egg-info/requires.txt
[2.324s] writing top-level names to ../../../build/kachaka_follow/kachaka_follow.egg-info/top_level.txt
[2.326s] reading manifest file '../../../build/kachaka_follow/kachaka_follow.egg-info/SOURCES.txt'
[2.328s] writing manifest file '../../../build/kachaka_follow/kachaka_follow.egg-info/SOURCES.txt'
[2.328s] running build
[2.328s] running build_py
[2.329s] running install
[2.329s] running install_lib
[2.331s] running install_data
[2.331s] running install_egg_info
[2.333s] removing '/home/weichen/project/kachaka/kachaka_ws/install/kachaka_follow/lib/python3.10/site-packages/kachaka_follow-0.0.0-py3.10.egg-info' (and everything under it)
[2.335s] Copying ../../../build/kachaka_follow/kachaka_follow.egg-info to /home/weichen/project/kachaka/kachaka_ws/install/kachaka_follow/lib/python3.10/site-packages/kachaka_follow-0.0.0-py3.10.egg-info
[2.336s] running install_scripts
[2.361s] Installing follow script to /home/weichen/project/kachaka/kachaka_ws/install/kachaka_follow/lib/kachaka_follow
[2.362s] writing list of installed files to '/home/weichen/project/kachaka/kachaka_ws/build/kachaka_follow/install.log'
[2.399s] Invoked command in '/home/weichen/project/kachaka/kachaka_ws/src/demos/kachaka_follow' returned '0': AMENT_PREFIX_PATH=/home/weichen/project/kachaka/kachaka_ws/install/kachaka_interfaces:${AMENT_PREFIX_PATH} CMAKE_PREFIX_PATH=/home/weichen/project/kachaka/kachaka_ws/install/kachaka_interfaces LD_LIBRARY_PATH=/home/weichen/project/kachaka/kachaka_ws/install/kachaka_interfaces/lib:${LD_LIBRARY_PATH} PYTHONPATH=/home/weichen/project/kachaka/kachaka_ws/build/kachaka_follow/prefix_override:/usr/lib/python3/dist-packages/colcon_core/task/python/colcon_distutils_commands:/home/weichen/project/kachaka/kachaka_ws/install/kachaka_follow/lib/python3.10/site-packages:/home/weichen/project/kachaka/kachaka_ws/install/kachaka_interfaces/local/lib/python3.10/dist-packages:${PYTHONPATH} /usr/bin/python3 -W ignore:setup.py install is deprecated -W ignore:easy_install command is deprecated setup.py egg_info --egg-base ../../../build/kachaka_follow build --build-base /home/weichen/project/kachaka/kachaka_ws/build/kachaka_follow/build install --record /home/weichen/project/kachaka/kachaka_ws/build/kachaka_follow/install.log --single-version-externally-managed install_data
