[0.027s] Invoking command in '/home/weichen/project/kachaka/kachaka_ws/build/kachaka_nav2_bringup': CMAKE_PREFIX_PATH=${CMAKE_PREFIX_PATH}:/home/weichen/project/kachaka/kachaka_ws/install/kachaka_speak:/home/weichen/project/kachaka/kachaka_ws/install/kachaka_smart_speaker:/home/weichen/project/kachaka/kachaka_ws/install/kachaka_follow:/opt/ros/humble /usr/bin/cmake /home/weichen/project/kachaka/kachaka_ws/src/demos/kachaka_nav2_bringup -DCMAKE_INSTALL_PREFIX=/home/weichen/project/kachaka/kachaka_ws/install/kachaka_nav2_bringup
[0.287s] -- The C compiler identification is GNU 11.4.0
[0.656s] -- The CXX compiler identification is GNU 11.4.0
[0.909s] -- Detecting C compiler ABI info
[1.069s] -- Detecting C compiler ABI info - done
[1.075s] -- Check for working C compiler: /usr/bin/cc - skipped
[1.075s] -- Detecting C compile features
[1.076s] -- Detecting C compile features - done
[1.079s] -- Detecting CXX compiler ABI info
[1.218s] -- Detecting CXX compiler ABI info - done
[1.227s] -- Check for working CXX compiler: /usr/bin/c++ - skipped
[1.228s] -- Detecting CXX compile features
[1.228s] -- Detecting CXX compile features - done
[1.230s] -- Found ament_cmake: 1.3.12 (/opt/ros/humble/share/ament_cmake/cmake)
[1.400s] -- Found Python3: /usr/bin/python3 (found version "3.10.12") found components: Interpreter 
[1.506s] -- Found nav2_common: 1.1.20 (/opt/ros/humble/share/nav2_common/cmake)
[1.509s] -- Found navigation2: 1.1.20 (/opt/ros/humble/share/navigation2/cmake)
[1.509s] -- Setting build type to Release as none was specified.
[1.512s] -- Found ament_lint_auto: 0.12.14 (/opt/ros/humble/share/ament_lint_auto/cmake)
[3.287s] -- Added test 'copyright' to check source files copyright and LICENSE
[3.289s] -- Added test 'flake8' to check Python code syntax and style conventions
[3.289s] -- Added test 'lint_cmake' to check CMake code style
[3.290s] -- Added test 'pep257' to check Python code against some of the docstring style conventions in PEP 257
[3.291s] -- Added test 'xmllint' to check XML markup files
[3.292s] -- Configuring done
[3.295s] -- Generating done
[3.297s] -- Build files have been written to: /home/weichen/project/kachaka/kachaka_ws/build/kachaka_nav2_bringup
[3.306s] Invoked command in '/home/weichen/project/kachaka/kachaka_ws/build/kachaka_nav2_bringup' returned '0': CMAKE_PREFIX_PATH=${CMAKE_PREFIX_PATH}:/home/weichen/project/kachaka/kachaka_ws/install/kachaka_speak:/home/weichen/project/kachaka/kachaka_ws/install/kachaka_smart_speaker:/home/weichen/project/kachaka/kachaka_ws/install/kachaka_follow:/opt/ros/humble /usr/bin/cmake /home/weichen/project/kachaka/kachaka_ws/src/demos/kachaka_nav2_bringup -DCMAKE_INSTALL_PREFIX=/home/weichen/project/kachaka/kachaka_ws/install/kachaka_nav2_bringup
[3.309s] Invoking command in '/home/weichen/project/kachaka/kachaka_ws/build/kachaka_nav2_bringup': CMAKE_PREFIX_PATH=${CMAKE_PREFIX_PATH}:/home/weichen/project/kachaka/kachaka_ws/install/kachaka_speak:/home/weichen/project/kachaka/kachaka_ws/install/kachaka_smart_speaker:/home/weichen/project/kachaka/kachaka_ws/install/kachaka_follow:/opt/ros/humble /usr/bin/cmake --build /home/weichen/project/kachaka/kachaka_ws/build/kachaka_nav2_bringup -- -j16 -l16
[3.342s] Invoked command in '/home/weichen/project/kachaka/kachaka_ws/build/kachaka_nav2_bringup' returned '0': CMAKE_PREFIX_PATH=${CMAKE_PREFIX_PATH}:/home/weichen/project/kachaka/kachaka_ws/install/kachaka_speak:/home/weichen/project/kachaka/kachaka_ws/install/kachaka_smart_speaker:/home/weichen/project/kachaka/kachaka_ws/install/kachaka_follow:/opt/ros/humble /usr/bin/cmake --build /home/weichen/project/kachaka/kachaka_ws/build/kachaka_nav2_bringup -- -j16 -l16
[3.357s] Invoking command in '/home/weichen/project/kachaka/kachaka_ws/build/kachaka_nav2_bringup': CMAKE_PREFIX_PATH=${CMAKE_PREFIX_PATH}:/home/weichen/project/kachaka/kachaka_ws/install/kachaka_speak:/home/weichen/project/kachaka/kachaka_ws/install/kachaka_smart_speaker:/home/weichen/project/kachaka/kachaka_ws/install/kachaka_follow:/opt/ros/humble /usr/bin/cmake --install /home/weichen/project/kachaka/kachaka_ws/build/kachaka_nav2_bringup
[3.363s] -- Install configuration: "Release"
[3.363s] -- Installing: /home/weichen/project/kachaka/kachaka_ws/install/kachaka_nav2_bringup/share/kachaka_nav2_bringup/launch
[3.363s] -- Installing: /home/weichen/project/kachaka/kachaka_ws/install/kachaka_nav2_bringup/share/kachaka_nav2_bringup/launch/navigation_launch.py
[3.364s] -- Installing: /home/weichen/project/kachaka/kachaka_ws/install/kachaka_nav2_bringup/share/kachaka_nav2_bringup/rviz
[3.364s] -- Installing: /home/weichen/project/kachaka/kachaka_ws/install/kachaka_nav2_bringup/share/kachaka_nav2_bringup/rviz/kachaka-nav.rviz
[3.365s] -- Installing: /home/weichen/project/kachaka/kachaka_ws/install/kachaka_nav2_bringup/share/kachaka_nav2_bringup/params
[3.365s] -- Installing: /home/weichen/project/kachaka/kachaka_ws/install/kachaka_nav2_bringup/share/kachaka_nav2_bringup/params/nav2_params.yaml
[3.365s] -- Installing: /home/weichen/project/kachaka/kachaka_ws/install/kachaka_nav2_bringup/share/ament_index/resource_index/package_run_dependencies/kachaka_nav2_bringup
[3.366s] -- Installing: /home/weichen/project/kachaka/kachaka_ws/install/kachaka_nav2_bringup/share/ament_index/resource_index/parent_prefix_path/kachaka_nav2_bringup
[3.366s] -- Installing: /home/weichen/project/kachaka/kachaka_ws/install/kachaka_nav2_bringup/share/kachaka_nav2_bringup/environment/ament_prefix_path.sh
[3.366s] -- Installing: /home/weichen/project/kachaka/kachaka_ws/install/kachaka_nav2_bringup/share/kachaka_nav2_bringup/environment/ament_prefix_path.dsv
[3.366s] -- Installing: /home/weichen/project/kachaka/kachaka_ws/install/kachaka_nav2_bringup/share/kachaka_nav2_bringup/environment/path.sh
[3.366s] -- Installing: /home/weichen/project/kachaka/kachaka_ws/install/kachaka_nav2_bringup/share/kachaka_nav2_bringup/environment/path.dsv
[3.366s] -- Installing: /home/weichen/project/kachaka/kachaka_ws/install/kachaka_nav2_bringup/share/kachaka_nav2_bringup/local_setup.bash
[3.366s] -- Installing: /home/weichen/project/kachaka/kachaka_ws/install/kachaka_nav2_bringup/share/kachaka_nav2_bringup/local_setup.sh
[3.367s] -- Installing: /home/weichen/project/kachaka/kachaka_ws/install/kachaka_nav2_bringup/share/kachaka_nav2_bringup/local_setup.zsh
[3.367s] -- Installing: /home/weichen/project/kachaka/kachaka_ws/install/kachaka_nav2_bringup/share/kachaka_nav2_bringup/local_setup.dsv
[3.367s] -- Installing: /home/weichen/project/kachaka/kachaka_ws/install/kachaka_nav2_bringup/share/kachaka_nav2_bringup/package.dsv
[3.367s] -- Installing: /home/weichen/project/kachaka/kachaka_ws/install/kachaka_nav2_bringup/share/ament_index/resource_index/packages/kachaka_nav2_bringup
[3.367s] -- Installing: /home/weichen/project/kachaka/kachaka_ws/install/kachaka_nav2_bringup/share/kachaka_nav2_bringup/cmake/kachaka_nav2_bringupConfig.cmake
[3.367s] -- Installing: /home/weichen/project/kachaka/kachaka_ws/install/kachaka_nav2_bringup/share/kachaka_nav2_bringup/cmake/kachaka_nav2_bringupConfig-version.cmake
[3.367s] -- Installing: /home/weichen/project/kachaka/kachaka_ws/install/kachaka_nav2_bringup/share/kachaka_nav2_bringup/package.xml
[3.370s] Invoked command in '/home/weichen/project/kachaka/kachaka_ws/build/kachaka_nav2_bringup' returned '0': CMAKE_PREFIX_PATH=${CMAKE_PREFIX_PATH}:/home/weichen/project/kachaka/kachaka_ws/install/kachaka_speak:/home/weichen/project/kachaka/kachaka_ws/install/kachaka_smart_speaker:/home/weichen/project/kachaka/kachaka_ws/install/kachaka_follow:/opt/ros/humble /usr/bin/cmake --install /home/weichen/project/kachaka/kachaka_ws/build/kachaka_nav2_bringup
