[35m[1mConsolidate compiler generated dependencies of target kachaka_interfaces__rosidl_generator_c[0m
[  1%] Built target kachaka_interfaces__cpp
[  1%] Built target ament_cmake_python_copy_kachaka_interfaces
[35m[1mConsolidate compiler generated dependencies of target kachaka_interfaces__rosidl_typesupport_cpp[0m
[35m[1mConsolidate compiler generated dependencies of target kachaka_interfaces__rosidl_typesupport_introspection_cpp[0m
[35m[1mConsolidate compiler generated dependencies of target kachaka_interfaces__rosidl_typesupport_fastrtps_cpp[0m
[ 12%] Built target kachaka_interfaces__rosidl_generator_c
[35m[1mConsolidate compiler generated dependencies of target kachaka_interfaces__rosidl_typesupport_introspection_c[0m
[35m[1mConsolidate compiler generated dependencies of target kachaka_interfaces__rosidl_typesupport_c[0m
[35m[1mConsolidate compiler generated dependencies of target kachaka_interfaces__rosidl_typesupport_fastrtps_c[0m
[ 24%] Built target kachaka_interfaces__rosidl_typesupport_introspection_cpp
[ 35%] Built target kachaka_interfaces__rosidl_typesupport_cpp
[ 47%] Built target kachaka_interfaces__rosidl_typesupport_fastrtps_cpp
[ 58%] Built target kachaka_interfaces__rosidl_typesupport_c
[ 70%] Built target kachaka_interfaces__rosidl_typesupport_introspection_c
[ 82%] Built target kachaka_interfaces__rosidl_typesupport_fastrtps_c
[ 82%] Built target kachaka_interfaces
[ 83%] Built target kachaka_interfaces__py
[35m[1mConsolidate compiler generated dependencies of target kachaka_interfaces__rosidl_generator_py[0m
[ 93%] Built target kachaka_interfaces__rosidl_generator_py
[35m[1mConsolidate compiler generated dependencies of target kachaka_interfaces__rosidl_typesupport_introspection_c__pyext[0m
[35m[1mConsolidate compiler generated dependencies of target kachaka_interfaces__rosidl_typesupport_c__pyext[0m
[35m[1mConsolidate compiler generated dependencies of target kachaka_interfaces__rosidl_typesupport_fastrtps_c__pyext[0m
[ 95%] Built target kachaka_interfaces__rosidl_typesupport_introspection_c__pyext
[ 97%] Built target kachaka_interfaces__rosidl_typesupport_c__pyext
[100%] Built target kachaka_interfaces__rosidl_typesupport_fastrtps_c__pyext
running egg_info
writing kachaka_interfaces.egg-info/PKG-INFO
writing dependency_links to kachaka_interfaces.egg-info/dependency_links.txt
writing top-level names to kachaka_interfaces.egg-info/top_level.txt
reading manifest file 'kachaka_interfaces.egg-info/SOURCES.txt'
writing manifest file 'kachaka_interfaces.egg-info/SOURCES.txt'
[100%] Built target ament_cmake_python_build_kachaka_interfaces_egg
-- Install configuration: ""
-- Up-to-date: /home/weichen/project/kachaka/kachaka_ws/install/kachaka_interfaces/share/ament_index/resource_index/rosidl_interfaces/kachaka_interfaces
-- Up-to-date: /home/weichen/project/kachaka/kachaka_ws/install/kachaka_interfaces/include/kachaka_interfaces/kachaka_interfaces
-- Up-to-date: /home/weichen/project/kachaka/kachaka_ws/install/kachaka_interfaces/include/kachaka_interfaces/kachaka_interfaces/msg
-- Up-to-date: /home/weichen/project/kachaka/kachaka_ws/install/kachaka_interfaces/include/kachaka_interfaces/kachaka_interfaces/msg/location.h
-- Up-to-date: /home/weichen/project/kachaka/kachaka_ws/install/kachaka_interfaces/include/kachaka_interfaces/kachaka_interfaces/msg/object_detection_list_stamped.h
-- Up-to-date: /home/weichen/project/kachaka/kachaka_ws/install/kachaka_interfaces/include/kachaka_interfaces/kachaka_interfaces/msg/shelf.h
-- Up-to-date: /home/weichen/project/kachaka/kachaka_ws/install/kachaka_interfaces/include/kachaka_interfaces/kachaka_interfaces/msg/shelf_size.h
-- Up-to-date: /home/weichen/project/kachaka/kachaka_ws/install/kachaka_interfaces/include/kachaka_interfaces/kachaka_interfaces/msg/location_list.h
-- Up-to-date: /home/weichen/project/kachaka/kachaka_ws/install/kachaka_interfaces/include/kachaka_interfaces/kachaka_interfaces/msg/shelf_list.h
-- Up-to-date: /home/weichen/project/kachaka/kachaka_ws/install/kachaka_interfaces/include/kachaka_interfaces/kachaka_interfaces/msg/object_detection.h
-- Up-to-date: /home/weichen/project/kachaka/kachaka_ws/install/kachaka_interfaces/include/kachaka_interfaces/kachaka_interfaces/msg/rosidl_generator_c__visibility_control.h
-- Up-to-date: /home/weichen/project/kachaka/kachaka_ws/install/kachaka_interfaces/include/kachaka_interfaces/kachaka_interfaces/msg/kachaka_command.h
-- Up-to-date: /home/weichen/project/kachaka/kachaka_ws/install/kachaka_interfaces/include/kachaka_interfaces/kachaka_interfaces/msg/detail
-- Up-to-date: /home/weichen/project/kachaka/kachaka_ws/install/kachaka_interfaces/include/kachaka_interfaces/kachaka_interfaces/msg/detail/location_list__functions.h
-- Up-to-date: /home/weichen/project/kachaka/kachaka_ws/install/kachaka_interfaces/include/kachaka_interfaces/kachaka_interfaces/msg/detail/shelf__functions.h
-- Up-to-date: /home/weichen/project/kachaka/kachaka_ws/install/kachaka_interfaces/include/kachaka_interfaces/kachaka_interfaces/msg/detail/shelf_list__functions.c
-- Up-to-date: /home/weichen/project/kachaka/kachaka_ws/install/kachaka_interfaces/include/kachaka_interfaces/kachaka_interfaces/msg/detail/shelf__type_support.h
-- Up-to-date: /home/weichen/project/kachaka/kachaka_ws/install/kachaka_interfaces/include/kachaka_interfaces/kachaka_interfaces/msg/detail/object_detection__functions.c
-- Up-to-date: /home/weichen/project/kachaka/kachaka_ws/install/kachaka_interfaces/include/kachaka_interfaces/kachaka_interfaces/msg/detail/kachaka_command__functions.c
-- Up-to-date: /home/weichen/project/kachaka/kachaka_ws/install/kachaka_interfaces/include/kachaka_interfaces/kachaka_interfaces/msg/detail/location__functions.c
-- Up-to-date: /home/weichen/project/kachaka/kachaka_ws/install/kachaka_interfaces/include/kachaka_interfaces/kachaka_interfaces/msg/detail/object_detection_list_stamped__struct.h
-- Up-to-date: /home/weichen/project/kachaka/kachaka_ws/install/kachaka_interfaces/include/kachaka_interfaces/kachaka_interfaces/msg/detail/object_detection__functions.h
-- Up-to-date: /home/weichen/project/kachaka/kachaka_ws/install/kachaka_interfaces/include/kachaka_interfaces/kachaka_interfaces/msg/detail/kachaka_command__functions.h
-- Up-to-date: /home/weichen/project/kachaka/kachaka_ws/install/kachaka_interfaces/include/kachaka_interfaces/kachaka_interfaces/msg/detail/location_list__type_support.h
-- Up-to-date: /home/weichen/project/kachaka/kachaka_ws/install/kachaka_interfaces/include/kachaka_interfaces/kachaka_interfaces/msg/detail/location__type_support.h
-- Up-to-date: /home/weichen/project/kachaka/kachaka_ws/install/kachaka_interfaces/include/kachaka_interfaces/kachaka_interfaces/msg/detail/shelf__struct.h
-- Up-to-date: /home/weichen/project/kachaka/kachaka_ws/install/kachaka_interfaces/include/kachaka_interfaces/kachaka_interfaces/msg/detail/object_detection__type_support.h
-- Up-to-date: /home/weichen/project/kachaka/kachaka_ws/install/kachaka_interfaces/include/kachaka_interfaces/kachaka_interfaces/msg/detail/shelf_size__functions.h
-- Up-to-date: /home/weichen/project/kachaka/kachaka_ws/install/kachaka_interfaces/include/kachaka_interfaces/kachaka_interfaces/msg/detail/location__functions.h
-- Up-to-date: /home/weichen/project/kachaka/kachaka_ws/install/kachaka_interfaces/include/kachaka_interfaces/kachaka_interfaces/msg/detail/object_detection_list_stamped__type_support.h
-- Up-to-date: /home/weichen/project/kachaka/kachaka_ws/install/kachaka_interfaces/include/kachaka_interfaces/kachaka_interfaces/msg/detail/shelf__functions.c
-- Up-to-date: /home/weichen/project/kachaka/kachaka_ws/install/kachaka_interfaces/include/kachaka_interfaces/kachaka_interfaces/msg/detail/shelf_size__type_support.h
-- Up-to-date: /home/weichen/project/kachaka/kachaka_ws/install/kachaka_interfaces/include/kachaka_interfaces/kachaka_interfaces/msg/detail/shelf_list__struct.h
-- Up-to-date: /home/weichen/project/kachaka/kachaka_ws/install/kachaka_interfaces/include/kachaka_interfaces/kachaka_interfaces/msg/detail/shelf_list__type_support.h
-- Up-to-date: /home/weichen/project/kachaka/kachaka_ws/install/kachaka_interfaces/include/kachaka_interfaces/kachaka_interfaces/msg/detail/kachaka_command__type_support.h
-- Up-to-date: /home/weichen/project/kachaka/kachaka_ws/install/kachaka_interfaces/include/kachaka_interfaces/kachaka_interfaces/msg/detail/shelf_size__struct.h
-- Up-to-date: /home/weichen/project/kachaka/kachaka_ws/install/kachaka_interfaces/include/kachaka_interfaces/kachaka_interfaces/msg/detail/object_detection_list_stamped__functions.h
-- Up-to-date: /home/weichen/project/kachaka/kachaka_ws/install/kachaka_interfaces/include/kachaka_interfaces/kachaka_interfaces/msg/detail/shelf_list__functions.h
-- Up-to-date: /home/weichen/project/kachaka/kachaka_ws/install/kachaka_interfaces/include/kachaka_interfaces/kachaka_interfaces/msg/detail/location__struct.h
-- Up-to-date: /home/weichen/project/kachaka/kachaka_ws/install/kachaka_interfaces/include/kachaka_interfaces/kachaka_interfaces/msg/detail/object_detection_list_stamped__functions.c
-- Up-to-date: /home/weichen/project/kachaka/kachaka_ws/install/kachaka_interfaces/include/kachaka_interfaces/kachaka_interfaces/msg/detail/location_list__struct.h
-- Up-to-date: /home/weichen/project/kachaka/kachaka_ws/install/kachaka_interfaces/include/kachaka_interfaces/kachaka_interfaces/msg/detail/location_list__functions.c
-- Up-to-date: /home/weichen/project/kachaka/kachaka_ws/install/kachaka_interfaces/include/kachaka_interfaces/kachaka_interfaces/msg/detail/kachaka_command__struct.h
-- Up-to-date: /home/weichen/project/kachaka/kachaka_ws/install/kachaka_interfaces/include/kachaka_interfaces/kachaka_interfaces/msg/detail/object_detection__struct.h
-- Up-to-date: /home/weichen/project/kachaka/kachaka_ws/install/kachaka_interfaces/include/kachaka_interfaces/kachaka_interfaces/msg/detail/shelf_size__functions.c
-- Up-to-date: /home/weichen/project/kachaka/kachaka_ws/install/kachaka_interfaces/include/kachaka_interfaces/kachaka_interfaces/action
-- Up-to-date: /home/weichen/project/kachaka/kachaka_ws/install/kachaka_interfaces/include/kachaka_interfaces/kachaka_interfaces/action/exec_kachaka_command.h
-- Up-to-date: /home/weichen/project/kachaka/kachaka_ws/install/kachaka_interfaces/include/kachaka_interfaces/kachaka_interfaces/action/detail
-- Up-to-date: /home/weichen/project/kachaka/kachaka_ws/install/kachaka_interfaces/include/kachaka_interfaces/kachaka_interfaces/action/detail/exec_kachaka_command__type_support.h
-- Up-to-date: /home/weichen/project/kachaka/kachaka_ws/install/kachaka_interfaces/include/kachaka_interfaces/kachaka_interfaces/action/detail/exec_kachaka_command__struct.h
-- Up-to-date: /home/weichen/project/kachaka/kachaka_ws/install/kachaka_interfaces/include/kachaka_interfaces/kachaka_interfaces/action/detail/exec_kachaka_command__functions.h
-- Up-to-date: /home/weichen/project/kachaka/kachaka_ws/install/kachaka_interfaces/include/kachaka_interfaces/kachaka_interfaces/action/detail/exec_kachaka_command__functions.c
-- Up-to-date: /home/weichen/project/kachaka/kachaka_ws/install/kachaka_interfaces/share/kachaka_interfaces/environment/library_path.sh
-- Up-to-date: /home/weichen/project/kachaka/kachaka_ws/install/kachaka_interfaces/share/kachaka_interfaces/environment/library_path.dsv
-- Up-to-date: /home/weichen/project/kachaka/kachaka_ws/install/kachaka_interfaces/lib/libkachaka_interfaces__rosidl_generator_c.so
-- Up-to-date: /home/weichen/project/kachaka/kachaka_ws/install/kachaka_interfaces/include/kachaka_interfaces/kachaka_interfaces
-- Up-to-date: /home/weichen/project/kachaka/kachaka_ws/install/kachaka_interfaces/include/kachaka_interfaces/kachaka_interfaces/msg
-- Up-to-date: /home/weichen/project/kachaka/kachaka_ws/install/kachaka_interfaces/include/kachaka_interfaces/kachaka_interfaces/msg/rosidl_typesupport_fastrtps_c__visibility_control.h
-- Up-to-date: /home/weichen/project/kachaka/kachaka_ws/install/kachaka_interfaces/include/kachaka_interfaces/kachaka_interfaces/msg/detail
-- Up-to-date: /home/weichen/project/kachaka/kachaka_ws/install/kachaka_interfaces/include/kachaka_interfaces/kachaka_interfaces/msg/detail/shelf_size__rosidl_typesupport_fastrtps_c.h
-- Up-to-date: /home/weichen/project/kachaka/kachaka_ws/install/kachaka_interfaces/include/kachaka_interfaces/kachaka_interfaces/msg/detail/shelf__rosidl_typesupport_fastrtps_c.h
-- Up-to-date: /home/weichen/project/kachaka/kachaka_ws/install/kachaka_interfaces/include/kachaka_interfaces/kachaka_interfaces/msg/detail/object_detection__rosidl_typesupport_fastrtps_c.h
-- Up-to-date: /home/weichen/project/kachaka/kachaka_ws/install/kachaka_interfaces/include/kachaka_interfaces/kachaka_interfaces/msg/detail/location_list__rosidl_typesupport_fastrtps_c.h
-- Up-to-date: /home/weichen/project/kachaka/kachaka_ws/install/kachaka_interfaces/include/kachaka_interfaces/kachaka_interfaces/msg/detail/kachaka_command__rosidl_typesupport_fastrtps_c.h
-- Up-to-date: /home/weichen/project/kachaka/kachaka_ws/install/kachaka_interfaces/include/kachaka_interfaces/kachaka_interfaces/msg/detail/shelf_list__rosidl_typesupport_fastrtps_c.h
-- Up-to-date: /home/weichen/project/kachaka/kachaka_ws/install/kachaka_interfaces/include/kachaka_interfaces/kachaka_interfaces/msg/detail/object_detection_list_stamped__rosidl_typesupport_fastrtps_c.h
-- Up-to-date: /home/weichen/project/kachaka/kachaka_ws/install/kachaka_interfaces/include/kachaka_interfaces/kachaka_interfaces/msg/detail/location__rosidl_typesupport_fastrtps_c.h
-- Up-to-date: /home/weichen/project/kachaka/kachaka_ws/install/kachaka_interfaces/include/kachaka_interfaces/kachaka_interfaces/action
-- Up-to-date: /home/weichen/project/kachaka/kachaka_ws/install/kachaka_interfaces/include/kachaka_interfaces/kachaka_interfaces/action/detail
-- Up-to-date: /home/weichen/project/kachaka/kachaka_ws/install/kachaka_interfaces/include/kachaka_interfaces/kachaka_interfaces/action/detail/exec_kachaka_command__rosidl_typesupport_fastrtps_c.h
-- Up-to-date: /home/weichen/project/kachaka/kachaka_ws/install/kachaka_interfaces/lib/libkachaka_interfaces__rosidl_typesupport_fastrtps_c.so
-- Up-to-date: /home/weichen/project/kachaka/kachaka_ws/install/kachaka_interfaces/include/kachaka_interfaces/kachaka_interfaces
-- Up-to-date: /home/weichen/project/kachaka/kachaka_ws/install/kachaka_interfaces/include/kachaka_interfaces/kachaka_interfaces/msg
-- Up-to-date: /home/weichen/project/kachaka/kachaka_ws/install/kachaka_interfaces/include/kachaka_interfaces/kachaka_interfaces/msg/rosidl_generator_cpp__visibility_control.hpp
-- Up-to-date: /home/weichen/project/kachaka/kachaka_ws/install/kachaka_interfaces/include/kachaka_interfaces/kachaka_interfaces/msg/location_list.hpp
-- Up-to-date: /home/weichen/project/kachaka/kachaka_ws/install/kachaka_interfaces/include/kachaka_interfaces/kachaka_interfaces/msg/shelf_list.hpp
-- Up-to-date: /home/weichen/project/kachaka/kachaka_ws/install/kachaka_interfaces/include/kachaka_interfaces/kachaka_interfaces/msg/kachaka_command.hpp
-- Up-to-date: /home/weichen/project/kachaka/kachaka_ws/install/kachaka_interfaces/include/kachaka_interfaces/kachaka_interfaces/msg/location.hpp
-- Up-to-date: /home/weichen/project/kachaka/kachaka_ws/install/kachaka_interfaces/include/kachaka_interfaces/kachaka_interfaces/msg/object_detection.hpp
-- Up-to-date: /home/weichen/project/kachaka/kachaka_ws/install/kachaka_interfaces/include/kachaka_interfaces/kachaka_interfaces/msg/shelf_size.hpp
-- Up-to-date: /home/weichen/project/kachaka/kachaka_ws/install/kachaka_interfaces/include/kachaka_interfaces/kachaka_interfaces/msg/object_detection_list_stamped.hpp
-- Up-to-date: /home/weichen/project/kachaka/kachaka_ws/install/kachaka_interfaces/include/kachaka_interfaces/kachaka_interfaces/msg/detail
-- Up-to-date: /home/weichen/project/kachaka/kachaka_ws/install/kachaka_interfaces/include/kachaka_interfaces/kachaka_interfaces/msg/detail/kachaka_command__builder.hpp
-- Up-to-date: /home/weichen/project/kachaka/kachaka_ws/install/kachaka_interfaces/include/kachaka_interfaces/kachaka_interfaces/msg/detail/kachaka_command__struct.hpp
-- Up-to-date: /home/weichen/project/kachaka/kachaka_ws/install/kachaka_interfaces/include/kachaka_interfaces/kachaka_interfaces/msg/detail/location__traits.hpp
-- Up-to-date: /home/weichen/project/kachaka/kachaka_ws/install/kachaka_interfaces/include/kachaka_interfaces/kachaka_interfaces/msg/detail/object_detection__traits.hpp
-- Up-to-date: /home/weichen/project/kachaka/kachaka_ws/install/kachaka_interfaces/include/kachaka_interfaces/kachaka_interfaces/msg/detail/location__struct.hpp
-- Up-to-date: /home/weichen/project/kachaka/kachaka_ws/install/kachaka_interfaces/include/kachaka_interfaces/kachaka_interfaces/msg/detail/kachaka_command__type_support.hpp
-- Up-to-date: /home/weichen/project/kachaka/kachaka_ws/install/kachaka_interfaces/include/kachaka_interfaces/kachaka_interfaces/msg/detail/shelf_size__builder.hpp
-- Up-to-date: /home/weichen/project/kachaka/kachaka_ws/install/kachaka_interfaces/include/kachaka_interfaces/kachaka_interfaces/msg/detail/shelf_list__type_support.hpp
-- Up-to-date: /home/weichen/project/kachaka/kachaka_ws/install/kachaka_interfaces/include/kachaka_interfaces/kachaka_interfaces/msg/detail/location_list__traits.hpp
-- Up-to-date: /home/weichen/project/kachaka/kachaka_ws/install/kachaka_interfaces/include/kachaka_interfaces/kachaka_interfaces/msg/detail/shelf_size__struct.hpp
-- Up-to-date: /home/weichen/project/kachaka/kachaka_ws/install/kachaka_interfaces/include/kachaka_interfaces/kachaka_interfaces/msg/detail/shelf__traits.hpp
-- Up-to-date: /home/weichen/project/kachaka/kachaka_ws/install/kachaka_interfaces/include/kachaka_interfaces/kachaka_interfaces/msg/detail/object_detection_list_stamped__type_support.hpp
-- Up-to-date: /home/weichen/project/kachaka/kachaka_ws/install/kachaka_interfaces/include/kachaka_interfaces/kachaka_interfaces/msg/detail/object_detection__builder.hpp
-- Up-to-date: /home/weichen/project/kachaka/kachaka_ws/install/kachaka_interfaces/include/kachaka_interfaces/kachaka_interfaces/msg/detail/location__type_support.hpp
-- Up-to-date: /home/weichen/project/kachaka/kachaka_ws/install/kachaka_interfaces/include/kachaka_interfaces/kachaka_interfaces/msg/detail/location_list__builder.hpp
-- Up-to-date: /home/weichen/project/kachaka/kachaka_ws/install/kachaka_interfaces/include/kachaka_interfaces/kachaka_interfaces/msg/detail/shelf_list__traits.hpp
-- Up-to-date: /home/weichen/project/kachaka/kachaka_ws/install/kachaka_interfaces/include/kachaka_interfaces/kachaka_interfaces/msg/detail/object_detection__type_support.hpp
-- Up-to-date: /home/weichen/project/kachaka/kachaka_ws/install/kachaka_interfaces/include/kachaka_interfaces/kachaka_interfaces/msg/detail/location__builder.hpp
-- Up-to-date: /home/weichen/project/kachaka/kachaka_ws/install/kachaka_interfaces/include/kachaka_interfaces/kachaka_interfaces/msg/detail/object_detection_list_stamped__traits.hpp
-- Up-to-date: /home/weichen/project/kachaka/kachaka_ws/install/kachaka_interfaces/include/kachaka_interfaces/kachaka_interfaces/msg/detail/object_detection_list_stamped__struct.hpp
-- Up-to-date: /home/weichen/project/kachaka/kachaka_ws/install/kachaka_interfaces/include/kachaka_interfaces/kachaka_interfaces/msg/detail/shelf_list__builder.hpp
-- Up-to-date: /home/weichen/project/kachaka/kachaka_ws/install/kachaka_interfaces/include/kachaka_interfaces/kachaka_interfaces/msg/detail/kachaka_command__traits.hpp
-- Up-to-date: /home/weichen/project/kachaka/kachaka_ws/install/kachaka_interfaces/include/kachaka_interfaces/kachaka_interfaces/msg/detail/location_list__type_support.hpp
-- Up-to-date: /home/weichen/project/kachaka/kachaka_ws/install/kachaka_interfaces/include/kachaka_interfaces/kachaka_interfaces/msg/detail/shelf__struct.hpp
-- Up-to-date: /home/weichen/project/kachaka/kachaka_ws/install/kachaka_interfaces/include/kachaka_interfaces/kachaka_interfaces/msg/detail/shelf__type_support.hpp
-- Up-to-date: /home/weichen/project/kachaka/kachaka_ws/install/kachaka_interfaces/include/kachaka_interfaces/kachaka_interfaces/msg/detail/shelf_size__type_support.hpp
-- Up-to-date: /home/weichen/project/kachaka/kachaka_ws/install/kachaka_interfaces/include/kachaka_interfaces/kachaka_interfaces/msg/detail/shelf_list__struct.hpp
-- Up-to-date: /home/weichen/project/kachaka/kachaka_ws/install/kachaka_interfaces/include/kachaka_interfaces/kachaka_interfaces/msg/detail/shelf__builder.hpp
-- Up-to-date: /home/weichen/project/kachaka/kachaka_ws/install/kachaka_interfaces/include/kachaka_interfaces/kachaka_interfaces/msg/detail/object_detection_list_stamped__builder.hpp
-- Up-to-date: /home/weichen/project/kachaka/kachaka_ws/install/kachaka_interfaces/include/kachaka_interfaces/kachaka_interfaces/msg/detail/object_detection__struct.hpp
-- Up-to-date: /home/weichen/project/kachaka/kachaka_ws/install/kachaka_interfaces/include/kachaka_interfaces/kachaka_interfaces/msg/detail/location_list__struct.hpp
-- Up-to-date: /home/weichen/project/kachaka/kachaka_ws/install/kachaka_interfaces/include/kachaka_interfaces/kachaka_interfaces/msg/detail/shelf_size__traits.hpp
-- Up-to-date: /home/weichen/project/kachaka/kachaka_ws/install/kachaka_interfaces/include/kachaka_interfaces/kachaka_interfaces/msg/shelf.hpp
-- Up-to-date: /home/weichen/project/kachaka/kachaka_ws/install/kachaka_interfaces/include/kachaka_interfaces/kachaka_interfaces/action
-- Up-to-date: /home/weichen/project/kachaka/kachaka_ws/install/kachaka_interfaces/include/kachaka_interfaces/kachaka_interfaces/action/exec_kachaka_command.hpp
-- Up-to-date: /home/weichen/project/kachaka/kachaka_ws/install/kachaka_interfaces/include/kachaka_interfaces/kachaka_interfaces/action/detail
-- Up-to-date: /home/weichen/project/kachaka/kachaka_ws/install/kachaka_interfaces/include/kachaka_interfaces/kachaka_interfaces/action/detail/exec_kachaka_command__traits.hpp
-- Up-to-date: /home/weichen/project/kachaka/kachaka_ws/install/kachaka_interfaces/include/kachaka_interfaces/kachaka_interfaces/action/detail/exec_kachaka_command__type_support.hpp
-- Up-to-date: /home/weichen/project/kachaka/kachaka_ws/install/kachaka_interfaces/include/kachaka_interfaces/kachaka_interfaces/action/detail/exec_kachaka_command__struct.hpp
-- Up-to-date: /home/weichen/project/kachaka/kachaka_ws/install/kachaka_interfaces/include/kachaka_interfaces/kachaka_interfaces/action/detail/exec_kachaka_command__builder.hpp
-- Up-to-date: /home/weichen/project/kachaka/kachaka_ws/install/kachaka_interfaces/include/kachaka_interfaces/kachaka_interfaces
-- Up-to-date: /home/weichen/project/kachaka/kachaka_ws/install/kachaka_interfaces/include/kachaka_interfaces/kachaka_interfaces/msg
-- Up-to-date: /home/weichen/project/kachaka/kachaka_ws/install/kachaka_interfaces/include/kachaka_interfaces/kachaka_interfaces/msg/rosidl_typesupport_fastrtps_cpp__visibility_control.h
-- Up-to-date: /home/weichen/project/kachaka/kachaka_ws/install/kachaka_interfaces/include/kachaka_interfaces/kachaka_interfaces/msg/detail
-- Up-to-date: /home/weichen/project/kachaka/kachaka_ws/install/kachaka_interfaces/include/kachaka_interfaces/kachaka_interfaces/msg/detail/location__rosidl_typesupport_fastrtps_cpp.hpp
-- Up-to-date: /home/weichen/project/kachaka/kachaka_ws/install/kachaka_interfaces/include/kachaka_interfaces/kachaka_interfaces/msg/detail/shelf_size__rosidl_typesupport_fastrtps_cpp.hpp
-- Up-to-date: /home/weichen/project/kachaka/kachaka_ws/install/kachaka_interfaces/include/kachaka_interfaces/kachaka_interfaces/msg/detail/shelf__rosidl_typesupport_fastrtps_cpp.hpp
-- Up-to-date: /home/weichen/project/kachaka/kachaka_ws/install/kachaka_interfaces/include/kachaka_interfaces/kachaka_interfaces/msg/detail/object_detection__rosidl_typesupport_fastrtps_cpp.hpp
-- Up-to-date: /home/weichen/project/kachaka/kachaka_ws/install/kachaka_interfaces/include/kachaka_interfaces/kachaka_interfaces/msg/detail/object_detection_list_stamped__rosidl_typesupport_fastrtps_cpp.hpp
-- Up-to-date: /home/weichen/project/kachaka/kachaka_ws/install/kachaka_interfaces/include/kachaka_interfaces/kachaka_interfaces/msg/detail/shelf_list__rosidl_typesupport_fastrtps_cpp.hpp
-- Up-to-date: /home/weichen/project/kachaka/kachaka_ws/install/kachaka_interfaces/include/kachaka_interfaces/kachaka_interfaces/msg/detail/dds_fastrtps
-- Up-to-date: /home/weichen/project/kachaka/kachaka_ws/install/kachaka_interfaces/include/kachaka_interfaces/kachaka_interfaces/msg/detail/kachaka_command__rosidl_typesupport_fastrtps_cpp.hpp
-- Up-to-date: /home/weichen/project/kachaka/kachaka_ws/install/kachaka_interfaces/include/kachaka_interfaces/kachaka_interfaces/msg/detail/location_list__rosidl_typesupport_fastrtps_cpp.hpp
-- Up-to-date: /home/weichen/project/kachaka/kachaka_ws/install/kachaka_interfaces/include/kachaka_interfaces/kachaka_interfaces/action
-- Up-to-date: /home/weichen/project/kachaka/kachaka_ws/install/kachaka_interfaces/include/kachaka_interfaces/kachaka_interfaces/action/detail
-- Up-to-date: /home/weichen/project/kachaka/kachaka_ws/install/kachaka_interfaces/include/kachaka_interfaces/kachaka_interfaces/action/detail/exec_kachaka_command__rosidl_typesupport_fastrtps_cpp.hpp
-- Up-to-date: /home/weichen/project/kachaka/kachaka_ws/install/kachaka_interfaces/include/kachaka_interfaces/kachaka_interfaces/action/detail/dds_fastrtps
-- Up-to-date: /home/weichen/project/kachaka/kachaka_ws/install/kachaka_interfaces/lib/libkachaka_interfaces__rosidl_typesupport_fastrtps_cpp.so
-- Up-to-date: /home/weichen/project/kachaka/kachaka_ws/install/kachaka_interfaces/include/kachaka_interfaces/kachaka_interfaces
-- Up-to-date: /home/weichen/project/kachaka/kachaka_ws/install/kachaka_interfaces/include/kachaka_interfaces/kachaka_interfaces/msg
-- Up-to-date: /home/weichen/project/kachaka/kachaka_ws/install/kachaka_interfaces/include/kachaka_interfaces/kachaka_interfaces/msg/rosidl_typesupport_introspection_c__visibility_control.h
-- Up-to-date: /home/weichen/project/kachaka/kachaka_ws/install/kachaka_interfaces/include/kachaka_interfaces/kachaka_interfaces/msg/detail
-- Up-to-date: /home/weichen/project/kachaka/kachaka_ws/install/kachaka_interfaces/include/kachaka_interfaces/kachaka_interfaces/msg/detail/object_detection__type_support.c
-- Up-to-date: /home/weichen/project/kachaka/kachaka_ws/install/kachaka_interfaces/include/kachaka_interfaces/kachaka_interfaces/msg/detail/shelf_list__type_support.c
-- Up-to-date: /home/weichen/project/kachaka/kachaka_ws/install/kachaka_interfaces/include/kachaka_interfaces/kachaka_interfaces/msg/detail/object_detection_list_stamped__type_support.c
-- Up-to-date: /home/weichen/project/kachaka/kachaka_ws/install/kachaka_interfaces/include/kachaka_interfaces/kachaka_interfaces/msg/detail/location_list__type_support.c
-- Up-to-date: /home/weichen/project/kachaka/kachaka_ws/install/kachaka_interfaces/include/kachaka_interfaces/kachaka_interfaces/msg/detail/shelf__type_support.c
-- Up-to-date: /home/weichen/project/kachaka/kachaka_ws/install/kachaka_interfaces/include/kachaka_interfaces/kachaka_interfaces/msg/detail/shelf_size__rosidl_typesupport_introspection_c.h
-- Up-to-date: /home/weichen/project/kachaka/kachaka_ws/install/kachaka_interfaces/include/kachaka_interfaces/kachaka_interfaces/msg/detail/location__rosidl_typesupport_introspection_c.h
-- Up-to-date: /home/weichen/project/kachaka/kachaka_ws/install/kachaka_interfaces/include/kachaka_interfaces/kachaka_interfaces/msg/detail/location__type_support.c
-- Up-to-date: /home/weichen/project/kachaka/kachaka_ws/install/kachaka_interfaces/include/kachaka_interfaces/kachaka_interfaces/msg/detail/shelf_size__type_support.c
-- Up-to-date: /home/weichen/project/kachaka/kachaka_ws/install/kachaka_interfaces/include/kachaka_interfaces/kachaka_interfaces/msg/detail/object_detection__rosidl_typesupport_introspection_c.h
-- Up-to-date: /home/weichen/project/kachaka/kachaka_ws/install/kachaka_interfaces/include/kachaka_interfaces/kachaka_interfaces/msg/detail/kachaka_command__type_support.c
-- Up-to-date: /home/weichen/project/kachaka/kachaka_ws/install/kachaka_interfaces/include/kachaka_interfaces/kachaka_interfaces/msg/detail/shelf__rosidl_typesupport_introspection_c.h
-- Up-to-date: /home/weichen/project/kachaka/kachaka_ws/install/kachaka_interfaces/include/kachaka_interfaces/kachaka_interfaces/msg/detail/shelf_list__rosidl_typesupport_introspection_c.h
-- Up-to-date: /home/weichen/project/kachaka/kachaka_ws/install/kachaka_interfaces/include/kachaka_interfaces/kachaka_interfaces/msg/detail/kachaka_command__rosidl_typesupport_introspection_c.h
-- Up-to-date: /home/weichen/project/kachaka/kachaka_ws/install/kachaka_interfaces/include/kachaka_interfaces/kachaka_interfaces/msg/detail/object_detection_list_stamped__rosidl_typesupport_introspection_c.h
-- Up-to-date: /home/weichen/project/kachaka/kachaka_ws/install/kachaka_interfaces/include/kachaka_interfaces/kachaka_interfaces/msg/detail/location_list__rosidl_typesupport_introspection_c.h
-- Up-to-date: /home/weichen/project/kachaka/kachaka_ws/install/kachaka_interfaces/include/kachaka_interfaces/kachaka_interfaces/action
-- Up-to-date: /home/weichen/project/kachaka/kachaka_ws/install/kachaka_interfaces/include/kachaka_interfaces/kachaka_interfaces/action/detail
-- Up-to-date: /home/weichen/project/kachaka/kachaka_ws/install/kachaka_interfaces/include/kachaka_interfaces/kachaka_interfaces/action/detail/exec_kachaka_command__type_support.c
-- Up-to-date: /home/weichen/project/kachaka/kachaka_ws/install/kachaka_interfaces/include/kachaka_interfaces/kachaka_interfaces/action/detail/exec_kachaka_command__rosidl_typesupport_introspection_c.h
-- Up-to-date: /home/weichen/project/kachaka/kachaka_ws/install/kachaka_interfaces/lib/libkachaka_interfaces__rosidl_typesupport_introspection_c.so
-- Up-to-date: /home/weichen/project/kachaka/kachaka_ws/install/kachaka_interfaces/lib/libkachaka_interfaces__rosidl_typesupport_c.so
-- Up-to-date: /home/weichen/project/kachaka/kachaka_ws/install/kachaka_interfaces/include/kachaka_interfaces/kachaka_interfaces
-- Up-to-date: /home/weichen/project/kachaka/kachaka_ws/install/kachaka_interfaces/include/kachaka_interfaces/kachaka_interfaces/msg
-- Up-to-date: /home/weichen/project/kachaka/kachaka_ws/install/kachaka_interfaces/include/kachaka_interfaces/kachaka_interfaces/msg/detail
-- Up-to-date: /home/weichen/project/kachaka/kachaka_ws/install/kachaka_interfaces/include/kachaka_interfaces/kachaka_interfaces/msg/detail/shelf_list__rosidl_typesupport_introspection_cpp.hpp
-- Up-to-date: /home/weichen/project/kachaka/kachaka_ws/install/kachaka_interfaces/include/kachaka_interfaces/kachaka_interfaces/msg/detail/shelf_list__type_support.cpp
-- Up-to-date: /home/weichen/project/kachaka/kachaka_ws/install/kachaka_interfaces/include/kachaka_interfaces/kachaka_interfaces/msg/detail/shelf_size__type_support.cpp
-- Up-to-date: /home/weichen/project/kachaka/kachaka_ws/install/kachaka_interfaces/include/kachaka_interfaces/kachaka_interfaces/msg/detail/object_detection__rosidl_typesupport_introspection_cpp.hpp
-- Up-to-date: /home/weichen/project/kachaka/kachaka_ws/install/kachaka_interfaces/include/kachaka_interfaces/kachaka_interfaces/msg/detail/shelf__type_support.cpp
-- Up-to-date: /home/weichen/project/kachaka/kachaka_ws/install/kachaka_interfaces/include/kachaka_interfaces/kachaka_interfaces/msg/detail/location_list__rosidl_typesupport_introspection_cpp.hpp
-- Up-to-date: /home/weichen/project/kachaka/kachaka_ws/install/kachaka_interfaces/include/kachaka_interfaces/kachaka_interfaces/msg/detail/shelf_size__rosidl_typesupport_introspection_cpp.hpp
-- Up-to-date: /home/weichen/project/kachaka/kachaka_ws/install/kachaka_interfaces/include/kachaka_interfaces/kachaka_interfaces/msg/detail/object_detection__type_support.cpp
-- Up-to-date: /home/weichen/project/kachaka/kachaka_ws/install/kachaka_interfaces/include/kachaka_interfaces/kachaka_interfaces/msg/detail/object_detection_list_stamped__type_support.cpp
-- Up-to-date: /home/weichen/project/kachaka/kachaka_ws/install/kachaka_interfaces/include/kachaka_interfaces/kachaka_interfaces/msg/detail/location__type_support.cpp
-- Up-to-date: /home/weichen/project/kachaka/kachaka_ws/install/kachaka_interfaces/include/kachaka_interfaces/kachaka_interfaces/msg/detail/object_detection_list_stamped__rosidl_typesupport_introspection_cpp.hpp
-- Up-to-date: /home/weichen/project/kachaka/kachaka_ws/install/kachaka_interfaces/include/kachaka_interfaces/kachaka_interfaces/msg/detail/location__rosidl_typesupport_introspection_cpp.hpp
-- Up-to-date: /home/weichen/project/kachaka/kachaka_ws/install/kachaka_interfaces/include/kachaka_interfaces/kachaka_interfaces/msg/detail/kachaka_command__rosidl_typesupport_introspection_cpp.hpp
-- Up-to-date: /home/weichen/project/kachaka/kachaka_ws/install/kachaka_interfaces/include/kachaka_interfaces/kachaka_interfaces/msg/detail/location_list__type_support.cpp
-- Up-to-date: /home/weichen/project/kachaka/kachaka_ws/install/kachaka_interfaces/include/kachaka_interfaces/kachaka_interfaces/msg/detail/kachaka_command__type_support.cpp
-- Up-to-date: /home/weichen/project/kachaka/kachaka_ws/install/kachaka_interfaces/include/kachaka_interfaces/kachaka_interfaces/msg/detail/shelf__rosidl_typesupport_introspection_cpp.hpp
-- Up-to-date: /home/weichen/project/kachaka/kachaka_ws/install/kachaka_interfaces/include/kachaka_interfaces/kachaka_interfaces/action
-- Up-to-date: /home/weichen/project/kachaka/kachaka_ws/install/kachaka_interfaces/include/kachaka_interfaces/kachaka_interfaces/action/detail
-- Up-to-date: /home/weichen/project/kachaka/kachaka_ws/install/kachaka_interfaces/include/kachaka_interfaces/kachaka_interfaces/action/detail/exec_kachaka_command__type_support.cpp
-- Up-to-date: /home/weichen/project/kachaka/kachaka_ws/install/kachaka_interfaces/include/kachaka_interfaces/kachaka_interfaces/action/detail/exec_kachaka_command__rosidl_typesupport_introspection_cpp.hpp
-- Up-to-date: /home/weichen/project/kachaka/kachaka_ws/install/kachaka_interfaces/lib/libkachaka_interfaces__rosidl_typesupport_introspection_cpp.so
-- Up-to-date: /home/weichen/project/kachaka/kachaka_ws/install/kachaka_interfaces/lib/libkachaka_interfaces__rosidl_typesupport_cpp.so
-- Up-to-date: /home/weichen/project/kachaka/kachaka_ws/install/kachaka_interfaces/share/kachaka_interfaces/environment/pythonpath.sh
-- Up-to-date: /home/weichen/project/kachaka/kachaka_ws/install/kachaka_interfaces/share/kachaka_interfaces/environment/pythonpath.dsv
-- Up-to-date: /home/weichen/project/kachaka/kachaka_ws/install/kachaka_interfaces/local/lib/python3.10/dist-packages/kachaka_interfaces-0.0.0-py3.10.egg-info
-- Installing: /home/weichen/project/kachaka/kachaka_ws/install/kachaka_interfaces/local/lib/python3.10/dist-packages/kachaka_interfaces-0.0.0-py3.10.egg-info/top_level.txt
-- Installing: /home/weichen/project/kachaka/kachaka_ws/install/kachaka_interfaces/local/lib/python3.10/dist-packages/kachaka_interfaces-0.0.0-py3.10.egg-info/dependency_links.txt
-- Installing: /home/weichen/project/kachaka/kachaka_ws/install/kachaka_interfaces/local/lib/python3.10/dist-packages/kachaka_interfaces-0.0.0-py3.10.egg-info/SOURCES.txt
-- Installing: /home/weichen/project/kachaka/kachaka_ws/install/kachaka_interfaces/local/lib/python3.10/dist-packages/kachaka_interfaces-0.0.0-py3.10.egg-info/PKG-INFO
-- Up-to-date: /home/weichen/project/kachaka/kachaka_ws/install/kachaka_interfaces/local/lib/python3.10/dist-packages/kachaka_interfaces
-- Up-to-date: /home/weichen/project/kachaka/kachaka_ws/install/kachaka_interfaces/local/lib/python3.10/dist-packages/kachaka_interfaces/_kachaka_interfaces_s.ep.rosidl_typesupport_introspection_c.c
-- Up-to-date: /home/weichen/project/kachaka/kachaka_ws/install/kachaka_interfaces/local/lib/python3.10/dist-packages/kachaka_interfaces/kachaka_interfaces_s__rosidl_typesupport_c.cpython-310-x86_64-linux-gnu.so
-- Up-to-date: /home/weichen/project/kachaka/kachaka_ws/install/kachaka_interfaces/local/lib/python3.10/dist-packages/kachaka_interfaces/_kachaka_interfaces_s.ep.rosidl_typesupport_fastrtps_c.c
-- Up-to-date: /home/weichen/project/kachaka/kachaka_ws/install/kachaka_interfaces/local/lib/python3.10/dist-packages/kachaka_interfaces/kachaka_interfaces_s__rosidl_typesupport_fastrtps_c.cpython-310-x86_64-linux-gnu.so
-- Up-to-date: /home/weichen/project/kachaka/kachaka_ws/install/kachaka_interfaces/local/lib/python3.10/dist-packages/kachaka_interfaces/msg
-- Up-to-date: /home/weichen/project/kachaka/kachaka_ws/install/kachaka_interfaces/local/lib/python3.10/dist-packages/kachaka_interfaces/msg/_shelf_size_s.c
-- Up-to-date: /home/weichen/project/kachaka/kachaka_ws/install/kachaka_interfaces/local/lib/python3.10/dist-packages/kachaka_interfaces/msg/_object_detection_list_stamped.py
-- Up-to-date: /home/weichen/project/kachaka/kachaka_ws/install/kachaka_interfaces/local/lib/python3.10/dist-packages/kachaka_interfaces/msg/_kachaka_command.py
-- Up-to-date: /home/weichen/project/kachaka/kachaka_ws/install/kachaka_interfaces/local/lib/python3.10/dist-packages/kachaka_interfaces/msg/_object_detection.py
-- Up-to-date: /home/weichen/project/kachaka/kachaka_ws/install/kachaka_interfaces/local/lib/python3.10/dist-packages/kachaka_interfaces/msg/_object_detection_list_stamped_s.c
-- Up-to-date: /home/weichen/project/kachaka/kachaka_ws/install/kachaka_interfaces/local/lib/python3.10/dist-packages/kachaka_interfaces/msg/_location.py
-- Up-to-date: /home/weichen/project/kachaka/kachaka_ws/install/kachaka_interfaces/local/lib/python3.10/dist-packages/kachaka_interfaces/msg/_object_detection_s.c
-- Up-to-date: /home/weichen/project/kachaka/kachaka_ws/install/kachaka_interfaces/local/lib/python3.10/dist-packages/kachaka_interfaces/msg/_shelf_size.py
-- Up-to-date: /home/weichen/project/kachaka/kachaka_ws/install/kachaka_interfaces/local/lib/python3.10/dist-packages/kachaka_interfaces/msg/_shelf_list.py
-- Up-to-date: /home/weichen/project/kachaka/kachaka_ws/install/kachaka_interfaces/local/lib/python3.10/dist-packages/kachaka_interfaces/msg/_location_list.py
-- Up-to-date: /home/weichen/project/kachaka/kachaka_ws/install/kachaka_interfaces/local/lib/python3.10/dist-packages/kachaka_interfaces/msg/_shelf_list_s.c
-- Up-to-date: /home/weichen/project/kachaka/kachaka_ws/install/kachaka_interfaces/local/lib/python3.10/dist-packages/kachaka_interfaces/msg/_shelf_s.c
-- Up-to-date: /home/weichen/project/kachaka/kachaka_ws/install/kachaka_interfaces/local/lib/python3.10/dist-packages/kachaka_interfaces/msg/_location_list_s.c
-- Up-to-date: /home/weichen/project/kachaka/kachaka_ws/install/kachaka_interfaces/local/lib/python3.10/dist-packages/kachaka_interfaces/msg/_shelf.py
-- Up-to-date: /home/weichen/project/kachaka/kachaka_ws/install/kachaka_interfaces/local/lib/python3.10/dist-packages/kachaka_interfaces/msg/__init__.py
-- Up-to-date: /home/weichen/project/kachaka/kachaka_ws/install/kachaka_interfaces/local/lib/python3.10/dist-packages/kachaka_interfaces/msg/_kachaka_command_s.c
-- Up-to-date: /home/weichen/project/kachaka/kachaka_ws/install/kachaka_interfaces/local/lib/python3.10/dist-packages/kachaka_interfaces/msg/_location_s.c
-- Up-to-date: /home/weichen/project/kachaka/kachaka_ws/install/kachaka_interfaces/local/lib/python3.10/dist-packages/kachaka_interfaces/kachaka_interfaces_s__rosidl_typesupport_introspection_c.cpython-310-x86_64-linux-gnu.so
-- Up-to-date: /home/weichen/project/kachaka/kachaka_ws/install/kachaka_interfaces/local/lib/python3.10/dist-packages/kachaka_interfaces/_kachaka_interfaces_s.ep.rosidl_typesupport_c.c
-- Up-to-date: /home/weichen/project/kachaka/kachaka_ws/install/kachaka_interfaces/local/lib/python3.10/dist-packages/kachaka_interfaces/libkachaka_interfaces__rosidl_generator_py.so
-- Up-to-date: /home/weichen/project/kachaka/kachaka_ws/install/kachaka_interfaces/local/lib/python3.10/dist-packages/kachaka_interfaces/__init__.py
-- Up-to-date: /home/weichen/project/kachaka/kachaka_ws/install/kachaka_interfaces/local/lib/python3.10/dist-packages/kachaka_interfaces/action
-- Up-to-date: /home/weichen/project/kachaka/kachaka_ws/install/kachaka_interfaces/local/lib/python3.10/dist-packages/kachaka_interfaces/action/_exec_kachaka_command_s.c
-- Up-to-date: /home/weichen/project/kachaka/kachaka_ws/install/kachaka_interfaces/local/lib/python3.10/dist-packages/kachaka_interfaces/action/_exec_kachaka_command.py
-- Up-to-date: /home/weichen/project/kachaka/kachaka_ws/install/kachaka_interfaces/local/lib/python3.10/dist-packages/kachaka_interfaces/action/__init__.py
Listing '/home/weichen/project/kachaka/kachaka_ws/install/kachaka_interfaces/local/lib/python3.10/dist-packages/kachaka_interfaces'...
Listing '/home/weichen/project/kachaka/kachaka_ws/install/kachaka_interfaces/local/lib/python3.10/dist-packages/kachaka_interfaces/action'...
Listing '/home/weichen/project/kachaka/kachaka_ws/install/kachaka_interfaces/local/lib/python3.10/dist-packages/kachaka_interfaces/msg'...
-- Up-to-date: /home/weichen/project/kachaka/kachaka_ws/install/kachaka_interfaces/local/lib/python3.10/dist-packages/kachaka_interfaces/kachaka_interfaces_s__rosidl_typesupport_fastrtps_c.cpython-310-x86_64-linux-gnu.so
-- Up-to-date: /home/weichen/project/kachaka/kachaka_ws/install/kachaka_interfaces/local/lib/python3.10/dist-packages/kachaka_interfaces/kachaka_interfaces_s__rosidl_typesupport_introspection_c.cpython-310-x86_64-linux-gnu.so
-- Up-to-date: /home/weichen/project/kachaka/kachaka_ws/install/kachaka_interfaces/local/lib/python3.10/dist-packages/kachaka_interfaces/kachaka_interfaces_s__rosidl_typesupport_c.cpython-310-x86_64-linux-gnu.so
-- Up-to-date: /home/weichen/project/kachaka/kachaka_ws/install/kachaka_interfaces/lib/libkachaka_interfaces__rosidl_generator_py.so
-- Up-to-date: /home/weichen/project/kachaka/kachaka_ws/install/kachaka_interfaces/share/kachaka_interfaces/action/ExecKachakaCommand.idl
-- Up-to-date: /home/weichen/project/kachaka/kachaka_ws/install/kachaka_interfaces/share/kachaka_interfaces/msg/KachakaCommand.idl
-- Up-to-date: /home/weichen/project/kachaka/kachaka_ws/install/kachaka_interfaces/share/kachaka_interfaces/msg/Location.idl
-- Up-to-date: /home/weichen/project/kachaka/kachaka_ws/install/kachaka_interfaces/share/kachaka_interfaces/msg/LocationList.idl
-- Up-to-date: /home/weichen/project/kachaka/kachaka_ws/install/kachaka_interfaces/share/kachaka_interfaces/msg/ObjectDetection.idl
-- Up-to-date: /home/weichen/project/kachaka/kachaka_ws/install/kachaka_interfaces/share/kachaka_interfaces/msg/ObjectDetectionListStamped.idl
-- Up-to-date: /home/weichen/project/kachaka/kachaka_ws/install/kachaka_interfaces/share/kachaka_interfaces/msg/Shelf.idl
-- Up-to-date: /home/weichen/project/kachaka/kachaka_ws/install/kachaka_interfaces/share/kachaka_interfaces/msg/ShelfList.idl
-- Up-to-date: /home/weichen/project/kachaka/kachaka_ws/install/kachaka_interfaces/share/kachaka_interfaces/msg/ShelfSize.idl
-- Up-to-date: /home/weichen/project/kachaka/kachaka_ws/install/kachaka_interfaces/share/kachaka_interfaces/action/ExecKachakaCommand.action
-- Up-to-date: /home/weichen/project/kachaka/kachaka_ws/install/kachaka_interfaces/share/kachaka_interfaces/msg/KachakaCommand.msg
-- Up-to-date: /home/weichen/project/kachaka/kachaka_ws/install/kachaka_interfaces/share/kachaka_interfaces/msg/Location.msg
-- Up-to-date: /home/weichen/project/kachaka/kachaka_ws/install/kachaka_interfaces/share/kachaka_interfaces/msg/LocationList.msg
-- Up-to-date: /home/weichen/project/kachaka/kachaka_ws/install/kachaka_interfaces/share/kachaka_interfaces/msg/ObjectDetection.msg
-- Up-to-date: /home/weichen/project/kachaka/kachaka_ws/install/kachaka_interfaces/share/kachaka_interfaces/msg/ObjectDetectionListStamped.msg
-- Up-to-date: /home/weichen/project/kachaka/kachaka_ws/install/kachaka_interfaces/share/kachaka_interfaces/msg/Shelf.msg
-- Up-to-date: /home/weichen/project/kachaka/kachaka_ws/install/kachaka_interfaces/share/kachaka_interfaces/msg/ShelfList.msg
-- Up-to-date: /home/weichen/project/kachaka/kachaka_ws/install/kachaka_interfaces/share/kachaka_interfaces/msg/ShelfSize.msg
-- Up-to-date: /home/weichen/project/kachaka/kachaka_ws/install/kachaka_interfaces/share/ament_index/resource_index/package_run_dependencies/kachaka_interfaces
-- Up-to-date: /home/weichen/project/kachaka/kachaka_ws/install/kachaka_interfaces/share/ament_index/resource_index/parent_prefix_path/kachaka_interfaces
-- Up-to-date: /home/weichen/project/kachaka/kachaka_ws/install/kachaka_interfaces/share/kachaka_interfaces/environment/ament_prefix_path.sh
-- Up-to-date: /home/weichen/project/kachaka/kachaka_ws/install/kachaka_interfaces/share/kachaka_interfaces/environment/ament_prefix_path.dsv
-- Up-to-date: /home/weichen/project/kachaka/kachaka_ws/install/kachaka_interfaces/share/kachaka_interfaces/environment/path.sh
-- Up-to-date: /home/weichen/project/kachaka/kachaka_ws/install/kachaka_interfaces/share/kachaka_interfaces/environment/path.dsv
-- Up-to-date: /home/weichen/project/kachaka/kachaka_ws/install/kachaka_interfaces/share/kachaka_interfaces/local_setup.bash
-- Up-to-date: /home/weichen/project/kachaka/kachaka_ws/install/kachaka_interfaces/share/kachaka_interfaces/local_setup.sh
-- Up-to-date: /home/weichen/project/kachaka/kachaka_ws/install/kachaka_interfaces/share/kachaka_interfaces/local_setup.zsh
-- Up-to-date: /home/weichen/project/kachaka/kachaka_ws/install/kachaka_interfaces/share/kachaka_interfaces/local_setup.dsv
-- Installing: /home/weichen/project/kachaka/kachaka_ws/install/kachaka_interfaces/share/kachaka_interfaces/package.dsv
-- Up-to-date: /home/weichen/project/kachaka/kachaka_ws/install/kachaka_interfaces/share/ament_index/resource_index/packages/kachaka_interfaces
-- Up-to-date: /home/weichen/project/kachaka/kachaka_ws/install/kachaka_interfaces/share/kachaka_interfaces/cmake/export_kachaka_interfaces__rosidl_generator_cExport.cmake
-- Up-to-date: /home/weichen/project/kachaka/kachaka_ws/install/kachaka_interfaces/share/kachaka_interfaces/cmake/export_kachaka_interfaces__rosidl_generator_cExport-noconfig.cmake
-- Up-to-date: /home/weichen/project/kachaka/kachaka_ws/install/kachaka_interfaces/share/kachaka_interfaces/cmake/export_kachaka_interfaces__rosidl_typesupport_fastrtps_cExport.cmake
-- Up-to-date: /home/weichen/project/kachaka/kachaka_ws/install/kachaka_interfaces/share/kachaka_interfaces/cmake/export_kachaka_interfaces__rosidl_typesupport_fastrtps_cExport-noconfig.cmake
-- Up-to-date: /home/weichen/project/kachaka/kachaka_ws/install/kachaka_interfaces/share/kachaka_interfaces/cmake/export_kachaka_interfaces__rosidl_generator_cppExport.cmake
-- Up-to-date: /home/weichen/project/kachaka/kachaka_ws/install/kachaka_interfaces/share/kachaka_interfaces/cmake/export_kachaka_interfaces__rosidl_typesupport_fastrtps_cppExport.cmake
-- Up-to-date: /home/weichen/project/kachaka/kachaka_ws/install/kachaka_interfaces/share/kachaka_interfaces/cmake/export_kachaka_interfaces__rosidl_typesupport_fastrtps_cppExport-noconfig.cmake
-- Up-to-date: /home/weichen/project/kachaka/kachaka_ws/install/kachaka_interfaces/share/kachaka_interfaces/cmake/kachaka_interfaces__rosidl_typesupport_introspection_cExport.cmake
-- Up-to-date: /home/weichen/project/kachaka/kachaka_ws/install/kachaka_interfaces/share/kachaka_interfaces/cmake/kachaka_interfaces__rosidl_typesupport_introspection_cExport-noconfig.cmake
-- Up-to-date: /home/weichen/project/kachaka/kachaka_ws/install/kachaka_interfaces/share/kachaka_interfaces/cmake/kachaka_interfaces__rosidl_typesupport_cExport.cmake
-- Up-to-date: /home/weichen/project/kachaka/kachaka_ws/install/kachaka_interfaces/share/kachaka_interfaces/cmake/kachaka_interfaces__rosidl_typesupport_cExport-noconfig.cmake
-- Up-to-date: /home/weichen/project/kachaka/kachaka_ws/install/kachaka_interfaces/share/kachaka_interfaces/cmake/kachaka_interfaces__rosidl_typesupport_introspection_cppExport.cmake
-- Up-to-date: /home/weichen/project/kachaka/kachaka_ws/install/kachaka_interfaces/share/kachaka_interfaces/cmake/kachaka_interfaces__rosidl_typesupport_introspection_cppExport-noconfig.cmake
-- Up-to-date: /home/weichen/project/kachaka/kachaka_ws/install/kachaka_interfaces/share/kachaka_interfaces/cmake/kachaka_interfaces__rosidl_typesupport_cppExport.cmake
-- Up-to-date: /home/weichen/project/kachaka/kachaka_ws/install/kachaka_interfaces/share/kachaka_interfaces/cmake/kachaka_interfaces__rosidl_typesupport_cppExport-noconfig.cmake
-- Up-to-date: /home/weichen/project/kachaka/kachaka_ws/install/kachaka_interfaces/share/kachaka_interfaces/cmake/export_kachaka_interfaces__rosidl_generator_pyExport.cmake
-- Up-to-date: /home/weichen/project/kachaka/kachaka_ws/install/kachaka_interfaces/share/kachaka_interfaces/cmake/export_kachaka_interfaces__rosidl_generator_pyExport-noconfig.cmake
-- Up-to-date: /home/weichen/project/kachaka/kachaka_ws/install/kachaka_interfaces/share/kachaka_interfaces/cmake/rosidl_cmake-extras.cmake
-- Up-to-date: /home/weichen/project/kachaka/kachaka_ws/install/kachaka_interfaces/share/kachaka_interfaces/cmake/ament_cmake_export_dependencies-extras.cmake
-- Up-to-date: /home/weichen/project/kachaka/kachaka_ws/install/kachaka_interfaces/share/kachaka_interfaces/cmake/ament_cmake_export_include_directories-extras.cmake
-- Up-to-date: /home/weichen/project/kachaka/kachaka_ws/install/kachaka_interfaces/share/kachaka_interfaces/cmake/ament_cmake_export_libraries-extras.cmake
-- Up-to-date: /home/weichen/project/kachaka/kachaka_ws/install/kachaka_interfaces/share/kachaka_interfaces/cmake/ament_cmake_export_targets-extras.cmake
-- Up-to-date: /home/weichen/project/kachaka/kachaka_ws/install/kachaka_interfaces/share/kachaka_interfaces/cmake/rosidl_cmake_export_typesupport_targets-extras.cmake
-- Up-to-date: /home/weichen/project/kachaka/kachaka_ws/install/kachaka_interfaces/share/kachaka_interfaces/cmake/rosidl_cmake_export_typesupport_libraries-extras.cmake
-- Up-to-date: /home/weichen/project/kachaka/kachaka_ws/install/kachaka_interfaces/share/kachaka_interfaces/cmake/kachaka_interfacesConfig.cmake
-- Up-to-date: /home/weichen/project/kachaka/kachaka_ws/install/kachaka_interfaces/share/kachaka_interfaces/cmake/kachaka_interfacesConfig-version.cmake
-- Up-to-date: /home/weichen/project/kachaka/kachaka_ws/install/kachaka_interfaces/share/kachaka_interfaces/package.xml
