[0.061s] Invoking command in '/home/weichen/project/kachaka/kachaka_ws/build/kachaka_interfaces': CMAKE_PREFIX_PATH=/opt/ros/humble /usr/bin/cmake --build /home/weichen/project/kachaka/kachaka_ws/build/kachaka_interfaces -- -j16 -l16
[0.589s] [35m[1mConsolidate compiler generated dependencies of target kachaka_interfaces__rosidl_generator_c[0m
[0.592s] [  1%] Built target kachaka_interfaces__cpp
[0.592s] [  1%] Built target ament_cmake_python_copy_kachaka_interfaces
[0.593s] [35m[1mConsolidate compiler generated dependencies of target kachaka_interfaces__rosidl_typesupport_cpp[0m
[0.593s] [35m[1mConsolidate compiler generated dependencies of target kachaka_interfaces__rosidl_typesupport_introspection_cpp[0m
[0.593s] [35m[1mConsolidate compiler generated dependencies of target kachaka_interfaces__rosidl_typesupport_fastrtps_cpp[0m
[0.593s] [ 12%] Built target kachaka_interfaces__rosidl_generator_c
[0.594s] [35m[1mConsolidate compiler generated dependencies of target kachaka_interfaces__rosidl_typesupport_introspection_c[0m
[0.595s] [35m[1mConsolidate compiler generated dependencies of target kachaka_interfaces__rosidl_typesupport_c[0m
[0.595s] [35m[1mConsolidate compiler generated dependencies of target kachaka_interfaces__rosidl_typesupport_fastrtps_c[0m
[0.595s] [ 24%] Built target kachaka_interfaces__rosidl_typesupport_introspection_cpp
[0.595s] [ 35%] Built target kachaka_interfaces__rosidl_typesupport_cpp
[0.596s] [ 47%] Built target kachaka_interfaces__rosidl_typesupport_fastrtps_cpp
[0.596s] [ 58%] Built target kachaka_interfaces__rosidl_typesupport_c
[0.596s] [ 70%] Built target kachaka_interfaces__rosidl_typesupport_introspection_c
[0.596s] [ 82%] Built target kachaka_interfaces__rosidl_typesupport_fastrtps_c
[0.596s] [ 82%] Built target kachaka_interfaces
[0.596s] [ 83%] Built target kachaka_interfaces__py
[0.597s] [35m[1mConsolidate compiler generated dependencies of target kachaka_interfaces__rosidl_generator_py[0m
[0.597s] [ 93%] Built target kachaka_interfaces__rosidl_generator_py
[0.597s] [35m[1mConsolidate compiler generated dependencies of target kachaka_interfaces__rosidl_typesupport_introspection_c__pyext[0m
[0.597s] [35m[1mConsolidate compiler generated dependencies of target kachaka_interfaces__rosidl_typesupport_c__pyext[0m
[0.597s] [35m[1mConsolidate compiler generated dependencies of target kachaka_interfaces__rosidl_typesupport_fastrtps_c__pyext[0m
[0.597s] [ 95%] Built target kachaka_interfaces__rosidl_typesupport_introspection_c__pyext
[0.598s] [ 97%] Built target kachaka_interfaces__rosidl_typesupport_c__pyext
[0.598s] [100%] Built target kachaka_interfaces__rosidl_typesupport_fastrtps_c__pyext
[0.739s] running egg_info
[0.740s] writing kachaka_interfaces.egg-info/PKG-INFO
[0.741s] writing dependency_links to kachaka_interfaces.egg-info/dependency_links.txt
[0.742s] writing top-level names to kachaka_interfaces.egg-info/top_level.txt
[0.757s] reading manifest file 'kachaka_interfaces.egg-info/SOURCES.txt'
[0.759s] writing manifest file 'kachaka_interfaces.egg-info/SOURCES.txt'
[0.800s] [100%] Built target ament_cmake_python_build_kachaka_interfaces_egg
[0.816s] Invoked command in '/home/weichen/project/kachaka/kachaka_ws/build/kachaka_interfaces' returned '0': CMAKE_PREFIX_PATH=/opt/ros/humble /usr/bin/cmake --build /home/weichen/project/kachaka/kachaka_ws/build/kachaka_interfaces -- -j16 -l16
[0.825s] Invoking command in '/home/weichen/project/kachaka/kachaka_ws/build/kachaka_interfaces': CMAKE_PREFIX_PATH=/opt/ros/humble /usr/bin/cmake --install /home/weichen/project/kachaka/kachaka_ws/build/kachaka_interfaces
[0.835s] -- Install configuration: ""
[0.835s] -- Up-to-date: /home/weichen/project/kachaka/kachaka_ws/install/kachaka_interfaces/share/ament_index/resource_index/rosidl_interfaces/kachaka_interfaces
[0.837s] -- Up-to-date: /home/weichen/project/kachaka/kachaka_ws/install/kachaka_interfaces/include/kachaka_interfaces/kachaka_interfaces
[0.837s] -- Up-to-date: /home/weichen/project/kachaka/kachaka_ws/install/kachaka_interfaces/include/kachaka_interfaces/kachaka_interfaces/msg
[0.838s] -- Up-to-date: /home/weichen/project/kachaka/kachaka_ws/install/kachaka_interfaces/include/kachaka_interfaces/kachaka_interfaces/msg/location.h
[0.839s] -- Up-to-date: /home/weichen/project/kachaka/kachaka_ws/install/kachaka_interfaces/include/kachaka_interfaces/kachaka_interfaces/msg/object_detection_list_stamped.h
[0.840s] -- Up-to-date: /home/weichen/project/kachaka/kachaka_ws/install/kachaka_interfaces/include/kachaka_interfaces/kachaka_interfaces/msg/shelf.h
[0.840s] -- Up-to-date: /home/weichen/project/kachaka/kachaka_ws/install/kachaka_interfaces/include/kachaka_interfaces/kachaka_interfaces/msg/shelf_size.h
[0.841s] -- Up-to-date: /home/weichen/project/kachaka/kachaka_ws/install/kachaka_interfaces/include/kachaka_interfaces/kachaka_interfaces/msg/location_list.h
[0.842s] -- Up-to-date: /home/weichen/project/kachaka/kachaka_ws/install/kachaka_interfaces/include/kachaka_interfaces/kachaka_interfaces/msg/shelf_list.h
[0.842s] -- Up-to-date: /home/weichen/project/kachaka/kachaka_ws/install/kachaka_interfaces/include/kachaka_interfaces/kachaka_interfaces/msg/object_detection.h
[0.842s] -- Up-to-date: /home/weichen/project/kachaka/kachaka_ws/install/kachaka_interfaces/include/kachaka_interfaces/kachaka_interfaces/msg/rosidl_generator_c__visibility_control.h
[0.842s] -- Up-to-date: /home/weichen/project/kachaka/kachaka_ws/install/kachaka_interfaces/include/kachaka_interfaces/kachaka_interfaces/msg/kachaka_command.h
[0.842s] -- Up-to-date: /home/weichen/project/kachaka/kachaka_ws/install/kachaka_interfaces/include/kachaka_interfaces/kachaka_interfaces/msg/detail
[0.842s] -- Up-to-date: /home/weichen/project/kachaka/kachaka_ws/install/kachaka_interfaces/include/kachaka_interfaces/kachaka_interfaces/msg/detail/location_list__functions.h
[0.842s] -- Up-to-date: /home/weichen/project/kachaka/kachaka_ws/install/kachaka_interfaces/include/kachaka_interfaces/kachaka_interfaces/msg/detail/shelf__functions.h
[0.843s] -- Up-to-date: /home/weichen/project/kachaka/kachaka_ws/install/kachaka_interfaces/include/kachaka_interfaces/kachaka_interfaces/msg/detail/shelf_list__functions.c
[0.843s] -- Up-to-date: /home/weichen/project/kachaka/kachaka_ws/install/kachaka_interfaces/include/kachaka_interfaces/kachaka_interfaces/msg/detail/shelf__type_support.h
[0.843s] -- Up-to-date: /home/weichen/project/kachaka/kachaka_ws/install/kachaka_interfaces/include/kachaka_interfaces/kachaka_interfaces/msg/detail/object_detection__functions.c
[0.843s] -- Up-to-date: /home/weichen/project/kachaka/kachaka_ws/install/kachaka_interfaces/include/kachaka_interfaces/kachaka_interfaces/msg/detail/kachaka_command__functions.c
[0.843s] -- Up-to-date: /home/weichen/project/kachaka/kachaka_ws/install/kachaka_interfaces/include/kachaka_interfaces/kachaka_interfaces/msg/detail/location__functions.c
[0.843s] -- Up-to-date: /home/weichen/project/kachaka/kachaka_ws/install/kachaka_interfaces/include/kachaka_interfaces/kachaka_interfaces/msg/detail/object_detection_list_stamped__struct.h
[0.843s] -- Up-to-date: /home/weichen/project/kachaka/kachaka_ws/install/kachaka_interfaces/include/kachaka_interfaces/kachaka_interfaces/msg/detail/object_detection__functions.h
[0.843s] -- Up-to-date: /home/weichen/project/kachaka/kachaka_ws/install/kachaka_interfaces/include/kachaka_interfaces/kachaka_interfaces/msg/detail/kachaka_command__functions.h
[0.843s] -- Up-to-date: /home/weichen/project/kachaka/kachaka_ws/install/kachaka_interfaces/include/kachaka_interfaces/kachaka_interfaces/msg/detail/location_list__type_support.h
[0.843s] -- Up-to-date: /home/weichen/project/kachaka/kachaka_ws/install/kachaka_interfaces/include/kachaka_interfaces/kachaka_interfaces/msg/detail/location__type_support.h
[0.843s] -- Up-to-date: /home/weichen/project/kachaka/kachaka_ws/install/kachaka_interfaces/include/kachaka_interfaces/kachaka_interfaces/msg/detail/shelf__struct.h
[0.843s] -- Up-to-date: /home/weichen/project/kachaka/kachaka_ws/install/kachaka_interfaces/include/kachaka_interfaces/kachaka_interfaces/msg/detail/object_detection__type_support.h
[0.843s] -- Up-to-date: /home/weichen/project/kachaka/kachaka_ws/install/kachaka_interfaces/include/kachaka_interfaces/kachaka_interfaces/msg/detail/shelf_size__functions.h
[0.843s] -- Up-to-date: /home/weichen/project/kachaka/kachaka_ws/install/kachaka_interfaces/include/kachaka_interfaces/kachaka_interfaces/msg/detail/location__functions.h
[0.843s] -- Up-to-date: /home/weichen/project/kachaka/kachaka_ws/install/kachaka_interfaces/include/kachaka_interfaces/kachaka_interfaces/msg/detail/object_detection_list_stamped__type_support.h
[0.844s] -- Up-to-date: /home/weichen/project/kachaka/kachaka_ws/install/kachaka_interfaces/include/kachaka_interfaces/kachaka_interfaces/msg/detail/shelf__functions.c
[0.844s] -- Up-to-date: /home/weichen/project/kachaka/kachaka_ws/install/kachaka_interfaces/include/kachaka_interfaces/kachaka_interfaces/msg/detail/shelf_size__type_support.h
[0.844s] -- Up-to-date: /home/weichen/project/kachaka/kachaka_ws/install/kachaka_interfaces/include/kachaka_interfaces/kachaka_interfaces/msg/detail/shelf_list__struct.h
[0.844s] -- Up-to-date: /home/weichen/project/kachaka/kachaka_ws/install/kachaka_interfaces/include/kachaka_interfaces/kachaka_interfaces/msg/detail/shelf_list__type_support.h
[0.845s] -- Up-to-date: /home/weichen/project/kachaka/kachaka_ws/install/kachaka_interfaces/include/kachaka_interfaces/kachaka_interfaces/msg/detail/kachaka_command__type_support.h
[0.845s] -- Up-to-date: /home/weichen/project/kachaka/kachaka_ws/install/kachaka_interfaces/include/kachaka_interfaces/kachaka_interfaces/msg/detail/shelf_size__struct.h
[0.845s] -- Up-to-date: /home/weichen/project/kachaka/kachaka_ws/install/kachaka_interfaces/include/kachaka_interfaces/kachaka_interfaces/msg/detail/object_detection_list_stamped__functions.h
[0.845s] -- Up-to-date: /home/weichen/project/kachaka/kachaka_ws/install/kachaka_interfaces/include/kachaka_interfaces/kachaka_interfaces/msg/detail/shelf_list__functions.h
[0.845s] -- Up-to-date: /home/weichen/project/kachaka/kachaka_ws/install/kachaka_interfaces/include/kachaka_interfaces/kachaka_interfaces/msg/detail/location__struct.h
[0.845s] -- Up-to-date: /home/weichen/project/kachaka/kachaka_ws/install/kachaka_interfaces/include/kachaka_interfaces/kachaka_interfaces/msg/detail/object_detection_list_stamped__functions.c
[0.845s] -- Up-to-date: /home/weichen/project/kachaka/kachaka_ws/install/kachaka_interfaces/include/kachaka_interfaces/kachaka_interfaces/msg/detail/location_list__struct.h
[0.845s] -- Up-to-date: /home/weichen/project/kachaka/kachaka_ws/install/kachaka_interfaces/include/kachaka_interfaces/kachaka_interfaces/msg/detail/location_list__functions.c
[0.845s] -- Up-to-date: /home/weichen/project/kachaka/kachaka_ws/install/kachaka_interfaces/include/kachaka_interfaces/kachaka_interfaces/msg/detail/kachaka_command__struct.h
[0.845s] -- Up-to-date: /home/weichen/project/kachaka/kachaka_ws/install/kachaka_interfaces/include/kachaka_interfaces/kachaka_interfaces/msg/detail/object_detection__struct.h
[0.845s] -- Up-to-date: /home/weichen/project/kachaka/kachaka_ws/install/kachaka_interfaces/include/kachaka_interfaces/kachaka_interfaces/msg/detail/shelf_size__functions.c
[0.845s] -- Up-to-date: /home/weichen/project/kachaka/kachaka_ws/install/kachaka_interfaces/include/kachaka_interfaces/kachaka_interfaces/action
[0.845s] -- Up-to-date: /home/weichen/project/kachaka/kachaka_ws/install/kachaka_interfaces/include/kachaka_interfaces/kachaka_interfaces/action/exec_kachaka_command.h
[0.845s] -- Up-to-date: /home/weichen/project/kachaka/kachaka_ws/install/kachaka_interfaces/include/kachaka_interfaces/kachaka_interfaces/action/detail
[0.845s] -- Up-to-date: /home/weichen/project/kachaka/kachaka_ws/install/kachaka_interfaces/include/kachaka_interfaces/kachaka_interfaces/action/detail/exec_kachaka_command__type_support.h
[0.845s] -- Up-to-date: /home/weichen/project/kachaka/kachaka_ws/install/kachaka_interfaces/include/kachaka_interfaces/kachaka_interfaces/action/detail/exec_kachaka_command__struct.h
[0.846s] -- Up-to-date: /home/weichen/project/kachaka/kachaka_ws/install/kachaka_interfaces/include/kachaka_interfaces/kachaka_interfaces/action/detail/exec_kachaka_command__functions.h
[0.846s] -- Up-to-date: /home/weichen/project/kachaka/kachaka_ws/install/kachaka_interfaces/include/kachaka_interfaces/kachaka_interfaces/action/detail/exec_kachaka_command__functions.c
[0.846s] -- Up-to-date: /home/weichen/project/kachaka/kachaka_ws/install/kachaka_interfaces/share/kachaka_interfaces/environment/library_path.sh
[0.846s] -- Up-to-date: /home/weichen/project/kachaka/kachaka_ws/install/kachaka_interfaces/share/kachaka_interfaces/environment/library_path.dsv
[0.846s] -- Up-to-date: /home/weichen/project/kachaka/kachaka_ws/install/kachaka_interfaces/lib/libkachaka_interfaces__rosidl_generator_c.so
[0.846s] -- Up-to-date: /home/weichen/project/kachaka/kachaka_ws/install/kachaka_interfaces/include/kachaka_interfaces/kachaka_interfaces
[0.846s] -- Up-to-date: /home/weichen/project/kachaka/kachaka_ws/install/kachaka_interfaces/include/kachaka_interfaces/kachaka_interfaces/msg
[0.846s] -- Up-to-date: /home/weichen/project/kachaka/kachaka_ws/install/kachaka_interfaces/include/kachaka_interfaces/kachaka_interfaces/msg/rosidl_typesupport_fastrtps_c__visibility_control.h
[0.846s] -- Up-to-date: /home/weichen/project/kachaka/kachaka_ws/install/kachaka_interfaces/include/kachaka_interfaces/kachaka_interfaces/msg/detail
[0.846s] -- Up-to-date: /home/weichen/project/kachaka/kachaka_ws/install/kachaka_interfaces/include/kachaka_interfaces/kachaka_interfaces/msg/detail/shelf_size__rosidl_typesupport_fastrtps_c.h
[0.846s] -- Up-to-date: /home/weichen/project/kachaka/kachaka_ws/install/kachaka_interfaces/include/kachaka_interfaces/kachaka_interfaces/msg/detail/shelf__rosidl_typesupport_fastrtps_c.h
[0.846s] -- Up-to-date: /home/weichen/project/kachaka/kachaka_ws/install/kachaka_interfaces/include/kachaka_interfaces/kachaka_interfaces/msg/detail/object_detection__rosidl_typesupport_fastrtps_c.h
[0.846s] -- Up-to-date: /home/weichen/project/kachaka/kachaka_ws/install/kachaka_interfaces/include/kachaka_interfaces/kachaka_interfaces/msg/detail/location_list__rosidl_typesupport_fastrtps_c.h
[0.846s] -- Up-to-date: /home/weichen/project/kachaka/kachaka_ws/install/kachaka_interfaces/include/kachaka_interfaces/kachaka_interfaces/msg/detail/kachaka_command__rosidl_typesupport_fastrtps_c.h
[0.846s] -- Up-to-date: /home/weichen/project/kachaka/kachaka_ws/install/kachaka_interfaces/include/kachaka_interfaces/kachaka_interfaces/msg/detail/shelf_list__rosidl_typesupport_fastrtps_c.h
[0.846s] -- Up-to-date: /home/weichen/project/kachaka/kachaka_ws/install/kachaka_interfaces/include/kachaka_interfaces/kachaka_interfaces/msg/detail/object_detection_list_stamped__rosidl_typesupport_fastrtps_c.h
[0.846s] -- Up-to-date: /home/weichen/project/kachaka/kachaka_ws/install/kachaka_interfaces/include/kachaka_interfaces/kachaka_interfaces/msg/detail/location__rosidl_typesupport_fastrtps_c.h
[0.846s] -- Up-to-date: /home/weichen/project/kachaka/kachaka_ws/install/kachaka_interfaces/include/kachaka_interfaces/kachaka_interfaces/action
[0.847s] -- Up-to-date: /home/weichen/project/kachaka/kachaka_ws/install/kachaka_interfaces/include/kachaka_interfaces/kachaka_interfaces/action/detail
[0.847s] -- Up-to-date: /home/weichen/project/kachaka/kachaka_ws/install/kachaka_interfaces/include/kachaka_interfaces/kachaka_interfaces/action/detail/exec_kachaka_command__rosidl_typesupport_fastrtps_c.h
[0.848s] -- Up-to-date: /home/weichen/project/kachaka/kachaka_ws/install/kachaka_interfaces/lib/libkachaka_interfaces__rosidl_typesupport_fastrtps_c.so
[0.850s] -- Up-to-date: /home/weichen/project/kachaka/kachaka_ws/install/kachaka_interfaces/include/kachaka_interfaces/kachaka_interfaces
[0.852s] -- Up-to-date: /home/weichen/project/kachaka/kachaka_ws/install/kachaka_interfaces/include/kachaka_interfaces/kachaka_interfaces/msg
[0.852s] -- Up-to-date: /home/weichen/project/kachaka/kachaka_ws/install/kachaka_interfaces/include/kachaka_interfaces/kachaka_interfaces/msg/rosidl_generator_cpp__visibility_control.hpp
[0.852s] -- Up-to-date: /home/weichen/project/kachaka/kachaka_ws/install/kachaka_interfaces/include/kachaka_interfaces/kachaka_interfaces/msg/location_list.hpp
[0.852s] -- Up-to-date: /home/weichen/project/kachaka/kachaka_ws/install/kachaka_interfaces/include/kachaka_interfaces/kachaka_interfaces/msg/shelf_list.hpp
[0.852s] -- Up-to-date: /home/weichen/project/kachaka/kachaka_ws/install/kachaka_interfaces/include/kachaka_interfaces/kachaka_interfaces/msg/kachaka_command.hpp
[0.852s] -- Up-to-date: /home/weichen/project/kachaka/kachaka_ws/install/kachaka_interfaces/include/kachaka_interfaces/kachaka_interfaces/msg/location.hpp
[0.852s] -- Up-to-date: /home/weichen/project/kachaka/kachaka_ws/install/kachaka_interfaces/include/kachaka_interfaces/kachaka_interfaces/msg/object_detection.hpp
[0.852s] -- Up-to-date: /home/weichen/project/kachaka/kachaka_ws/install/kachaka_interfaces/include/kachaka_interfaces/kachaka_interfaces/msg/shelf_size.hpp
[0.852s] -- Up-to-date: /home/weichen/project/kachaka/kachaka_ws/install/kachaka_interfaces/include/kachaka_interfaces/kachaka_interfaces/msg/object_detection_list_stamped.hpp
[0.852s] -- Up-to-date: /home/weichen/project/kachaka/kachaka_ws/install/kachaka_interfaces/include/kachaka_interfaces/kachaka_interfaces/msg/detail
[0.852s] -- Up-to-date: /home/weichen/project/kachaka/kachaka_ws/install/kachaka_interfaces/include/kachaka_interfaces/kachaka_interfaces/msg/detail/kachaka_command__builder.hpp
[0.852s] -- Up-to-date: /home/weichen/project/kachaka/kachaka_ws/install/kachaka_interfaces/include/kachaka_interfaces/kachaka_interfaces/msg/detail/kachaka_command__struct.hpp
[0.853s] -- Up-to-date: /home/weichen/project/kachaka/kachaka_ws/install/kachaka_interfaces/include/kachaka_interfaces/kachaka_interfaces/msg/detail/location__traits.hpp
[0.853s] -- Up-to-date: /home/weichen/project/kachaka/kachaka_ws/install/kachaka_interfaces/include/kachaka_interfaces/kachaka_interfaces/msg/detail/object_detection__traits.hpp
[0.853s] -- Up-to-date: /home/weichen/project/kachaka/kachaka_ws/install/kachaka_interfaces/include/kachaka_interfaces/kachaka_interfaces/msg/detail/location__struct.hpp
[0.853s] -- Up-to-date: /home/weichen/project/kachaka/kachaka_ws/install/kachaka_interfaces/include/kachaka_interfaces/kachaka_interfaces/msg/detail/kachaka_command__type_support.hpp
[0.853s] -- Up-to-date: /home/weichen/project/kachaka/kachaka_ws/install/kachaka_interfaces/include/kachaka_interfaces/kachaka_interfaces/msg/detail/shelf_size__builder.hpp
[0.853s] -- Up-to-date: /home/weichen/project/kachaka/kachaka_ws/install/kachaka_interfaces/include/kachaka_interfaces/kachaka_interfaces/msg/detail/shelf_list__type_support.hpp
[0.853s] -- Up-to-date: /home/weichen/project/kachaka/kachaka_ws/install/kachaka_interfaces/include/kachaka_interfaces/kachaka_interfaces/msg/detail/location_list__traits.hpp
[0.853s] -- Up-to-date: /home/weichen/project/kachaka/kachaka_ws/install/kachaka_interfaces/include/kachaka_interfaces/kachaka_interfaces/msg/detail/shelf_size__struct.hpp
[0.853s] -- Up-to-date: /home/weichen/project/kachaka/kachaka_ws/install/kachaka_interfaces/include/kachaka_interfaces/kachaka_interfaces/msg/detail/shelf__traits.hpp
[0.853s] -- Up-to-date: /home/weichen/project/kachaka/kachaka_ws/install/kachaka_interfaces/include/kachaka_interfaces/kachaka_interfaces/msg/detail/object_detection_list_stamped__type_support.hpp
[0.853s] -- Up-to-date: /home/weichen/project/kachaka/kachaka_ws/install/kachaka_interfaces/include/kachaka_interfaces/kachaka_interfaces/msg/detail/object_detection__builder.hpp
[0.853s] -- Up-to-date: /home/weichen/project/kachaka/kachaka_ws/install/kachaka_interfaces/include/kachaka_interfaces/kachaka_interfaces/msg/detail/location__type_support.hpp
[0.853s] -- Up-to-date: /home/weichen/project/kachaka/kachaka_ws/install/kachaka_interfaces/include/kachaka_interfaces/kachaka_interfaces/msg/detail/location_list__builder.hpp
[0.853s] -- Up-to-date: /home/weichen/project/kachaka/kachaka_ws/install/kachaka_interfaces/include/kachaka_interfaces/kachaka_interfaces/msg/detail/shelf_list__traits.hpp
[0.853s] -- Up-to-date: /home/weichen/project/kachaka/kachaka_ws/install/kachaka_interfaces/include/kachaka_interfaces/kachaka_interfaces/msg/detail/object_detection__type_support.hpp
[0.853s] -- Up-to-date: /home/weichen/project/kachaka/kachaka_ws/install/kachaka_interfaces/include/kachaka_interfaces/kachaka_interfaces/msg/detail/location__builder.hpp
[0.853s] -- Up-to-date: /home/weichen/project/kachaka/kachaka_ws/install/kachaka_interfaces/include/kachaka_interfaces/kachaka_interfaces/msg/detail/object_detection_list_stamped__traits.hpp
[0.853s] -- Up-to-date: /home/weichen/project/kachaka/kachaka_ws/install/kachaka_interfaces/include/kachaka_interfaces/kachaka_interfaces/msg/detail/object_detection_list_stamped__struct.hpp
[0.853s] -- Up-to-date: /home/weichen/project/kachaka/kachaka_ws/install/kachaka_interfaces/include/kachaka_interfaces/kachaka_interfaces/msg/detail/shelf_list__builder.hpp
[0.854s] -- Up-to-date: /home/weichen/project/kachaka/kachaka_ws/install/kachaka_interfaces/include/kachaka_interfaces/kachaka_interfaces/msg/detail/kachaka_command__traits.hpp
[0.854s] -- Up-to-date: /home/weichen/project/kachaka/kachaka_ws/install/kachaka_interfaces/include/kachaka_interfaces/kachaka_interfaces/msg/detail/location_list__type_support.hpp
[0.854s] -- Up-to-date: /home/weichen/project/kachaka/kachaka_ws/install/kachaka_interfaces/include/kachaka_interfaces/kachaka_interfaces/msg/detail/shelf__struct.hpp
[0.855s] -- Up-to-date: /home/weichen/project/kachaka/kachaka_ws/install/kachaka_interfaces/include/kachaka_interfaces/kachaka_interfaces/msg/detail/shelf__type_support.hpp
[0.856s] -- Up-to-date: /home/weichen/project/kachaka/kachaka_ws/install/kachaka_interfaces/include/kachaka_interfaces/kachaka_interfaces/msg/detail/shelf_size__type_support.hpp
[0.857s] -- Up-to-date: /home/weichen/project/kachaka/kachaka_ws/install/kachaka_interfaces/include/kachaka_interfaces/kachaka_interfaces/msg/detail/shelf_list__struct.hpp
[0.858s] -- Up-to-date: /home/weichen/project/kachaka/kachaka_ws/install/kachaka_interfaces/include/kachaka_interfaces/kachaka_interfaces/msg/detail/shelf__builder.hpp
[0.858s] -- Up-to-date: /home/weichen/project/kachaka/kachaka_ws/install/kachaka_interfaces/include/kachaka_interfaces/kachaka_interfaces/msg/detail/object_detection_list_stamped__builder.hpp
[0.859s] -- Up-to-date: /home/weichen/project/kachaka/kachaka_ws/install/kachaka_interfaces/include/kachaka_interfaces/kachaka_interfaces/msg/detail/object_detection__struct.hpp
[0.859s] -- Up-to-date: /home/weichen/project/kachaka/kachaka_ws/install/kachaka_interfaces/include/kachaka_interfaces/kachaka_interfaces/msg/detail/location_list__struct.hpp
[0.859s] -- Up-to-date: /home/weichen/project/kachaka/kachaka_ws/install/kachaka_interfaces/include/kachaka_interfaces/kachaka_interfaces/msg/detail/shelf_size__traits.hpp
[0.859s] -- Up-to-date: /home/weichen/project/kachaka/kachaka_ws/install/kachaka_interfaces/include/kachaka_interfaces/kachaka_interfaces/msg/shelf.hpp
[0.859s] -- Up-to-date: /home/weichen/project/kachaka/kachaka_ws/install/kachaka_interfaces/include/kachaka_interfaces/kachaka_interfaces/action
[0.859s] -- Up-to-date: /home/weichen/project/kachaka/kachaka_ws/install/kachaka_interfaces/include/kachaka_interfaces/kachaka_interfaces/action/exec_kachaka_command.hpp
[0.860s] -- Up-to-date: /home/weichen/project/kachaka/kachaka_ws/install/kachaka_interfaces/include/kachaka_interfaces/kachaka_interfaces/action/detail
[0.860s] -- Up-to-date: /home/weichen/project/kachaka/kachaka_ws/install/kachaka_interfaces/include/kachaka_interfaces/kachaka_interfaces/action/detail/exec_kachaka_command__traits.hpp
[0.860s] -- Up-to-date: /home/weichen/project/kachaka/kachaka_ws/install/kachaka_interfaces/include/kachaka_interfaces/kachaka_interfaces/action/detail/exec_kachaka_command__type_support.hpp
[0.860s] -- Up-to-date: /home/weichen/project/kachaka/kachaka_ws/install/kachaka_interfaces/include/kachaka_interfaces/kachaka_interfaces/action/detail/exec_kachaka_command__struct.hpp
[0.862s] -- Up-to-date: /home/weichen/project/kachaka/kachaka_ws/install/kachaka_interfaces/include/kachaka_interfaces/kachaka_interfaces/action/detail/exec_kachaka_command__builder.hpp
[0.862s] -- Up-to-date: /home/weichen/project/kachaka/kachaka_ws/install/kachaka_interfaces/include/kachaka_interfaces/kachaka_interfaces
[0.862s] -- Up-to-date: /home/weichen/project/kachaka/kachaka_ws/install/kachaka_interfaces/include/kachaka_interfaces/kachaka_interfaces/msg
[0.862s] -- Up-to-date: /home/weichen/project/kachaka/kachaka_ws/install/kachaka_interfaces/include/kachaka_interfaces/kachaka_interfaces/msg/rosidl_typesupport_fastrtps_cpp__visibility_control.h
[0.862s] -- Up-to-date: /home/weichen/project/kachaka/kachaka_ws/install/kachaka_interfaces/include/kachaka_interfaces/kachaka_interfaces/msg/detail
[0.862s] -- Up-to-date: /home/weichen/project/kachaka/kachaka_ws/install/kachaka_interfaces/include/kachaka_interfaces/kachaka_interfaces/msg/detail/location__rosidl_typesupport_fastrtps_cpp.hpp
[0.862s] -- Up-to-date: /home/weichen/project/kachaka/kachaka_ws/install/kachaka_interfaces/include/kachaka_interfaces/kachaka_interfaces/msg/detail/shelf_size__rosidl_typesupport_fastrtps_cpp.hpp
[0.862s] -- Up-to-date: /home/weichen/project/kachaka/kachaka_ws/install/kachaka_interfaces/include/kachaka_interfaces/kachaka_interfaces/msg/detail/shelf__rosidl_typesupport_fastrtps_cpp.hpp
[0.862s] -- Up-to-date: /home/weichen/project/kachaka/kachaka_ws/install/kachaka_interfaces/include/kachaka_interfaces/kachaka_interfaces/msg/detail/object_detection__rosidl_typesupport_fastrtps_cpp.hpp
[0.862s] -- Up-to-date: /home/weichen/project/kachaka/kachaka_ws/install/kachaka_interfaces/include/kachaka_interfaces/kachaka_interfaces/msg/detail/object_detection_list_stamped__rosidl_typesupport_fastrtps_cpp.hpp
[0.862s] -- Up-to-date: /home/weichen/project/kachaka/kachaka_ws/install/kachaka_interfaces/include/kachaka_interfaces/kachaka_interfaces/msg/detail/shelf_list__rosidl_typesupport_fastrtps_cpp.hpp
[0.862s] -- Up-to-date: /home/weichen/project/kachaka/kachaka_ws/install/kachaka_interfaces/include/kachaka_interfaces/kachaka_interfaces/msg/detail/dds_fastrtps
[0.863s] -- Up-to-date: /home/weichen/project/kachaka/kachaka_ws/install/kachaka_interfaces/include/kachaka_interfaces/kachaka_interfaces/msg/detail/kachaka_command__rosidl_typesupport_fastrtps_cpp.hpp
[0.863s] -- Up-to-date: /home/weichen/project/kachaka/kachaka_ws/install/kachaka_interfaces/include/kachaka_interfaces/kachaka_interfaces/msg/detail/location_list__rosidl_typesupport_fastrtps_cpp.hpp
[0.863s] -- Up-to-date: /home/weichen/project/kachaka/kachaka_ws/install/kachaka_interfaces/include/kachaka_interfaces/kachaka_interfaces/action
[0.863s] -- Up-to-date: /home/weichen/project/kachaka/kachaka_ws/install/kachaka_interfaces/include/kachaka_interfaces/kachaka_interfaces/action/detail
[0.863s] -- Up-to-date: /home/weichen/project/kachaka/kachaka_ws/install/kachaka_interfaces/include/kachaka_interfaces/kachaka_interfaces/action/detail/exec_kachaka_command__rosidl_typesupport_fastrtps_cpp.hpp
[0.863s] -- Up-to-date: /home/weichen/project/kachaka/kachaka_ws/install/kachaka_interfaces/include/kachaka_interfaces/kachaka_interfaces/action/detail/dds_fastrtps
[0.863s] -- Up-to-date: /home/weichen/project/kachaka/kachaka_ws/install/kachaka_interfaces/lib/libkachaka_interfaces__rosidl_typesupport_fastrtps_cpp.so
[0.863s] -- Up-to-date: /home/weichen/project/kachaka/kachaka_ws/install/kachaka_interfaces/include/kachaka_interfaces/kachaka_interfaces
[0.863s] -- Up-to-date: /home/weichen/project/kachaka/kachaka_ws/install/kachaka_interfaces/include/kachaka_interfaces/kachaka_interfaces/msg
[0.863s] -- Up-to-date: /home/weichen/project/kachaka/kachaka_ws/install/kachaka_interfaces/include/kachaka_interfaces/kachaka_interfaces/msg/rosidl_typesupport_introspection_c__visibility_control.h
[0.863s] -- Up-to-date: /home/weichen/project/kachaka/kachaka_ws/install/kachaka_interfaces/include/kachaka_interfaces/kachaka_interfaces/msg/detail
[0.863s] -- Up-to-date: /home/weichen/project/kachaka/kachaka_ws/install/kachaka_interfaces/include/kachaka_interfaces/kachaka_interfaces/msg/detail/object_detection__type_support.c
[0.863s] -- Up-to-date: /home/weichen/project/kachaka/kachaka_ws/install/kachaka_interfaces/include/kachaka_interfaces/kachaka_interfaces/msg/detail/shelf_list__type_support.c
[0.863s] -- Up-to-date: /home/weichen/project/kachaka/kachaka_ws/install/kachaka_interfaces/include/kachaka_interfaces/kachaka_interfaces/msg/detail/object_detection_list_stamped__type_support.c
[0.863s] -- Up-to-date: /home/weichen/project/kachaka/kachaka_ws/install/kachaka_interfaces/include/kachaka_interfaces/kachaka_interfaces/msg/detail/location_list__type_support.c
[0.863s] -- Up-to-date: /home/weichen/project/kachaka/kachaka_ws/install/kachaka_interfaces/include/kachaka_interfaces/kachaka_interfaces/msg/detail/shelf__type_support.c
[0.863s] -- Up-to-date: /home/weichen/project/kachaka/kachaka_ws/install/kachaka_interfaces/include/kachaka_interfaces/kachaka_interfaces/msg/detail/shelf_size__rosidl_typesupport_introspection_c.h
[0.863s] -- Up-to-date: /home/weichen/project/kachaka/kachaka_ws/install/kachaka_interfaces/include/kachaka_interfaces/kachaka_interfaces/msg/detail/location__rosidl_typesupport_introspection_c.h
[0.863s] -- Up-to-date: /home/weichen/project/kachaka/kachaka_ws/install/kachaka_interfaces/include/kachaka_interfaces/kachaka_interfaces/msg/detail/location__type_support.c
[0.863s] -- Up-to-date: /home/weichen/project/kachaka/kachaka_ws/install/kachaka_interfaces/include/kachaka_interfaces/kachaka_interfaces/msg/detail/shelf_size__type_support.c
[0.863s] -- Up-to-date: /home/weichen/project/kachaka/kachaka_ws/install/kachaka_interfaces/include/kachaka_interfaces/kachaka_interfaces/msg/detail/object_detection__rosidl_typesupport_introspection_c.h
[0.863s] -- Up-to-date: /home/weichen/project/kachaka/kachaka_ws/install/kachaka_interfaces/include/kachaka_interfaces/kachaka_interfaces/msg/detail/kachaka_command__type_support.c
[0.864s] -- Up-to-date: /home/weichen/project/kachaka/kachaka_ws/install/kachaka_interfaces/include/kachaka_interfaces/kachaka_interfaces/msg/detail/shelf__rosidl_typesupport_introspection_c.h
[0.864s] -- Up-to-date: /home/weichen/project/kachaka/kachaka_ws/install/kachaka_interfaces/include/kachaka_interfaces/kachaka_interfaces/msg/detail/shelf_list__rosidl_typesupport_introspection_c.h
[0.864s] -- Up-to-date: /home/weichen/project/kachaka/kachaka_ws/install/kachaka_interfaces/include/kachaka_interfaces/kachaka_interfaces/msg/detail/kachaka_command__rosidl_typesupport_introspection_c.h
[0.864s] -- Up-to-date: /home/weichen/project/kachaka/kachaka_ws/install/kachaka_interfaces/include/kachaka_interfaces/kachaka_interfaces/msg/detail/object_detection_list_stamped__rosidl_typesupport_introspection_c.h
[0.864s] -- Up-to-date: /home/weichen/project/kachaka/kachaka_ws/install/kachaka_interfaces/include/kachaka_interfaces/kachaka_interfaces/msg/detail/location_list__rosidl_typesupport_introspection_c.h
[0.864s] -- Up-to-date: /home/weichen/project/kachaka/kachaka_ws/install/kachaka_interfaces/include/kachaka_interfaces/kachaka_interfaces/action
[0.864s] -- Up-to-date: /home/weichen/project/kachaka/kachaka_ws/install/kachaka_interfaces/include/kachaka_interfaces/kachaka_interfaces/action/detail
[0.864s] -- Up-to-date: /home/weichen/project/kachaka/kachaka_ws/install/kachaka_interfaces/include/kachaka_interfaces/kachaka_interfaces/action/detail/exec_kachaka_command__type_support.c
[0.864s] -- Up-to-date: /home/weichen/project/kachaka/kachaka_ws/install/kachaka_interfaces/include/kachaka_interfaces/kachaka_interfaces/action/detail/exec_kachaka_command__rosidl_typesupport_introspection_c.h
[0.865s] -- Up-to-date: /home/weichen/project/kachaka/kachaka_ws/install/kachaka_interfaces/lib/libkachaka_interfaces__rosidl_typesupport_introspection_c.so
[0.865s] -- Up-to-date: /home/weichen/project/kachaka/kachaka_ws/install/kachaka_interfaces/lib/libkachaka_interfaces__rosidl_typesupport_c.so
[0.865s] -- Up-to-date: /home/weichen/project/kachaka/kachaka_ws/install/kachaka_interfaces/include/kachaka_interfaces/kachaka_interfaces
[0.865s] -- Up-to-date: /home/weichen/project/kachaka/kachaka_ws/install/kachaka_interfaces/include/kachaka_interfaces/kachaka_interfaces/msg
[0.866s] -- Up-to-date: /home/weichen/project/kachaka/kachaka_ws/install/kachaka_interfaces/include/kachaka_interfaces/kachaka_interfaces/msg/detail
[0.866s] -- Up-to-date: /home/weichen/project/kachaka/kachaka_ws/install/kachaka_interfaces/include/kachaka_interfaces/kachaka_interfaces/msg/detail/shelf_list__rosidl_typesupport_introspection_cpp.hpp
[0.866s] -- Up-to-date: /home/weichen/project/kachaka/kachaka_ws/install/kachaka_interfaces/include/kachaka_interfaces/kachaka_interfaces/msg/detail/shelf_list__type_support.cpp
[0.867s] -- Up-to-date: /home/weichen/project/kachaka/kachaka_ws/install/kachaka_interfaces/include/kachaka_interfaces/kachaka_interfaces/msg/detail/shelf_size__type_support.cpp
[0.867s] -- Up-to-date: /home/weichen/project/kachaka/kachaka_ws/install/kachaka_interfaces/include/kachaka_interfaces/kachaka_interfaces/msg/detail/object_detection__rosidl_typesupport_introspection_cpp.hpp
[0.868s] -- Up-to-date: /home/weichen/project/kachaka/kachaka_ws/install/kachaka_interfaces/include/kachaka_interfaces/kachaka_interfaces/msg/detail/shelf__type_support.cpp
[0.869s] -- Up-to-date: /home/weichen/project/kachaka/kachaka_ws/install/kachaka_interfaces/include/kachaka_interfaces/kachaka_interfaces/msg/detail/location_list__rosidl_typesupport_introspection_cpp.hpp
[0.869s] -- Up-to-date: /home/weichen/project/kachaka/kachaka_ws/install/kachaka_interfaces/include/kachaka_interfaces/kachaka_interfaces/msg/detail/shelf_size__rosidl_typesupport_introspection_cpp.hpp
[0.870s] -- Up-to-date: /home/weichen/project/kachaka/kachaka_ws/install/kachaka_interfaces/include/kachaka_interfaces/kachaka_interfaces/msg/detail/object_detection__type_support.cpp
[0.871s] -- Up-to-date: /home/weichen/project/kachaka/kachaka_ws/install/kachaka_interfaces/include/kachaka_interfaces/kachaka_interfaces/msg/detail/object_detection_list_stamped__type_support.cpp
[0.871s] -- Up-to-date: /home/weichen/project/kachaka/kachaka_ws/install/kachaka_interfaces/include/kachaka_interfaces/kachaka_interfaces/msg/detail/location__type_support.cpp
[0.871s] -- Up-to-date: /home/weichen/project/kachaka/kachaka_ws/install/kachaka_interfaces/include/kachaka_interfaces/kachaka_interfaces/msg/detail/object_detection_list_stamped__rosidl_typesupport_introspection_cpp.hpp
[0.871s] -- Up-to-date: /home/weichen/project/kachaka/kachaka_ws/install/kachaka_interfaces/include/kachaka_interfaces/kachaka_interfaces/msg/detail/location__rosidl_typesupport_introspection_cpp.hpp
[0.872s] -- Up-to-date: /home/weichen/project/kachaka/kachaka_ws/install/kachaka_interfaces/include/kachaka_interfaces/kachaka_interfaces/msg/detail/kachaka_command__rosidl_typesupport_introspection_cpp.hpp
[0.872s] -- Up-to-date: /home/weichen/project/kachaka/kachaka_ws/install/kachaka_interfaces/include/kachaka_interfaces/kachaka_interfaces/msg/detail/location_list__type_support.cpp
[0.872s] -- Up-to-date: /home/weichen/project/kachaka/kachaka_ws/install/kachaka_interfaces/include/kachaka_interfaces/kachaka_interfaces/msg/detail/kachaka_command__type_support.cpp
[0.873s] -- Up-to-date: /home/weichen/project/kachaka/kachaka_ws/install/kachaka_interfaces/include/kachaka_interfaces/kachaka_interfaces/msg/detail/shelf__rosidl_typesupport_introspection_cpp.hpp
[0.873s] -- Up-to-date: /home/weichen/project/kachaka/kachaka_ws/install/kachaka_interfaces/include/kachaka_interfaces/kachaka_interfaces/action
[0.873s] -- Up-to-date: /home/weichen/project/kachaka/kachaka_ws/install/kachaka_interfaces/include/kachaka_interfaces/kachaka_interfaces/action/detail
[0.873s] -- Up-to-date: /home/weichen/project/kachaka/kachaka_ws/install/kachaka_interfaces/include/kachaka_interfaces/kachaka_interfaces/action/detail/exec_kachaka_command__type_support.cpp
[0.874s] -- Up-to-date: /home/weichen/project/kachaka/kachaka_ws/install/kachaka_interfaces/include/kachaka_interfaces/kachaka_interfaces/action/detail/exec_kachaka_command__rosidl_typesupport_introspection_cpp.hpp
[0.874s] -- Up-to-date: /home/weichen/project/kachaka/kachaka_ws/install/kachaka_interfaces/lib/libkachaka_interfaces__rosidl_typesupport_introspection_cpp.so
[0.874s] -- Up-to-date: /home/weichen/project/kachaka/kachaka_ws/install/kachaka_interfaces/lib/libkachaka_interfaces__rosidl_typesupport_cpp.so
[0.875s] -- Up-to-date: /home/weichen/project/kachaka/kachaka_ws/install/kachaka_interfaces/share/kachaka_interfaces/environment/pythonpath.sh
[0.875s] -- Up-to-date: /home/weichen/project/kachaka/kachaka_ws/install/kachaka_interfaces/share/kachaka_interfaces/environment/pythonpath.dsv
[0.875s] -- Up-to-date: /home/weichen/project/kachaka/kachaka_ws/install/kachaka_interfaces/local/lib/python3.10/dist-packages/kachaka_interfaces-0.0.0-py3.10.egg-info
[0.875s] -- Installing: /home/weichen/project/kachaka/kachaka_ws/install/kachaka_interfaces/local/lib/python3.10/dist-packages/kachaka_interfaces-0.0.0-py3.10.egg-info/top_level.txt
[0.876s] -- Installing: /home/weichen/project/kachaka/kachaka_ws/install/kachaka_interfaces/local/lib/python3.10/dist-packages/kachaka_interfaces-0.0.0-py3.10.egg-info/dependency_links.txt
[0.876s] -- Installing: /home/weichen/project/kachaka/kachaka_ws/install/kachaka_interfaces/local/lib/python3.10/dist-packages/kachaka_interfaces-0.0.0-py3.10.egg-info/SOURCES.txt
[0.876s] -- Installing: /home/weichen/project/kachaka/kachaka_ws/install/kachaka_interfaces/local/lib/python3.10/dist-packages/kachaka_interfaces-0.0.0-py3.10.egg-info/PKG-INFO
[0.876s] -- Up-to-date: /home/weichen/project/kachaka/kachaka_ws/install/kachaka_interfaces/local/lib/python3.10/dist-packages/kachaka_interfaces
[0.877s] -- Up-to-date: /home/weichen/project/kachaka/kachaka_ws/install/kachaka_interfaces/local/lib/python3.10/dist-packages/kachaka_interfaces/_kachaka_interfaces_s.ep.rosidl_typesupport_introspection_c.c
[0.877s] -- Up-to-date: /home/weichen/project/kachaka/kachaka_ws/install/kachaka_interfaces/local/lib/python3.10/dist-packages/kachaka_interfaces/kachaka_interfaces_s__rosidl_typesupport_c.cpython-310-x86_64-linux-gnu.so
[0.877s] -- Up-to-date: /home/weichen/project/kachaka/kachaka_ws/install/kachaka_interfaces/local/lib/python3.10/dist-packages/kachaka_interfaces/_kachaka_interfaces_s.ep.rosidl_typesupport_fastrtps_c.c
[0.877s] -- Up-to-date: /home/weichen/project/kachaka/kachaka_ws/install/kachaka_interfaces/local/lib/python3.10/dist-packages/kachaka_interfaces/kachaka_interfaces_s__rosidl_typesupport_fastrtps_c.cpython-310-x86_64-linux-gnu.so
[0.877s] -- Up-to-date: /home/weichen/project/kachaka/kachaka_ws/install/kachaka_interfaces/local/lib/python3.10/dist-packages/kachaka_interfaces/msg
[0.877s] -- Up-to-date: /home/weichen/project/kachaka/kachaka_ws/install/kachaka_interfaces/local/lib/python3.10/dist-packages/kachaka_interfaces/msg/_shelf_size_s.c
[0.877s] -- Up-to-date: /home/weichen/project/kachaka/kachaka_ws/install/kachaka_interfaces/local/lib/python3.10/dist-packages/kachaka_interfaces/msg/_object_detection_list_stamped.py
[0.877s] -- Up-to-date: /home/weichen/project/kachaka/kachaka_ws/install/kachaka_interfaces/local/lib/python3.10/dist-packages/kachaka_interfaces/msg/_kachaka_command.py
[0.877s] -- Up-to-date: /home/weichen/project/kachaka/kachaka_ws/install/kachaka_interfaces/local/lib/python3.10/dist-packages/kachaka_interfaces/msg/_object_detection.py
[0.878s] -- Up-to-date: /home/weichen/project/kachaka/kachaka_ws/install/kachaka_interfaces/local/lib/python3.10/dist-packages/kachaka_interfaces/msg/_object_detection_list_stamped_s.c
[0.878s] -- Up-to-date: /home/weichen/project/kachaka/kachaka_ws/install/kachaka_interfaces/local/lib/python3.10/dist-packages/kachaka_interfaces/msg/_location.py
[0.878s] -- Up-to-date: /home/weichen/project/kachaka/kachaka_ws/install/kachaka_interfaces/local/lib/python3.10/dist-packages/kachaka_interfaces/msg/_object_detection_s.c
[0.878s] -- Up-to-date: /home/weichen/project/kachaka/kachaka_ws/install/kachaka_interfaces/local/lib/python3.10/dist-packages/kachaka_interfaces/msg/_shelf_size.py
[0.878s] -- Up-to-date: /home/weichen/project/kachaka/kachaka_ws/install/kachaka_interfaces/local/lib/python3.10/dist-packages/kachaka_interfaces/msg/_shelf_list.py
[0.879s] -- Up-to-date: /home/weichen/project/kachaka/kachaka_ws/install/kachaka_interfaces/local/lib/python3.10/dist-packages/kachaka_interfaces/msg/_location_list.py
[0.879s] -- Up-to-date: /home/weichen/project/kachaka/kachaka_ws/install/kachaka_interfaces/local/lib/python3.10/dist-packages/kachaka_interfaces/msg/_shelf_list_s.c
[0.879s] -- Up-to-date: /home/weichen/project/kachaka/kachaka_ws/install/kachaka_interfaces/local/lib/python3.10/dist-packages/kachaka_interfaces/msg/_shelf_s.c
[0.879s] -- Up-to-date: /home/weichen/project/kachaka/kachaka_ws/install/kachaka_interfaces/local/lib/python3.10/dist-packages/kachaka_interfaces/msg/_location_list_s.c
[0.879s] -- Up-to-date: /home/weichen/project/kachaka/kachaka_ws/install/kachaka_interfaces/local/lib/python3.10/dist-packages/kachaka_interfaces/msg/_shelf.py
[0.879s] -- Up-to-date: /home/weichen/project/kachaka/kachaka_ws/install/kachaka_interfaces/local/lib/python3.10/dist-packages/kachaka_interfaces/msg/__init__.py
[0.879s] -- Up-to-date: /home/weichen/project/kachaka/kachaka_ws/install/kachaka_interfaces/local/lib/python3.10/dist-packages/kachaka_interfaces/msg/_kachaka_command_s.c
[0.879s] -- Up-to-date: /home/weichen/project/kachaka/kachaka_ws/install/kachaka_interfaces/local/lib/python3.10/dist-packages/kachaka_interfaces/msg/_location_s.c
[0.879s] -- Up-to-date: /home/weichen/project/kachaka/kachaka_ws/install/kachaka_interfaces/local/lib/python3.10/dist-packages/kachaka_interfaces/kachaka_interfaces_s__rosidl_typesupport_introspection_c.cpython-310-x86_64-linux-gnu.so
[0.879s] -- Up-to-date: /home/weichen/project/kachaka/kachaka_ws/install/kachaka_interfaces/local/lib/python3.10/dist-packages/kachaka_interfaces/_kachaka_interfaces_s.ep.rosidl_typesupport_c.c
[0.880s] -- Up-to-date: /home/weichen/project/kachaka/kachaka_ws/install/kachaka_interfaces/local/lib/python3.10/dist-packages/kachaka_interfaces/libkachaka_interfaces__rosidl_generator_py.so
[0.880s] -- Up-to-date: /home/weichen/project/kachaka/kachaka_ws/install/kachaka_interfaces/local/lib/python3.10/dist-packages/kachaka_interfaces/__init__.py
[0.880s] -- Up-to-date: /home/weichen/project/kachaka/kachaka_ws/install/kachaka_interfaces/local/lib/python3.10/dist-packages/kachaka_interfaces/action
[0.880s] -- Up-to-date: /home/weichen/project/kachaka/kachaka_ws/install/kachaka_interfaces/local/lib/python3.10/dist-packages/kachaka_interfaces/action/_exec_kachaka_command_s.c
[0.880s] -- Up-to-date: /home/weichen/project/kachaka/kachaka_ws/install/kachaka_interfaces/local/lib/python3.10/dist-packages/kachaka_interfaces/action/_exec_kachaka_command.py
[0.880s] -- Up-to-date: /home/weichen/project/kachaka/kachaka_ws/install/kachaka_interfaces/local/lib/python3.10/dist-packages/kachaka_interfaces/action/__init__.py
[0.950s] Listing '/home/weichen/project/kachaka/kachaka_ws/install/kachaka_interfaces/local/lib/python3.10/dist-packages/kachaka_interfaces'...
[0.950s] Listing '/home/weichen/project/kachaka/kachaka_ws/install/kachaka_interfaces/local/lib/python3.10/dist-packages/kachaka_interfaces/action'...
[0.950s] Listing '/home/weichen/project/kachaka/kachaka_ws/install/kachaka_interfaces/local/lib/python3.10/dist-packages/kachaka_interfaces/msg'...
[0.961s] -- Up-to-date: /home/weichen/project/kachaka/kachaka_ws/install/kachaka_interfaces/local/lib/python3.10/dist-packages/kachaka_interfaces/kachaka_interfaces_s__rosidl_typesupport_fastrtps_c.cpython-310-x86_64-linux-gnu.so
[0.963s] -- Up-to-date: /home/weichen/project/kachaka/kachaka_ws/install/kachaka_interfaces/local/lib/python3.10/dist-packages/kachaka_interfaces/kachaka_interfaces_s__rosidl_typesupport_introspection_c.cpython-310-x86_64-linux-gnu.so
[0.965s] -- Up-to-date: /home/weichen/project/kachaka/kachaka_ws/install/kachaka_interfaces/local/lib/python3.10/dist-packages/kachaka_interfaces/kachaka_interfaces_s__rosidl_typesupport_c.cpython-310-x86_64-linux-gnu.so
[0.967s] -- Up-to-date: /home/weichen/project/kachaka/kachaka_ws/install/kachaka_interfaces/lib/libkachaka_interfaces__rosidl_generator_py.so
[0.968s] -- Up-to-date: /home/weichen/project/kachaka/kachaka_ws/install/kachaka_interfaces/share/kachaka_interfaces/action/ExecKachakaCommand.idl
[0.969s] -- Up-to-date: /home/weichen/project/kachaka/kachaka_ws/install/kachaka_interfaces/share/kachaka_interfaces/msg/KachakaCommand.idl
[0.970s] -- Up-to-date: /home/weichen/project/kachaka/kachaka_ws/install/kachaka_interfaces/share/kachaka_interfaces/msg/Location.idl
[0.970s] -- Up-to-date: /home/weichen/project/kachaka/kachaka_ws/install/kachaka_interfaces/share/kachaka_interfaces/msg/LocationList.idl
[0.970s] -- Up-to-date: /home/weichen/project/kachaka/kachaka_ws/install/kachaka_interfaces/share/kachaka_interfaces/msg/ObjectDetection.idl
[0.971s] -- Up-to-date: /home/weichen/project/kachaka/kachaka_ws/install/kachaka_interfaces/share/kachaka_interfaces/msg/ObjectDetectionListStamped.idl
[0.971s] -- Up-to-date: /home/weichen/project/kachaka/kachaka_ws/install/kachaka_interfaces/share/kachaka_interfaces/msg/Shelf.idl
[0.972s] -- Up-to-date: /home/weichen/project/kachaka/kachaka_ws/install/kachaka_interfaces/share/kachaka_interfaces/msg/ShelfList.idl
[0.973s] -- Up-to-date: /home/weichen/project/kachaka/kachaka_ws/install/kachaka_interfaces/share/kachaka_interfaces/msg/ShelfSize.idl
[0.974s] -- Up-to-date: /home/weichen/project/kachaka/kachaka_ws/install/kachaka_interfaces/share/kachaka_interfaces/action/ExecKachakaCommand.action
[0.974s] -- Up-to-date: /home/weichen/project/kachaka/kachaka_ws/install/kachaka_interfaces/share/kachaka_interfaces/msg/KachakaCommand.msg
[0.975s] -- Up-to-date: /home/weichen/project/kachaka/kachaka_ws/install/kachaka_interfaces/share/kachaka_interfaces/msg/Location.msg
[0.975s] -- Up-to-date: /home/weichen/project/kachaka/kachaka_ws/install/kachaka_interfaces/share/kachaka_interfaces/msg/LocationList.msg
[0.976s] -- Up-to-date: /home/weichen/project/kachaka/kachaka_ws/install/kachaka_interfaces/share/kachaka_interfaces/msg/ObjectDetection.msg
[0.977s] -- Up-to-date: /home/weichen/project/kachaka/kachaka_ws/install/kachaka_interfaces/share/kachaka_interfaces/msg/ObjectDetectionListStamped.msg
[0.978s] -- Up-to-date: /home/weichen/project/kachaka/kachaka_ws/install/kachaka_interfaces/share/kachaka_interfaces/msg/Shelf.msg
[0.978s] -- Up-to-date: /home/weichen/project/kachaka/kachaka_ws/install/kachaka_interfaces/share/kachaka_interfaces/msg/ShelfList.msg
[0.978s] -- Up-to-date: /home/weichen/project/kachaka/kachaka_ws/install/kachaka_interfaces/share/kachaka_interfaces/msg/ShelfSize.msg
[0.979s] -- Up-to-date: /home/weichen/project/kachaka/kachaka_ws/install/kachaka_interfaces/share/ament_index/resource_index/package_run_dependencies/kachaka_interfaces
[0.979s] -- Up-to-date: /home/weichen/project/kachaka/kachaka_ws/install/kachaka_interfaces/share/ament_index/resource_index/parent_prefix_path/kachaka_interfaces
[0.979s] -- Up-to-date: /home/weichen/project/kachaka/kachaka_ws/install/kachaka_interfaces/share/kachaka_interfaces/environment/ament_prefix_path.sh
[0.980s] -- Up-to-date: /home/weichen/project/kachaka/kachaka_ws/install/kachaka_interfaces/share/kachaka_interfaces/environment/ament_prefix_path.dsv
[0.980s] -- Up-to-date: /home/weichen/project/kachaka/kachaka_ws/install/kachaka_interfaces/share/kachaka_interfaces/environment/path.sh
[0.980s] -- Up-to-date: /home/weichen/project/kachaka/kachaka_ws/install/kachaka_interfaces/share/kachaka_interfaces/environment/path.dsv
[0.981s] -- Up-to-date: /home/weichen/project/kachaka/kachaka_ws/install/kachaka_interfaces/share/kachaka_interfaces/local_setup.bash
[0.982s] -- Up-to-date: /home/weichen/project/kachaka/kachaka_ws/install/kachaka_interfaces/share/kachaka_interfaces/local_setup.sh
[0.982s] -- Up-to-date: /home/weichen/project/kachaka/kachaka_ws/install/kachaka_interfaces/share/kachaka_interfaces/local_setup.zsh
[0.983s] -- Up-to-date: /home/weichen/project/kachaka/kachaka_ws/install/kachaka_interfaces/share/kachaka_interfaces/local_setup.dsv
[0.983s] -- Installing: /home/weichen/project/kachaka/kachaka_ws/install/kachaka_interfaces/share/kachaka_interfaces/package.dsv
[0.983s] -- Up-to-date: /home/weichen/project/kachaka/kachaka_ws/install/kachaka_interfaces/share/ament_index/resource_index/packages/kachaka_interfaces
[0.983s] -- Up-to-date: /home/weichen/project/kachaka/kachaka_ws/install/kachaka_interfaces/share/kachaka_interfaces/cmake/export_kachaka_interfaces__rosidl_generator_cExport.cmake
[0.984s] -- Up-to-date: /home/weichen/project/kachaka/kachaka_ws/install/kachaka_interfaces/share/kachaka_interfaces/cmake/export_kachaka_interfaces__rosidl_generator_cExport-noconfig.cmake
[0.985s] -- Up-to-date: /home/weichen/project/kachaka/kachaka_ws/install/kachaka_interfaces/share/kachaka_interfaces/cmake/export_kachaka_interfaces__rosidl_typesupport_fastrtps_cExport.cmake
[0.985s] -- Up-to-date: /home/weichen/project/kachaka/kachaka_ws/install/kachaka_interfaces/share/kachaka_interfaces/cmake/export_kachaka_interfaces__rosidl_typesupport_fastrtps_cExport-noconfig.cmake
[0.985s] -- Up-to-date: /home/weichen/project/kachaka/kachaka_ws/install/kachaka_interfaces/share/kachaka_interfaces/cmake/export_kachaka_interfaces__rosidl_generator_cppExport.cmake
[0.985s] -- Up-to-date: /home/weichen/project/kachaka/kachaka_ws/install/kachaka_interfaces/share/kachaka_interfaces/cmake/export_kachaka_interfaces__rosidl_typesupport_fastrtps_cppExport.cmake
[0.986s] -- Up-to-date: /home/weichen/project/kachaka/kachaka_ws/install/kachaka_interfaces/share/kachaka_interfaces/cmake/export_kachaka_interfaces__rosidl_typesupport_fastrtps_cppExport-noconfig.cmake
[0.986s] -- Up-to-date: /home/weichen/project/kachaka/kachaka_ws/install/kachaka_interfaces/share/kachaka_interfaces/cmake/kachaka_interfaces__rosidl_typesupport_introspection_cExport.cmake
[0.986s] -- Up-to-date: /home/weichen/project/kachaka/kachaka_ws/install/kachaka_interfaces/share/kachaka_interfaces/cmake/kachaka_interfaces__rosidl_typesupport_introspection_cExport-noconfig.cmake
[0.987s] -- Up-to-date: /home/weichen/project/kachaka/kachaka_ws/install/kachaka_interfaces/share/kachaka_interfaces/cmake/kachaka_interfaces__rosidl_typesupport_cExport.cmake
[0.987s] -- Up-to-date: /home/weichen/project/kachaka/kachaka_ws/install/kachaka_interfaces/share/kachaka_interfaces/cmake/kachaka_interfaces__rosidl_typesupport_cExport-noconfig.cmake
[0.988s] -- Up-to-date: /home/weichen/project/kachaka/kachaka_ws/install/kachaka_interfaces/share/kachaka_interfaces/cmake/kachaka_interfaces__rosidl_typesupport_introspection_cppExport.cmake
[0.988s] -- Up-to-date: /home/weichen/project/kachaka/kachaka_ws/install/kachaka_interfaces/share/kachaka_interfaces/cmake/kachaka_interfaces__rosidl_typesupport_introspection_cppExport-noconfig.cmake
[0.990s] -- Up-to-date: /home/weichen/project/kachaka/kachaka_ws/install/kachaka_interfaces/share/kachaka_interfaces/cmake/kachaka_interfaces__rosidl_typesupport_cppExport.cmake
[0.990s] -- Up-to-date: /home/weichen/project/kachaka/kachaka_ws/install/kachaka_interfaces/share/kachaka_interfaces/cmake/kachaka_interfaces__rosidl_typesupport_cppExport-noconfig.cmake
[0.992s] -- Up-to-date: /home/weichen/project/kachaka/kachaka_ws/install/kachaka_interfaces/share/kachaka_interfaces/cmake/export_kachaka_interfaces__rosidl_generator_pyExport.cmake
[0.992s] -- Up-to-date: /home/weichen/project/kachaka/kachaka_ws/install/kachaka_interfaces/share/kachaka_interfaces/cmake/export_kachaka_interfaces__rosidl_generator_pyExport-noconfig.cmake
[0.993s] -- Up-to-date: /home/weichen/project/kachaka/kachaka_ws/install/kachaka_interfaces/share/kachaka_interfaces/cmake/rosidl_cmake-extras.cmake
[0.993s] -- Up-to-date: /home/weichen/project/kachaka/kachaka_ws/install/kachaka_interfaces/share/kachaka_interfaces/cmake/ament_cmake_export_dependencies-extras.cmake
[0.993s] -- Up-to-date: /home/weichen/project/kachaka/kachaka_ws/install/kachaka_interfaces/share/kachaka_interfaces/cmake/ament_cmake_export_include_directories-extras.cmake
[0.993s] -- Up-to-date: /home/weichen/project/kachaka/kachaka_ws/install/kachaka_interfaces/share/kachaka_interfaces/cmake/ament_cmake_export_libraries-extras.cmake
[0.993s] -- Up-to-date: /home/weichen/project/kachaka/kachaka_ws/install/kachaka_interfaces/share/kachaka_interfaces/cmake/ament_cmake_export_targets-extras.cmake
[0.994s] -- Up-to-date: /home/weichen/project/kachaka/kachaka_ws/install/kachaka_interfaces/share/kachaka_interfaces/cmake/rosidl_cmake_export_typesupport_targets-extras.cmake
[0.994s] -- Up-to-date: /home/weichen/project/kachaka/kachaka_ws/install/kachaka_interfaces/share/kachaka_interfaces/cmake/rosidl_cmake_export_typesupport_libraries-extras.cmake
[0.994s] -- Up-to-date: /home/weichen/project/kachaka/kachaka_ws/install/kachaka_interfaces/share/kachaka_interfaces/cmake/kachaka_interfacesConfig.cmake
[0.994s] -- Up-to-date: /home/weichen/project/kachaka/kachaka_ws/install/kachaka_interfaces/share/kachaka_interfaces/cmake/kachaka_interfacesConfig-version.cmake
[0.994s] -- Up-to-date: /home/weichen/project/kachaka/kachaka_ws/install/kachaka_interfaces/share/kachaka_interfaces/package.xml
[0.999s] Invoked command in '/home/weichen/project/kachaka/kachaka_ws/build/kachaka_interfaces' returned '0': CMAKE_PREFIX_PATH=/opt/ros/humble /usr/bin/cmake --install /home/weichen/project/kachaka/kachaka_ws/build/kachaka_interfaces
