[0.057s] Invoking command in '/home/weichen/project/kachaka/kachaka_ws/build/kachaka_nav2_bringup': CMAKE_PREFIX_PATH=/opt/ros/humble /usr/bin/cmake --build /home/weichen/project/kachaka/kachaka_ws/build/kachaka_nav2_bringup -- -j16 -l16
[0.573s] Invoked command in '/home/weichen/project/kachaka/kachaka_ws/build/kachaka_nav2_bringup' returned '0': CMAKE_PREFIX_PATH=/opt/ros/humble /usr/bin/cmake --build /home/weichen/project/kachaka/kachaka_ws/build/kachaka_nav2_bringup -- -j16 -l16
[0.585s] Invoking command in '/home/weichen/project/kachaka/kachaka_ws/build/kachaka_nav2_bringup': CMAKE_PREFIX_PATH=/opt/ros/humble /usr/bin/cmake --install /home/weichen/project/kachaka/kachaka_ws/build/kachaka_nav2_bringup
[0.600s] -- Install configuration: "Release"
[0.600s] -- Up-to-date: /home/weichen/project/kachaka/kachaka_ws/install/kachaka_nav2_bringup/share/kachaka_nav2_bringup/launch
[0.601s] -- Up-to-date: /home/weichen/project/kachaka/kachaka_ws/install/kachaka_nav2_bringup/share/kachaka_nav2_bringup/launch/navigation_launch.py
[0.601s] -- Up-to-date: /home/weichen/project/kachaka/kachaka_ws/install/kachaka_nav2_bringup/share/kachaka_nav2_bringup/rviz
[0.601s] -- Up-to-date: /home/weichen/project/kachaka/kachaka_ws/install/kachaka_nav2_bringup/share/kachaka_nav2_bringup/rviz/kachaka-nav.rviz
[0.602s] -- Up-to-date: /home/weichen/project/kachaka/kachaka_ws/install/kachaka_nav2_bringup/share/kachaka_nav2_bringup/params
[0.603s] -- Installing: /home/weichen/project/kachaka/kachaka_ws/install/kachaka_nav2_bringup/share/kachaka_nav2_bringup/params/nav2_params.yaml
[0.604s] -- Up-to-date: /home/weichen/project/kachaka/kachaka_ws/install/kachaka_nav2_bringup/share/ament_index/resource_index/package_run_dependencies/kachaka_nav2_bringup
[0.605s] -- Up-to-date: /home/weichen/project/kachaka/kachaka_ws/install/kachaka_nav2_bringup/share/ament_index/resource_index/parent_prefix_path/kachaka_nav2_bringup
[0.605s] -- Up-to-date: /home/weichen/project/kachaka/kachaka_ws/install/kachaka_nav2_bringup/share/kachaka_nav2_bringup/environment/ament_prefix_path.sh
[0.605s] -- Up-to-date: /home/weichen/project/kachaka/kachaka_ws/install/kachaka_nav2_bringup/share/kachaka_nav2_bringup/environment/ament_prefix_path.dsv
[0.606s] -- Up-to-date: /home/weichen/project/kachaka/kachaka_ws/install/kachaka_nav2_bringup/share/kachaka_nav2_bringup/environment/path.sh
[0.606s] -- Up-to-date: /home/weichen/project/kachaka/kachaka_ws/install/kachaka_nav2_bringup/share/kachaka_nav2_bringup/environment/path.dsv
[0.606s] -- Up-to-date: /home/weichen/project/kachaka/kachaka_ws/install/kachaka_nav2_bringup/share/kachaka_nav2_bringup/local_setup.bash
[0.607s] -- Up-to-date: /home/weichen/project/kachaka/kachaka_ws/install/kachaka_nav2_bringup/share/kachaka_nav2_bringup/local_setup.sh
[0.607s] -- Up-to-date: /home/weichen/project/kachaka/kachaka_ws/install/kachaka_nav2_bringup/share/kachaka_nav2_bringup/local_setup.zsh
[0.609s] -- Up-to-date: /home/weichen/project/kachaka/kachaka_ws/install/kachaka_nav2_bringup/share/kachaka_nav2_bringup/local_setup.dsv
[0.610s] -- Up-to-date: /home/weichen/project/kachaka/kachaka_ws/install/kachaka_nav2_bringup/share/kachaka_nav2_bringup/package.dsv
[0.610s] -- Up-to-date: /home/weichen/project/kachaka/kachaka_ws/install/kachaka_nav2_bringup/share/ament_index/resource_index/packages/kachaka_nav2_bringup
[0.610s] -- Up-to-date: /home/weichen/project/kachaka/kachaka_ws/install/kachaka_nav2_bringup/share/kachaka_nav2_bringup/cmake/kachaka_nav2_bringupConfig.cmake
[0.610s] -- Up-to-date: /home/weichen/project/kachaka/kachaka_ws/install/kachaka_nav2_bringup/share/kachaka_nav2_bringup/cmake/kachaka_nav2_bringupConfig-version.cmake
[0.610s] -- Up-to-date: /home/weichen/project/kachaka/kachaka_ws/install/kachaka_nav2_bringup/share/kachaka_nav2_bringup/package.xml
[0.613s] Invoked command in '/home/weichen/project/kachaka/kachaka_ws/build/kachaka_nav2_bringup' returned '0': CMAKE_PREFIX_PATH=/opt/ros/humble /usr/bin/cmake --install /home/weichen/project/kachaka/kachaka_ws/build/kachaka_nav2_bringup
