[35m[1mConsolidate compiler generated dependencies of target hand_recognition_node[0m
[100%] Built target hand_recognition_node
-- Install configuration: ""
-- Up-to-date: /home/weichen/project/kachaka/kachaka_ws/install/kachaka_vision/lib/kachaka_vision/hand_recognition_node
-- Up-to-date: /home/weichen/project/kachaka/kachaka_ws/install/kachaka_vision/share/ament_index/resource_index/package_run_dependencies/kachaka_vision
-- Up-to-date: /home/weichen/project/kachaka/kachaka_ws/install/kachaka_vision/share/ament_index/resource_index/parent_prefix_path/kachaka_vision
-- Up-to-date: /home/weichen/project/kachaka/kachaka_ws/install/kachaka_vision/share/kachaka_vision/environment/ament_prefix_path.sh
-- Up-to-date: /home/weichen/project/kachaka/kachaka_ws/install/kachaka_vision/share/kachaka_vision/environment/ament_prefix_path.dsv
-- Up-to-date: /home/weichen/project/kachaka/kachaka_ws/install/kachaka_vision/share/kachaka_vision/environment/path.sh
-- Up-to-date: /home/weichen/project/kachaka/kachaka_ws/install/kachaka_vision/share/kachaka_vision/environment/path.dsv
-- Up-to-date: /home/weichen/project/kachaka/kachaka_ws/install/kachaka_vision/share/kachaka_vision/local_setup.bash
-- Up-to-date: /home/weichen/project/kachaka/kachaka_ws/install/kachaka_vision/share/kachaka_vision/local_setup.sh
-- Up-to-date: /home/weichen/project/kachaka/kachaka_ws/install/kachaka_vision/share/kachaka_vision/local_setup.zsh
-- Up-to-date: /home/weichen/project/kachaka/kachaka_ws/install/kachaka_vision/share/kachaka_vision/local_setup.dsv
-- Installing: /home/weichen/project/kachaka/kachaka_ws/install/kachaka_vision/share/kachaka_vision/package.dsv
-- Up-to-date: /home/weichen/project/kachaka/kachaka_ws/install/kachaka_vision/share/ament_index/resource_index/packages/kachaka_vision
-- Up-to-date: /home/weichen/project/kachaka/kachaka_ws/install/kachaka_vision/share/kachaka_vision/cmake/kachaka_visionConfig.cmake
-- Up-to-date: /home/weichen/project/kachaka/kachaka_ws/install/kachaka_vision/share/kachaka_vision/cmake/kachaka_visionConfig-version.cmake
-- Up-to-date: /home/weichen/project/kachaka/kachaka_ws/install/kachaka_vision/share/kachaka_vision/package.xml
-- Up-to-date: /home/weichen/project/kachaka/kachaka_ws/install/kachaka_vision/share/kachaka_vision//launch
-- Up-to-date: /home/weichen/project/kachaka/kachaka_ws/install/kachaka_vision/share/kachaka_vision//launch/hand_recognition_launch.py
-- Up-to-date: /home/weichen/project/kachaka/kachaka_ws/install/kachaka_vision/share/kachaka_vision//config
-- Up-to-date: /home/weichen/project/kachaka/kachaka_ws/install/kachaka_vision/share/kachaka_vision//config/.gitignore
